[ 2017-05-02T18:49:42+08:00 ] 127.0.0.1 /liweilincm/app.php/Home/Index/add
INFO: [ app_init ] --START--
INFO: Run Behavior\BuildLiteBehavior [ RunTime:0.000018s ]
INFO: [ app_init ] --END-- [ RunTime:0.000115s ]
INFO: [ app_begin ] --START--
INFO: Run Behavior\ReadHtmlCacheBehavior [ RunTime:0.000062s ]
INFO: [ app_begin ] --END-- [ RunTime:0.000114s ]
SQL: SHOW COLUMNS FROM `gra_kind` [ RunTime:0.0266s ]
SQL: SELECT * FROM `gra_kind`  [ RunTime:0.0003s ]
INFO: [ view_parse ] --START--
INFO: [ template_filter ] --START--
INFO: Run Behavior\ContentReplaceBehavior [ RunTime:0.000048s ]
INFO: [ template_filter ] --END-- [ RunTime:0.000094s ]
NOTIC: [8] Use of undefined constant kid - assumed 'kid' /var/www/html/liweilincm/Application/Runtime/Cache/Home/9e813abae1caaee9dc569b2203dfaae4.php 第 32 行.
NOTIC: [8] Use of undefined constant kname - assumed 'kname' /var/www/html/liweilincm/Application/Runtime/Cache/Home/9e813abae1caaee9dc569b2203dfaae4.php 第 32 行.
NOTIC: [8] Use of undefined constant kid - assumed 'kid' /var/www/html/liweilincm/Application/Runtime/Cache/Home/9e813abae1caaee9dc569b2203dfaae4.php 第 32 行.
NOTIC: [8] Use of undefined constant kname - assumed 'kname' /var/www/html/liweilincm/Application/Runtime/Cache/Home/9e813abae1caaee9dc569b2203dfaae4.php 第 32 行.
INFO: Run Behavior\ParseTemplateBehavior [ RunTime:0.011740s ]
INFO: [ view_parse ] --END-- [ RunTime:0.011773s ]
INFO: [ view_filter ] --START--
INFO: Run Behavior\WriteHtmlCacheBehavior [ RunTime:0.000216s ]
INFO: [ view_filter ] --END-- [ RunTime:0.000246s ]
INFO: [ app_end ] --START--
INFO: Run Behavior\ShowPageTraceBehavior [ RunTime:0.000043s ]
INFO: [ app_end ] --END-- [ RunTime:0.000070s ]

[ 2017-05-02T18:49:49+08:00 ] 127.0.0.1 /liweilincm/app.php/Home
INFO: [ app_init ] --START--
INFO: Run Behavior\BuildLiteBehavior [ RunTime:0.000030s ]
INFO: [ app_init ] --END-- [ RunTime:0.000246s ]
INFO: [ app_begin ] --START--
INFO: Run Behavior\ReadHtmlCacheBehavior [ RunTime:0.000100s ]
INFO: [ app_begin ] --END-- [ RunTime:0.000222s ]
INFO: [ view_parse ] --START--
INFO: [ template_filter ] --START--
INFO: Run Behavior\ContentReplaceBehavior [ RunTime:0.000173s ]
INFO: [ template_filter ] --END-- [ RunTime:0.000361s ]
INFO: Run Behavior\ParseTemplateBehavior [ RunTime:0.004914s ]
INFO: [ view_parse ] --END-- [ RunTime:0.005108s ]
INFO: [ view_filter ] --START--
INFO: Run Behavior\WriteHtmlCacheBehavior [ RunTime:0.000068s ]
INFO: [ view_filter ] --END-- [ RunTime:0.000112s ]
INFO: [ app_end ] --START--
INFO: Run Behavior\ShowPageTraceBehavior [ RunTime:0.000058s ]
INFO: [ app_end ] --END-- [ RunTime:0.000104s ]

[ 2017-05-02T18:50:02+08:00 ] 127.0.0.1 /liweilincm/app.php/Home/Public/dologin
INFO: [ app_init ] --START--
INFO: Run Behavior\BuildLiteBehavior [ RunTime:0.000024s ]
INFO: [ app_init ] --END-- [ RunTime:0.000217s ]
INFO: [ app_begin ] --START--
INFO: Run Behavior\ReadHtmlCacheBehavior [ RunTime:0.000076s ]
INFO: [ app_begin ] --END-- [ RunTime:0.000143s ]
SQL: SHOW COLUMNS FROM `gra_user` [ RunTime:0.0337s ]
SQL: SELECT * FROM `gra_user` WHERE `username` = 'nightwaking' LIMIT 1   [ RunTime:0.0826s ]
NOTIC: [8] Undefined index: id /var/www/html/liweilincm/Application/Home/Controller/PublicController.class.php 第 50 行.
SQL: UPDATE `gra_user` SET `username`='nightwaking',`pwd`='a9986595098961f0eb08958b06bcbe62',`email`='1105468795@qq.com',`lasttime`='2017-05-02 18:50:02',`regtime`='2017-04-06',`type`='1',`mobile`='18511884152' WHERE `uid` = 1 [ RunTime:0.0967s ]
INFO: [ view_parse ] --START--
INFO: [ template_filter ] --START--
INFO: Run Behavior\ContentReplaceBehavior [ RunTime:0.000133s ]
INFO: [ template_filter ] --END-- [ RunTime:0.000244s ]
INFO: Run Behavior\ParseTemplateBehavior [ RunTime:0.004899s ]
INFO: [ view_parse ] --END-- [ RunTime:0.005099s ]
INFO: [ view_filter ] --START--
INFO: Run Behavior\WriteHtmlCacheBehavior [ RunTime:0.000235s ]
INFO: [ view_filter ] --END-- [ RunTime:0.000355s ]
INFO: [ app_end ] --START--
INFO: Run Behavior\ShowPageTraceBehavior [ RunTime:0.000208s ]
INFO: [ app_end ] --END-- [ RunTime:0.000315s ]

[ 2017-05-02T18:50:03+08:00 ] 127.0.0.1 /liweilincm/app.php/Home/Index/index
INFO: [ app_init ] --START--
INFO: Run Behavior\BuildLiteBehavior [ RunTime:0.000011s ]
INFO: [ app_init ] --END-- [ RunTime:0.000070s ]
INFO: [ app_begin ] --START--
INFO: Run Behavior\ReadHtmlCacheBehavior [ RunTime:0.000026s ]
INFO: [ app_begin ] --END-- [ RunTime:0.000055s ]
INFO: [ view_parse ] --START--
INFO: [ template_filter ] --START--
INFO: Run Behavior\ContentReplaceBehavior [ RunTime:0.000148s ]
INFO: [ template_filter ] --END-- [ RunTime:0.000346s ]
INFO: Run Behavior\ParseTemplateBehavior [ RunTime:0.004650s ]
INFO: [ view_parse ] --END-- [ RunTime:0.004691s ]
INFO: [ view_filter ] --START--
INFO: Run Behavior\WriteHtmlCacheBehavior [ RunTime:0.000043s ]
INFO: [ view_filter ] --END-- [ RunTime:0.000069s ]
INFO: [ app_end ] --START--
INFO: Run Behavior\ShowPageTraceBehavior [ RunTime:0.000030s ]
INFO: [ app_end ] --END-- [ RunTime:0.000069s ]

[ 2017-05-02T18:50:03+08:00 ] 127.0.0.1 /liweilincm/app.php/Home/Index/home
INFO: [ app_init ] --START--
INFO: Run Behavior\BuildLiteBehavior [ RunTime:0.000030s ]
INFO: [ app_init ] --END-- [ RunTime:0.000185s ]
INFO: [ app_begin ] --START--
INFO: Run Behavior\ReadHtmlCacheBehavior [ RunTime:0.000178s ]
INFO: [ app_begin ] --END-- [ RunTime:0.000306s ]
SQL: SHOW COLUMNS FROM `gra_user` [ RunTime:0.0008s ]
NOTIC: [8] Undefined variable: where /var/www/html/liweilincm/Application/Home/Controller/IndexController.class.php 第 30 行.
SQL: SELECT COUNT(*) AS tp_count FROM `gra_user` LIMIT 1   [ RunTime:0.0288s ]
NOTIC: [8] Undefined variable: where /var/www/html/liweilincm/Application/Home/Controller/IndexController.class.php 第 35 行.
SQL: SELECT * FROM `gra_user` ORDER BY `uid` LIMIT 0,20   [ RunTime:0.0005s ]
INFO: [ view_parse ] --START--
INFO: [ template_filter ] --START--
INFO: Run Behavior\ContentReplaceBehavior [ RunTime:0.000077s ]
INFO: [ template_filter ] --END-- [ RunTime:0.000155s ]
NOTIC: [8] Undefined index: sid /var/www/html/liweilincm/Application/Runtime/Cache/Home/39b332e5f8883cb2938d6d989e0f6c27.php 第 48 行.
NOTIC: [8] Undefined index: sid /var/www/html/liweilincm/Application/Runtime/Cache/Home/39b332e5f8883cb2938d6d989e0f6c27.php 第 48 行.
NOTIC: [8] Undefined index: sid /var/www/html/liweilincm/Application/Runtime/Cache/Home/39b332e5f8883cb2938d6d989e0f6c27.php 第 48 行.
NOTIC: [8] Undefined index: sid /var/www/html/liweilincm/Application/Runtime/Cache/Home/39b332e5f8883cb2938d6d989e0f6c27.php 第 48 行.
NOTIC: [8] Undefined index: sid /var/www/html/liweilincm/Application/Runtime/Cache/Home/39b332e5f8883cb2938d6d989e0f6c27.php 第 48 行.
INFO: Run Behavior\ParseTemplateBehavior [ RunTime:0.005562s ]
INFO: [ view_parse ] --END-- [ RunTime:0.005637s ]
INFO: [ view_filter ] --START--
INFO: Run Behavior\WriteHtmlCacheBehavior [ RunTime:0.000071s ]
INFO: [ view_filter ] --END-- [ RunTime:0.000116s ]
INFO: [ app_end ] --START--
INFO: Run Behavior\ShowPageTraceBehavior [ RunTime:0.000049s ]
INFO: [ app_end ] --END-- [ RunTime:0.000096s ]

[ 2017-05-02T18:50:42+08:00 ] 127.0.0.1 /liweilincm/app.php/Home/Index/home
INFO: [ app_init ] --START--
INFO: Run Behavior\BuildLiteBehavior [ RunTime:0.000018s ]
INFO: [ app_init ] --END-- [ RunTime:0.000166s ]
INFO: [ app_begin ] --START--
INFO: Run Behavior\ReadHtmlCacheBehavior [ RunTime:0.000054s ]
INFO: [ app_begin ] --END-- [ RunTime:0.000098s ]
SQL: SHOW COLUMNS FROM `gra_user` [ RunTime:0.0010s ]
SQL: SELECT COUNT(*) AS tp_count FROM `gra_user` WHERE `uid` = 1 LIMIT 1   [ RunTime:0.0012s ]
SQL: SELECT * FROM `gra_user` WHERE `uid` = 1 ORDER BY `uid` LIMIT 0,20   [ RunTime:0.0007s ]
INFO: [ view_parse ] --START--
INFO: [ template_filter ] --START--
INFO: Run Behavior\ContentReplaceBehavior [ RunTime:0.000115s ]
INFO: [ template_filter ] --END-- [ RunTime:0.000269s ]
NOTIC: [8] Undefined index: sid /var/www/html/liweilincm/Application/Runtime/Cache/Home/39b332e5f8883cb2938d6d989e0f6c27.php 第 48 行.
INFO: Run Behavior\ParseTemplateBehavior [ RunTime:0.005160s ]
INFO: [ view_parse ] --END-- [ RunTime:0.005211s ]
INFO: [ view_filter ] --START--
INFO: Run Behavior\WriteHtmlCacheBehavior [ RunTime:0.000051s ]
INFO: [ view_filter ] --END-- [ RunTime:0.000083s ]
INFO: [ app_end ] --START--
INFO: Run Behavior\ShowPageTraceBehavior [ RunTime:0.000045s ]
INFO: [ app_end ] --END-- [ RunTime:0.000078s ]

[ 2017-05-02T18:50:46+08:00 ] 127.0.0.1 /liweilincm/app.php/Home/Index/home
INFO: [ app_init ] --START--
INFO: Run Behavior\BuildLiteBehavior [ RunTime:0.000017s ]
INFO: [ app_init ] --END-- [ RunTime:0.000116s ]
INFO: [ app_begin ] --START--
INFO: Run Behavior\ReadHtmlCacheBehavior [ RunTime:0.000054s ]
INFO: [ app_begin ] --END-- [ RunTime:0.000107s ]
SQL: SHOW COLUMNS FROM `gra_user` [ RunTime:0.0009s ]
NOTIC: [8] Undefined variable: where /var/www/html/liweilincm/Application/Home/Controller/IndexController.class.php 第 30 行.
SQL: SELECT COUNT(*) AS tp_count FROM `gra_user` LIMIT 1   [ RunTime:0.0003s ]
NOTIC: [8] Undefined variable: where /var/www/html/liweilincm/Application/Home/Controller/IndexController.class.php 第 35 行.
SQL: SELECT * FROM `gra_user` ORDER BY `uid` LIMIT 0,20   [ RunTime:0.0005s ]
INFO: [ view_parse ] --START--
INFO: [ template_filter ] --START--
INFO: Run Behavior\ContentReplaceBehavior [ RunTime:0.000119s ]
INFO: [ template_filter ] --END-- [ RunTime:0.000249s ]
NOTIC: [8] Undefined index: sid /var/www/html/liweilincm/Application/Runtime/Cache/Home/39b332e5f8883cb2938d6d989e0f6c27.php 第 48 行.
NOTIC: [8] Undefined index: sid /var/www/html/liweilincm/Application/Runtime/Cache/Home/39b332e5f8883cb2938d6d989e0f6c27.php 第 48 行.
NOTIC: [8] Undefined index: sid /var/www/html/liweilincm/Application/Runtime/Cache/Home/39b332e5f8883cb2938d6d989e0f6c27.php 第 48 行.
NOTIC: [8] Undefined index: sid /var/www/html/liweilincm/Application/Runtime/Cache/Home/39b332e5f8883cb2938d6d989e0f6c27.php 第 48 行.
NOTIC: [8] Undefined index: sid /var/www/html/liweilincm/Application/Runtime/Cache/Home/39b332e5f8883cb2938d6d989e0f6c27.php 第 48 行.
INFO: Run Behavior\ParseTemplateBehavior [ RunTime:0.008769s ]
INFO: [ view_parse ] --END-- [ RunTime:0.008827s ]
INFO: [ view_filter ] --START--
INFO: Run Behavior\WriteHtmlCacheBehavior [ RunTime:0.000047s ]
INFO: [ view_filter ] --END-- [ RunTime:0.000074s ]
INFO: [ app_end ] --START--
INFO: Run Behavior\ShowPageTraceBehavior [ RunTime:0.000029s ]
INFO: [ app_end ] --END-- [ RunTime:0.000054s ]

[ 2017-05-02T18:50:51+08:00 ] 127.0.0.1 /liweilincm/app.php/Home/Index/home
INFO: [ app_init ] --START--
INFO: Run Behavior\BuildLiteBehavior [ RunTime:0.000013s ]
INFO: [ app_init ] --END-- [ RunTime:0.000104s ]
INFO: [ app_begin ] --START--
INFO: Run Behavior\ReadHtmlCacheBehavior [ RunTime:0.000044s ]
INFO: [ app_begin ] --END-- [ RunTime:0.000098s ]
SQL: SHOW COLUMNS FROM `gra_user` [ RunTime:0.0009s ]
NOTIC: [8] Undefined variable: where /var/www/html/liweilincm/Application/Home/Controller/IndexController.class.php 第 30 行.
SQL: SELECT COUNT(*) AS tp_count FROM `gra_user` LIMIT 1   [ RunTime:0.0002s ]
NOTIC: [8] Undefined variable: where /var/www/html/liweilincm/Application/Home/Controller/IndexController.class.php 第 35 行.
SQL: SELECT * FROM `gra_user` ORDER BY `uid` LIMIT 0,20   [ RunTime:0.0004s ]
INFO: [ view_parse ] --START--
INFO: [ template_filter ] --START--
INFO: Run Behavior\ContentReplaceBehavior [ RunTime:0.000113s ]
INFO: [ template_filter ] --END-- [ RunTime:0.000224s ]
NOTIC: [8] Undefined index: sid /var/www/html/liweilincm/Application/Runtime/Cache/Home/39b332e5f8883cb2938d6d989e0f6c27.php 第 48 行.
NOTIC: [8] Undefined index: sid /var/www/html/liweilincm/Application/Runtime/Cache/Home/39b332e5f8883cb2938d6d989e0f6c27.php 第 48 行.
NOTIC: [8] Undefined index: sid /var/www/html/liweilincm/Application/Runtime/Cache/Home/39b332e5f8883cb2938d6d989e0f6c27.php 第 48 行.
NOTIC: [8] Undefined index: sid /var/www/html/liweilincm/Application/Runtime/Cache/Home/39b332e5f8883cb2938d6d989e0f6c27.php 第 48 行.
NOTIC: [8] Undefined index: sid /var/www/html/liweilincm/Application/Runtime/Cache/Home/39b332e5f8883cb2938d6d989e0f6c27.php 第 48 行.
INFO: Run Behavior\ParseTemplateBehavior [ RunTime:0.005108s ]
INFO: [ view_parse ] --END-- [ RunTime:0.005172s ]
INFO: [ view_filter ] --START--
INFO: Run Behavior\WriteHtmlCacheBehavior [ RunTime:0.000075s ]
INFO: [ view_filter ] --END-- [ RunTime:0.000124s ]
INFO: [ app_end ] --START--
INFO: Run Behavior\ShowPageTraceBehavior [ RunTime:0.000073s ]
INFO: [ app_end ] --END-- [ RunTime:0.000128s ]

[ 2017-05-02T18:50:56+08:00 ] 127.0.0.1 /liweilincm/app.php/Home/Index/home
INFO: [ app_init ] --START--
INFO: Run Behavior\BuildLiteBehavior [ RunTime:0.000040s ]
INFO: [ app_init ] --END-- [ RunTime:0.000377s ]
INFO: [ app_begin ] --START--
INFO: Run Behavior\ReadHtmlCacheBehavior [ RunTime:0.000132s ]
INFO: [ app_begin ] --END-- [ RunTime:0.000275s ]
SQL: SHOW COLUMNS FROM `gra_user` [ RunTime:0.0021s ]
NOTIC: [8] Undefined variable: where /var/www/html/liweilincm/Application/Home/Controller/IndexController.class.php 第 30 行.
SQL: SELECT COUNT(*) AS tp_count FROM `gra_user` LIMIT 1   [ RunTime:0.0003s ]
NOTIC: [8] Undefined variable: where /var/www/html/liweilincm/Application/Home/Controller/IndexController.class.php 第 35 行.
SQL: SELECT * FROM `gra_user` ORDER BY `uid` LIMIT 0,20   [ RunTime:0.0003s ]
INFO: [ view_parse ] --START--
INFO: [ template_filter ] --START--
INFO: Run Behavior\ContentReplaceBehavior [ RunTime:0.000054s ]
INFO: [ template_filter ] --END-- [ RunTime:0.000110s ]
NOTIC: [8] Undefined index: sid /var/www/html/liweilincm/Application/Runtime/Cache/Home/39b332e5f8883cb2938d6d989e0f6c27.php 第 48 行.
NOTIC: [8] Undefined index: sid /var/www/html/liweilincm/Application/Runtime/Cache/Home/39b332e5f8883cb2938d6d989e0f6c27.php 第 48 行.
NOTIC: [8] Undefined index: sid /var/www/html/liweilincm/Application/Runtime/Cache/Home/39b332e5f8883cb2938d6d989e0f6c27.php 第 48 行.
NOTIC: [8] Undefined index: sid /var/www/html/liweilincm/Application/Runtime/Cache/Home/39b332e5f8883cb2938d6d989e0f6c27.php 第 48 行.
NOTIC: [8] Undefined index: sid /var/www/html/liweilincm/Application/Runtime/Cache/Home/39b332e5f8883cb2938d6d989e0f6c27.php 第 48 行.
INFO: Run Behavior\ParseTemplateBehavior [ RunTime:0.004410s ]
INFO: [ view_parse ] --END-- [ RunTime:0.004474s ]
INFO: [ view_filter ] --START--
INFO: Run Behavior\WriteHtmlCacheBehavior [ RunTime:0.000061s ]
INFO: [ view_filter ] --END-- [ RunTime:0.000103s ]
INFO: [ app_end ] --START--
INFO: Run Behavior\ShowPageTraceBehavior [ RunTime:0.000046s ]
INFO: [ app_end ] --END-- [ RunTime:0.000078s ]

[ 2017-05-02T18:51:07+08:00 ] 127.0.0.1 /liweilincm/app.php/Home/Index/index
INFO: [ app_init ] --START--
INFO: Run Behavior\BuildLiteBehavior [ RunTime:0.000021s ]
INFO: [ app_init ] --END-- [ RunTime:0.000161s ]
INFO: [ app_begin ] --START--
INFO: Run Behavior\ReadHtmlCacheBehavior [ RunTime:0.000041s ]
INFO: [ app_begin ] --END-- [ RunTime:0.000097s ]
INFO: [ view_parse ] --START--
INFO: [ template_filter ] --START--
INFO: Run Behavior\ContentReplaceBehavior [ RunTime:0.000051s ]
INFO: [ template_filter ] --END-- [ RunTime:0.000108s ]
INFO: Run Behavior\ParseTemplateBehavior [ RunTime:0.003065s ]
INFO: [ view_parse ] --END-- [ RunTime:0.003124s ]
INFO: [ view_filter ] --START--
INFO: Run Behavior\WriteHtmlCacheBehavior [ RunTime:0.000042s ]
INFO: [ view_filter ] --END-- [ RunTime:0.000070s ]
INFO: [ app_end ] --START--
INFO: Run Behavior\ShowPageTraceBehavior [ RunTime:0.000033s ]
INFO: [ app_end ] --END-- [ RunTime:0.000065s ]

[ 2017-05-02T18:51:07+08:00 ] 127.0.0.1 /liweilincm/app.php/Home/Index/home
INFO: [ app_init ] --START--
INFO: Run Behavior\BuildLiteBehavior [ RunTime:0.000019s ]
INFO: [ app_init ] --END-- [ RunTime:0.000113s ]
INFO: [ app_begin ] --START--
INFO: Run Behavior\ReadHtmlCacheBehavior [ RunTime:0.000044s ]
INFO: [ app_begin ] --END-- [ RunTime:0.000092s ]
SQL: SHOW COLUMNS FROM `gra_user` [ RunTime:0.0008s ]
NOTIC: [8] Undefined variable: where /var/www/html/liweilincm/Application/Home/Controller/IndexController.class.php 第 30 行.
SQL: SELECT COUNT(*) AS tp_count FROM `gra_user` LIMIT 1   [ RunTime:0.0003s ]
NOTIC: [8] Undefined variable: where /var/www/html/liweilincm/Application/Home/Controller/IndexController.class.php 第 35 行.
SQL: SELECT * FROM `gra_user` ORDER BY `uid` LIMIT 0,20   [ RunTime:0.0018s ]
INFO: [ view_parse ] --START--
INFO: [ template_filter ] --START--
INFO: Run Behavior\ContentReplaceBehavior [ RunTime:0.000058s ]
INFO: [ template_filter ] --END-- [ RunTime:0.000123s ]
NOTIC: [8] Undefined index: sid /var/www/html/liweilincm/Application/Runtime/Cache/Home/39b332e5f8883cb2938d6d989e0f6c27.php 第 48 行.
NOTIC: [8] Undefined index: sid /var/www/html/liweilincm/Application/Runtime/Cache/Home/39b332e5f8883cb2938d6d989e0f6c27.php 第 48 行.
NOTIC: [8] Undefined index: sid /var/www/html/liweilincm/Application/Runtime/Cache/Home/39b332e5f8883cb2938d6d989e0f6c27.php 第 48 行.
NOTIC: [8] Undefined index: sid /var/www/html/liweilincm/Application/Runtime/Cache/Home/39b332e5f8883cb2938d6d989e0f6c27.php 第 48 行.
NOTIC: [8] Undefined index: sid /var/www/html/liweilincm/Application/Runtime/Cache/Home/39b332e5f8883cb2938d6d989e0f6c27.php 第 48 行.
INFO: Run Behavior\ParseTemplateBehavior [ RunTime:0.003706s ]
INFO: [ view_parse ] --END-- [ RunTime:0.003768s ]
INFO: [ view_filter ] --START--
INFO: Run Behavior\WriteHtmlCacheBehavior [ RunTime:0.000044s ]
INFO: [ view_filter ] --END-- [ RunTime:0.000070s ]
INFO: [ app_end ] --START--
INFO: Run Behavior\ShowPageTraceBehavior [ RunTime:0.000029s ]
INFO: [ app_end ] --END-- [ RunTime:0.000056s ]

[ 2017-05-02T18:51:11+08:00 ] 127.0.0.1 /liweilincm/app.php/Home/Index/home
INFO: [ app_init ] --START--
INFO: Run Behavior\BuildLiteBehavior [ RunTime:0.000029s ]
INFO: [ app_init ] --END-- [ RunTime:0.000193s ]
INFO: [ app_begin ] --START--
INFO: Run Behavior\ReadHtmlCacheBehavior [ RunTime:0.000084s ]
INFO: [ app_begin ] --END-- [ RunTime:0.000178s ]
SQL: SHOW COLUMNS FROM `gra_user` [ RunTime:0.0011s ]
NOTIC: [8] Undefined variable: useer_name /var/www/html/liweilincm/Application/Home/Controller/IndexController.class.php 第 27 行.
SQL: SELECT COUNT(*) AS tp_count FROM `gra_user` WHERE `username` LIKE '%%' LIMIT 1   [ RunTime:0.0004s ]
SQL: SELECT * FROM `gra_user` WHERE `username` LIKE '%%' ORDER BY `uid` LIMIT 0,20   [ RunTime:0.0013s ]
INFO: [ view_parse ] --START--
INFO: [ template_filter ] --START--
INFO: Run Behavior\ContentReplaceBehavior [ RunTime:0.000071s ]
INFO: [ template_filter ] --END-- [ RunTime:0.000140s ]
NOTIC: [8] Undefined index: sid /var/www/html/liweilincm/Application/Runtime/Cache/Home/39b332e5f8883cb2938d6d989e0f6c27.php 第 48 行.
NOTIC: [8] Undefined index: sid /var/www/html/liweilincm/Application/Runtime/Cache/Home/39b332e5f8883cb2938d6d989e0f6c27.php 第 48 行.
NOTIC: [8] Undefined index: sid /var/www/html/liweilincm/Application/Runtime/Cache/Home/39b332e5f8883cb2938d6d989e0f6c27.php 第 48 行.
NOTIC: [8] Undefined index: sid /var/www/html/liweilincm/Application/Runtime/Cache/Home/39b332e5f8883cb2938d6d989e0f6c27.php 第 48 行.
NOTIC: [8] Undefined index: sid /var/www/html/liweilincm/Application/Runtime/Cache/Home/39b332e5f8883cb2938d6d989e0f6c27.php 第 48 行.
INFO: Run Behavior\ParseTemplateBehavior [ RunTime:0.005629s ]
INFO: [ view_parse ] --END-- [ RunTime:0.005689s ]
INFO: [ view_filter ] --START--
INFO: Run Behavior\WriteHtmlCacheBehavior [ RunTime:0.000058s ]
INFO: [ view_filter ] --END-- [ RunTime:0.000100s ]
INFO: [ app_end ] --START--
INFO: Run Behavior\ShowPageTraceBehavior [ RunTime:0.000046s ]
INFO: [ app_end ] --END-- [ RunTime:0.000090s ]

[ 2017-05-02T18:51:14+08:00 ] 127.0.0.1 /liweilincm/app.php/Home/Index/home
INFO: [ app_init ] --START--
INFO: Run Behavior\BuildLiteBehavior [ RunTime:0.000012s ]
INFO: [ app_init ] --END-- [ RunTime:0.000089s ]
INFO: [ app_begin ] --START--
INFO: Run Behavior\ReadHtmlCacheBehavior [ RunTime:0.000034s ]
INFO: [ app_begin ] --END-- [ RunTime:0.000073s ]
SQL: SHOW COLUMNS FROM `gra_user` [ RunTime:0.0009s ]
NOTIC: [8] Undefined variable: useer_name /var/www/html/liweilincm/Application/Home/Controller/IndexController.class.php 第 27 行.
SQL: SELECT COUNT(*) AS tp_count FROM `gra_user` WHERE `username` LIKE '%%' LIMIT 1   [ RunTime:0.0005s ]
SQL: SELECT * FROM `gra_user` WHERE `username` LIKE '%%' ORDER BY `uid` LIMIT 0,20   [ RunTime:0.0004s ]
INFO: [ view_parse ] --START--
INFO: [ template_filter ] --START--
INFO: Run Behavior\ContentReplaceBehavior [ RunTime:0.000079s ]
INFO: [ template_filter ] --END-- [ RunTime:0.000194s ]
NOTIC: [8] Undefined index: sid /var/www/html/liweilincm/Application/Runtime/Cache/Home/39b332e5f8883cb2938d6d989e0f6c27.php 第 48 行.
NOTIC: [8] Undefined index: sid /var/www/html/liweilincm/Application/Runtime/Cache/Home/39b332e5f8883cb2938d6d989e0f6c27.php 第 48 行.
NOTIC: [8] Undefined index: sid /var/www/html/liweilincm/Application/Runtime/Cache/Home/39b332e5f8883cb2938d6d989e0f6c27.php 第 48 行.
NOTIC: [8] Undefined index: sid /var/www/html/liweilincm/Application/Runtime/Cache/Home/39b332e5f8883cb2938d6d989e0f6c27.php 第 48 行.
NOTIC: [8] Undefined index: sid /var/www/html/liweilincm/Application/Runtime/Cache/Home/39b332e5f8883cb2938d6d989e0f6c27.php 第 48 行.
INFO: Run Behavior\ParseTemplateBehavior [ RunTime:0.005694s ]
INFO: [ view_parse ] --END-- [ RunTime:0.005755s ]
INFO: [ view_filter ] --START--
INFO: Run Behavior\WriteHtmlCacheBehavior [ RunTime:0.000157s ]
INFO: [ view_filter ] --END-- [ RunTime:0.000227s ]
INFO: [ app_end ] --START--
INFO: Run Behavior\ShowPageTraceBehavior [ RunTime:0.000160s ]
INFO: [ app_end ] --END-- [ RunTime:0.000237s ]

[ 2017-05-02T18:51:18+08:00 ] 127.0.0.1 /liweilincm/app.php/Home/Index/home
INFO: [ app_init ] --START--
INFO: Run Behavior\BuildLiteBehavior [ RunTime:0.000019s ]
INFO: [ app_init ] --END-- [ RunTime:0.000137s ]
INFO: [ app_begin ] --START--
INFO: Run Behavior\ReadHtmlCacheBehavior [ RunTime:0.000072s ]
INFO: [ app_begin ] --END-- [ RunTime:0.000147s ]
SQL: SHOW COLUMNS FROM `gra_user` [ RunTime:0.0008s ]
NOTIC: [8] Undefined variable: useer_name /var/www/html/liweilincm/Application/Home/Controller/IndexController.class.php 第 27 行.
SQL: SELECT COUNT(*) AS tp_count FROM `gra_user` WHERE `username` LIKE '%%' LIMIT 1   [ RunTime:0.0003s ]
SQL: SELECT * FROM `gra_user` WHERE `username` LIKE '%%' ORDER BY `uid` LIMIT 0,20   [ RunTime:0.0003s ]
INFO: [ view_parse ] --START--
INFO: [ template_filter ] --START--
INFO: Run Behavior\ContentReplaceBehavior [ RunTime:0.000079s ]
INFO: [ template_filter ] --END-- [ RunTime:0.000159s ]
NOTIC: [8] Undefined index: sid /var/www/html/liweilincm/Application/Runtime/Cache/Home/39b332e5f8883cb2938d6d989e0f6c27.php 第 48 行.
NOTIC: [8] Undefined index: sid /var/www/html/liweilincm/Application/Runtime/Cache/Home/39b332e5f8883cb2938d6d989e0f6c27.php 第 48 行.
NOTIC: [8] Undefined index: sid /var/www/html/liweilincm/Application/Runtime/Cache/Home/39b332e5f8883cb2938d6d989e0f6c27.php 第 48 行.
NOTIC: [8] Undefined index: sid /var/www/html/liweilincm/Application/Runtime/Cache/Home/39b332e5f8883cb2938d6d989e0f6c27.php 第 48 行.
NOTIC: [8] Undefined index: sid /var/www/html/liweilincm/Application/Runtime/Cache/Home/39b332e5f8883cb2938d6d989e0f6c27.php 第 48 行.
INFO: Run Behavior\ParseTemplateBehavior [ RunTime:0.004724s ]
INFO: [ view_parse ] --END-- [ RunTime:0.004780s ]
INFO: [ view_filter ] --START--
INFO: Run Behavior\WriteHtmlCacheBehavior [ RunTime:0.000044s ]
INFO: [ view_filter ] --END-- [ RunTime:0.000073s ]
INFO: [ app_end ] --START--
INFO: Run Behavior\ShowPageTraceBehavior [ RunTime:0.000051s ]
INFO: [ app_end ] --END-- [ RunTime:0.000120s ]

[ 2017-05-02T18:51:38+08:00 ] 127.0.0.1 /liweilincm/app.php/Home/Index/index
INFO: [ app_init ] --START--
INFO: Run Behavior\BuildLiteBehavior [ RunTime:0.000020s ]
INFO: [ app_init ] --END-- [ RunTime:0.000155s ]
INFO: [ app_begin ] --START--
INFO: Run Behavior\ReadHtmlCacheBehavior [ RunTime:0.000074s ]
INFO: [ app_begin ] --END-- [ RunTime:0.000148s ]
INFO: [ view_parse ] --START--
INFO: [ template_filter ] --START--
INFO: Run Behavior\ContentReplaceBehavior [ RunTime:0.000221s ]
INFO: [ template_filter ] --END-- [ RunTime:0.000453s ]
INFO: Run Behavior\ParseTemplateBehavior [ RunTime:0.005595s ]
INFO: [ view_parse ] --END-- [ RunTime:0.005719s ]
INFO: [ view_filter ] --START--
INFO: Run Behavior\WriteHtmlCacheBehavior [ RunTime:0.000096s ]
INFO: [ view_filter ] --END-- [ RunTime:0.000164s ]
INFO: [ app_end ] --START--
INFO: Run Behavior\ShowPageTraceBehavior [ RunTime:0.000068s ]
INFO: [ app_end ] --END-- [ RunTime:0.000129s ]

[ 2017-05-02T18:51:38+08:00 ] 127.0.0.1 /liweilincm/app.php/Home/Index/home
INFO: [ app_init ] --START--
INFO: Run Behavior\BuildLiteBehavior [ RunTime:0.000022s ]
INFO: [ app_init ] --END-- [ RunTime:0.000138s ]
INFO: [ app_begin ] --START--
INFO: Run Behavior\ReadHtmlCacheBehavior [ RunTime:0.000189s ]
INFO: [ app_begin ] --END-- [ RunTime:0.000411s ]
SQL: SHOW COLUMNS FROM `gra_user` [ RunTime:0.0008s ]
NOTIC: [8] Undefined variable: where /var/www/html/liweilincm/Application/Home/Controller/IndexController.class.php 第 30 行.
SQL: SELECT COUNT(*) AS tp_count FROM `gra_user` LIMIT 1   [ RunTime:0.0002s ]
NOTIC: [8] Undefined variable: where /var/www/html/liweilincm/Application/Home/Controller/IndexController.class.php 第 35 行.
SQL: SELECT * FROM `gra_user` ORDER BY `uid` LIMIT 0,20   [ RunTime:0.0007s ]
INFO: [ view_parse ] --START--
INFO: [ template_filter ] --START--
INFO: Run Behavior\ContentReplaceBehavior [ RunTime:0.000071s ]
INFO: [ template_filter ] --END-- [ RunTime:0.000146s ]
NOTIC: [8] Undefined index: sid /var/www/html/liweilincm/Application/Runtime/Cache/Home/39b332e5f8883cb2938d6d989e0f6c27.php 第 48 行.
NOTIC: [8] Undefined index: sid /var/www/html/liweilincm/Application/Runtime/Cache/Home/39b332e5f8883cb2938d6d989e0f6c27.php 第 48 行.
NOTIC: [8] Undefined index: sid /var/www/html/liweilincm/Application/Runtime/Cache/Home/39b332e5f8883cb2938d6d989e0f6c27.php 第 48 行.
NOTIC: [8] Undefined index: sid /var/www/html/liweilincm/Application/Runtime/Cache/Home/39b332e5f8883cb2938d6d989e0f6c27.php 第 48 行.
NOTIC: [8] Undefined index: sid /var/www/html/liweilincm/Application/Runtime/Cache/Home/39b332e5f8883cb2938d6d989e0f6c27.php 第 48 行.
INFO: Run Behavior\ParseTemplateBehavior [ RunTime:0.005608s ]
INFO: [ view_parse ] --END-- [ RunTime:0.005710s ]
INFO: [ view_filter ] --START--
INFO: Run Behavior\WriteHtmlCacheBehavior [ RunTime:0.000192s ]
INFO: [ view_filter ] --END-- [ RunTime:0.000269s ]
INFO: [ app_end ] --START--
INFO: Run Behavior\ShowPageTraceBehavior [ RunTime:0.000151s ]
INFO: [ app_end ] --END-- [ RunTime:0.000241s ]

[ 2017-05-02T18:51:43+08:00 ] 127.0.0.1 /liweilincm/app.php/Home/Index/home
INFO: [ app_init ] --START--
INFO: Run Behavior\BuildLiteBehavior [ RunTime:0.000021s ]
INFO: [ app_init ] --END-- [ RunTime:0.000144s ]
INFO: [ app_begin ] --START--
INFO: Run Behavior\ReadHtmlCacheBehavior [ RunTime:0.000034s ]
INFO: [ app_begin ] --END-- [ RunTime:0.000071s ]
SQL: SHOW COLUMNS FROM `gra_user` [ RunTime:0.0007s ]
NOTIC: [8] Undefined variable: useer_name /var/www/html/liweilincm/Application/Home/Controller/IndexController.class.php 第 27 行.
SQL: SELECT COUNT(*) AS tp_count FROM `gra_user` WHERE `username` LIKE '%%' LIMIT 1   [ RunTime:0.0004s ]
SQL: SELECT * FROM `gra_user` WHERE `username` LIKE '%%' ORDER BY `uid` LIMIT 0,20   [ RunTime:0.0005s ]
INFO: [ view_parse ] --START--
INFO: [ template_filter ] --START--
INFO: Run Behavior\ContentReplaceBehavior [ RunTime:0.000059s ]
INFO: [ template_filter ] --END-- [ RunTime:0.000115s ]
NOTIC: [8] Undefined index: sid /var/www/html/liweilincm/Application/Runtime/Cache/Home/39b332e5f8883cb2938d6d989e0f6c27.php 第 48 行.
NOTIC: [8] Undefined index: sid /var/www/html/liweilincm/Application/Runtime/Cache/Home/39b332e5f8883cb2938d6d989e0f6c27.php 第 48 行.
NOTIC: [8] Undefined index: sid /var/www/html/liweilincm/Application/Runtime/Cache/Home/39b332e5f8883cb2938d6d989e0f6c27.php 第 48 行.
NOTIC: [8] Undefined index: sid /var/www/html/liweilincm/Application/Runtime/Cache/Home/39b332e5f8883cb2938d6d989e0f6c27.php 第 48 行.
NOTIC: [8] Undefined index: sid /var/www/html/liweilincm/Application/Runtime/Cache/Home/39b332e5f8883cb2938d6d989e0f6c27.php 第 48 行.
INFO: Run Behavior\ParseTemplateBehavior [ RunTime:0.004616s ]
INFO: [ view_parse ] --END-- [ RunTime:0.004659s ]
INFO: [ view_filter ] --START--
INFO: Run Behavior\WriteHtmlCacheBehavior [ RunTime:0.000050s ]
INFO: [ view_filter ] --END-- [ RunTime:0.000086s ]
INFO: [ app_end ] --START--
INFO: Run Behavior\ShowPageTraceBehavior [ RunTime:0.000057s ]
INFO: [ app_end ] --END-- [ RunTime:0.000108s ]

[ 2017-05-02T18:51:44+08:00 ] 127.0.0.1 /liweilincm/app.php/Home/Index/home
INFO: [ app_init ] --START--
INFO: Run Behavior\BuildLiteBehavior [ RunTime:0.000017s ]
INFO: [ app_init ] --END-- [ RunTime:0.000110s ]
INFO: [ app_begin ] --START--
INFO: Run Behavior\ReadHtmlCacheBehavior [ RunTime:0.000042s ]
INFO: [ app_begin ] --END-- [ RunTime:0.000092s ]
SQL: SHOW COLUMNS FROM `gra_user` [ RunTime:0.0008s ]
NOTIC: [8] Undefined variable: where /var/www/html/liweilincm/Application/Home/Controller/IndexController.class.php 第 30 行.
SQL: SELECT COUNT(*) AS tp_count FROM `gra_user` LIMIT 1   [ RunTime:0.0003s ]
NOTIC: [8] Undefined variable: where /var/www/html/liweilincm/Application/Home/Controller/IndexController.class.php 第 35 行.
SQL: SELECT * FROM `gra_user` ORDER BY `uid` LIMIT 0,20   [ RunTime:0.0020s ]
INFO: [ view_parse ] --START--
INFO: [ template_filter ] --START--
INFO: Run Behavior\ContentReplaceBehavior [ RunTime:0.000043s ]
INFO: [ template_filter ] --END-- [ RunTime:0.000081s ]
NOTIC: [8] Undefined index: sid /var/www/html/liweilincm/Application/Runtime/Cache/Home/39b332e5f8883cb2938d6d989e0f6c27.php 第 48 行.
NOTIC: [8] Undefined index: sid /var/www/html/liweilincm/Application/Runtime/Cache/Home/39b332e5f8883cb2938d6d989e0f6c27.php 第 48 行.
NOTIC: [8] Undefined index: sid /var/www/html/liweilincm/Application/Runtime/Cache/Home/39b332e5f8883cb2938d6d989e0f6c27.php 第 48 行.
NOTIC: [8] Undefined index: sid /var/www/html/liweilincm/Application/Runtime/Cache/Home/39b332e5f8883cb2938d6d989e0f6c27.php 第 48 行.
NOTIC: [8] Undefined index: sid /var/www/html/liweilincm/Application/Runtime/Cache/Home/39b332e5f8883cb2938d6d989e0f6c27.php 第 48 行.
INFO: Run Behavior\ParseTemplateBehavior [ RunTime:0.003656s ]
INFO: [ view_parse ] --END-- [ RunTime:0.003698s ]
INFO: [ view_filter ] --START--
INFO: Run Behavior\WriteHtmlCacheBehavior [ RunTime:0.000031s ]
INFO: [ view_filter ] --END-- [ RunTime:0.000057s ]
INFO: [ app_end ] --START--
INFO: Run Behavior\ShowPageTraceBehavior [ RunTime:0.000025s ]
INFO: [ app_end ] --END-- [ RunTime:0.000050s ]

[ 2017-05-02T18:51:44+08:00 ] 127.0.0.1 /liweilincm/app.php/Home/Index/home
INFO: [ app_init ] --START--
INFO: Run Behavior\BuildLiteBehavior [ RunTime:0.000015s ]
INFO: [ app_init ] --END-- [ RunTime:0.000110s ]
INFO: [ app_begin ] --START--
INFO: Run Behavior\ReadHtmlCacheBehavior [ RunTime:0.000043s ]
INFO: [ app_begin ] --END-- [ RunTime:0.000088s ]
SQL: SHOW COLUMNS FROM `gra_user` [ RunTime:0.0011s ]
NOTIC: [8] Undefined variable: where /var/www/html/liweilincm/Application/Home/Controller/IndexController.class.php 第 30 行.
SQL: SELECT COUNT(*) AS tp_count FROM `gra_user` LIMIT 1   [ RunTime:0.0011s ]
NOTIC: [8] Undefined variable: where /var/www/html/liweilincm/Application/Home/Controller/IndexController.class.php 第 35 行.
SQL: SELECT * FROM `gra_user` ORDER BY `uid` LIMIT 0,20   [ RunTime:0.0003s ]
INFO: [ view_parse ] --START--
INFO: [ template_filter ] --START--
INFO: Run Behavior\ContentReplaceBehavior [ RunTime:0.000047s ]
INFO: [ template_filter ] --END-- [ RunTime:0.000094s ]
NOTIC: [8] Undefined index: sid /var/www/html/liweilincm/Application/Runtime/Cache/Home/39b332e5f8883cb2938d6d989e0f6c27.php 第 48 行.
NOTIC: [8] Undefined index: sid /var/www/html/liweilincm/Application/Runtime/Cache/Home/39b332e5f8883cb2938d6d989e0f6c27.php 第 48 行.
NOTIC: [8] Undefined index: sid /var/www/html/liweilincm/Application/Runtime/Cache/Home/39b332e5f8883cb2938d6d989e0f6c27.php 第 48 行.
NOTIC: [8] Undefined index: sid /var/www/html/liweilincm/Application/Runtime/Cache/Home/39b332e5f8883cb2938d6d989e0f6c27.php 第 48 行.
NOTIC: [8] Undefined index: sid /var/www/html/liweilincm/Application/Runtime/Cache/Home/39b332e5f8883cb2938d6d989e0f6c27.php 第 48 行.
INFO: Run Behavior\ParseTemplateBehavior [ RunTime:0.004059s ]
INFO: [ view_parse ] --END-- [ RunTime:0.004099s ]
INFO: [ view_filter ] --START--
INFO: Run Behavior\WriteHtmlCacheBehavior [ RunTime:0.000034s ]
INFO: [ view_filter ] --END-- [ RunTime:0.000059s ]
INFO: [ app_end ] --START--
INFO: Run Behavior\ShowPageTraceBehavior [ RunTime:0.000027s ]
INFO: [ app_end ] --END-- [ RunTime:0.000052s ]

[ 2017-05-02T18:52:00+08:00 ] 127.0.0.1 /liweilincm/app.php/Home/Index/home
INFO: [ app_init ] --START--
INFO: Run Behavior\BuildLiteBehavior [ RunTime:0.000024s ]
INFO: [ app_init ] --END-- [ RunTime:0.000185s ]
INFO: [ app_begin ] --START--
INFO: Run Behavior\ReadHtmlCacheBehavior [ RunTime:0.000079s ]
INFO: [ app_begin ] --END-- [ RunTime:0.000150s ]
SQL: SHOW COLUMNS FROM `gra_user` [ RunTime:0.0006s ]
SQL: SELECT COUNT(*) AS tp_count FROM `gra_user` WHERE `username` LIKE '%night%' LIMIT 1   [ RunTime:0.0003s ]
SQL: SELECT * FROM `gra_user` WHERE `username` LIKE '%night%' ORDER BY `uid` LIMIT 0,20   [ RunTime:0.0003s ]
INFO: [ view_parse ] --START--
INFO: [ template_filter ] --START--
INFO: Run Behavior\ContentReplaceBehavior [ RunTime:0.000054s ]
INFO: [ template_filter ] --END-- [ RunTime:0.000111s ]
NOTIC: [8] Undefined index: sid /var/www/html/liweilincm/Application/Runtime/Cache/Home/39b332e5f8883cb2938d6d989e0f6c27.php 第 48 行.
INFO: Run Behavior\ParseTemplateBehavior [ RunTime:0.004069s ]
INFO: [ view_parse ] --END-- [ RunTime:0.004122s ]
INFO: [ view_filter ] --START--
INFO: Run Behavior\WriteHtmlCacheBehavior [ RunTime:0.000047s ]
INFO: [ view_filter ] --END-- [ RunTime:0.000080s ]
INFO: [ app_end ] --START--
INFO: Run Behavior\ShowPageTraceBehavior [ RunTime:0.000042s ]
INFO: [ app_end ] --END-- [ RunTime:0.000076s ]

[ 2017-05-02T18:52:03+08:00 ] 127.0.0.1 /liweilincm/app.php/Home/Index/userEdit
INFO: [ app_init ] --START--
INFO: Run Behavior\BuildLiteBehavior [ RunTime:0.000016s ]
INFO: [ app_init ] --END-- [ RunTime:0.000124s ]
INFO: [ app_begin ] --START--
INFO: Run Behavior\ReadHtmlCacheBehavior [ RunTime:0.000045s ]
INFO: [ app_begin ] --END-- [ RunTime:0.000095s ]
ERR: 非法操作:userEdit

[ 2017-05-02T18:55:10+08:00 ] 127.0.0.1 /liweilincm/app.php/Home/Index/index
INFO: [ app_init ] --START--
INFO: Run Behavior\BuildLiteBehavior [ RunTime:0.000017s ]
INFO: [ app_init ] --END-- [ RunTime:0.000133s ]
INFO: [ app_begin ] --START--
INFO: Run Behavior\ReadHtmlCacheBehavior [ RunTime:0.000040s ]
INFO: [ app_begin ] --END-- [ RunTime:0.000082s ]
INFO: [ view_parse ] --START--
INFO: [ template_filter ] --START--
INFO: Run Behavior\ContentReplaceBehavior [ RunTime:0.000110s ]
INFO: [ template_filter ] --END-- [ RunTime:0.000241s ]
INFO: Run Behavior\ParseTemplateBehavior [ RunTime:0.004368s ]
INFO: [ view_parse ] --END-- [ RunTime:0.004532s ]
INFO: [ view_filter ] --START--
INFO: Run Behavior\WriteHtmlCacheBehavior [ RunTime:0.000219s ]
INFO: [ view_filter ] --END-- [ RunTime:0.000275s ]
INFO: [ app_end ] --START--
INFO: Run Behavior\ShowPageTraceBehavior [ RunTime:0.000055s ]
INFO: [ app_end ] --END-- [ RunTime:0.000101s ]

[ 2017-05-02T18:55:11+08:00 ] 127.0.0.1 /liweilincm/app.php/Home/Index/home
INFO: [ app_init ] --START--
INFO: Run Behavior\BuildLiteBehavior [ RunTime:0.000050s ]
INFO: [ app_init ] --END-- [ RunTime:0.000308s ]
INFO: [ app_begin ] --START--
INFO: Run Behavior\ReadHtmlCacheBehavior [ RunTime:0.000046s ]
INFO: [ app_begin ] --END-- [ RunTime:0.000092s ]
SQL: SHOW COLUMNS FROM `gra_user` [ RunTime:0.0006s ]
NOTIC: [8] Undefined variable: where /var/www/html/liweilincm/Application/Home/Controller/IndexController.class.php 第 30 行.
SQL: SELECT COUNT(*) AS tp_count FROM `gra_user` LIMIT 1   [ RunTime:0.0001s ]
NOTIC: [8] Undefined variable: where /var/www/html/liweilincm/Application/Home/Controller/IndexController.class.php 第 35 行.
SQL: SELECT * FROM `gra_user` ORDER BY `uid` LIMIT 0,20   [ RunTime:0.0002s ]
INFO: [ view_parse ] --START--
INFO: [ template_filter ] --START--
INFO: Run Behavior\ContentReplaceBehavior [ RunTime:0.000046s ]
INFO: [ template_filter ] --END-- [ RunTime:0.000093s ]
INFO: Run Behavior\ParseTemplateBehavior [ RunTime:0.003682s ]
INFO: [ view_parse ] --END-- [ RunTime:0.003782s ]
INFO: [ view_filter ] --START--
INFO: Run Behavior\WriteHtmlCacheBehavior [ RunTime:0.000079s ]
INFO: [ view_filter ] --END-- [ RunTime:0.000122s ]
INFO: [ app_end ] --START--
INFO: Run Behavior\ShowPageTraceBehavior [ RunTime:0.000047s ]
INFO: [ app_end ] --END-- [ RunTime:0.000094s ]

[ 2017-05-02T18:55:22+08:00 ] 127.0.0.1 /liweilincm/app.php/Home/Index/userDelete/id/10
INFO: [ app_init ] --START--
INFO: Run Behavior\BuildLiteBehavior [ RunTime:0.000011s ]
INFO: [ app_init ] --END-- [ RunTime:0.000096s ]
INFO: [ app_begin ] --START--
INFO: Run Behavior\ReadHtmlCacheBehavior [ RunTime:0.000033s ]
INFO: [ app_begin ] --END-- [ RunTime:0.000063s ]
ERR: 非法操作:userDelete

[ 2017-05-02T18:55:36+08:00 ] 127.0.0.1 /liweilincm/app.php/Home/Index/index
INFO: [ app_init ] --START--
INFO: Run Behavior\BuildLiteBehavior [ RunTime:0.000019s ]
INFO: [ app_init ] --END-- [ RunTime:0.000154s ]
INFO: [ app_begin ] --START--
INFO: Run Behavior\ReadHtmlCacheBehavior [ RunTime:0.000071s ]
INFO: [ app_begin ] --END-- [ RunTime:0.000135s ]
INFO: [ view_parse ] --START--
INFO: [ template_filter ] --START--
INFO: Run Behavior\ContentReplaceBehavior [ RunTime:0.000147s ]
INFO: [ template_filter ] --END-- [ RunTime:0.000338s ]
INFO: Run Behavior\ParseTemplateBehavior [ RunTime:0.004936s ]
INFO: [ view_parse ] --END-- [ RunTime:0.005008s ]
INFO: [ view_filter ] --START--
INFO: Run Behavior\WriteHtmlCacheBehavior [ RunTime:0.000073s ]
INFO: [ view_filter ] --END-- [ RunTime:0.000119s ]
INFO: [ app_end ] --START--
INFO: Run Behavior\ShowPageTraceBehavior [ RunTime:0.000054s ]
INFO: [ app_end ] --END-- [ RunTime:0.000099s ]

[ 2017-05-02T18:55:36+08:00 ] 127.0.0.1 /liweilincm/app.php/Home/Index/home
INFO: [ app_init ] --START--
INFO: Run Behavior\BuildLiteBehavior [ RunTime:0.000031s ]
INFO: [ app_init ] --END-- [ RunTime:0.000174s ]
INFO: [ app_begin ] --START--
INFO: Run Behavior\ReadHtmlCacheBehavior [ RunTime:0.000116s ]
INFO: [ app_begin ] --END-- [ RunTime:0.000178s ]
SQL: SHOW COLUMNS FROM `gra_user` [ RunTime:0.0008s ]
NOTIC: [8] Undefined variable: where /var/www/html/liweilincm/Application/Home/Controller/IndexController.class.php 第 30 行.
SQL: SELECT COUNT(*) AS tp_count FROM `gra_user` LIMIT 1   [ RunTime:0.0002s ]
NOTIC: [8] Undefined variable: where /var/www/html/liweilincm/Application/Home/Controller/IndexController.class.php 第 35 行.
SQL: SELECT * FROM `gra_user` ORDER BY `uid` LIMIT 0,20   [ RunTime:0.0003s ]
INFO: [ view_parse ] --START--
INFO: [ template_filter ] --START--
INFO: Run Behavior\ContentReplaceBehavior [ RunTime:0.000079s ]
INFO: [ template_filter ] --END-- [ RunTime:0.000158s ]
INFO: Run Behavior\ParseTemplateBehavior [ RunTime:0.005414s ]
INFO: [ view_parse ] --END-- [ RunTime:0.005486s ]
INFO: [ view_filter ] --START--
INFO: Run Behavior\WriteHtmlCacheBehavior [ RunTime:0.000061s ]
INFO: [ view_filter ] --END-- [ RunTime:0.000107s ]
INFO: [ app_end ] --START--
INFO: Run Behavior\ShowPageTraceBehavior [ RunTime:0.000046s ]
INFO: [ app_end ] --END-- [ RunTime:0.000095s ]

[ 2017-05-02T18:55:38+08:00 ] 127.0.0.1 /liweilincm/app.php/Home/Index/userDelete/id/11
INFO: [ app_init ] --START--
INFO: Run Behavior\BuildLiteBehavior [ RunTime:0.000012s ]
INFO: [ app_init ] --END-- [ RunTime:0.000112s ]
INFO: [ app_begin ] --START--
INFO: Run Behavior\ReadHtmlCacheBehavior [ RunTime:0.000030s ]
INFO: [ app_begin ] --END-- [ RunTime:0.000059s ]
ERR: 非法操作:userDelete

[ 2017-05-02T18:56:16+08:00 ] 127.0.0.1 /liweilincm/app.php/Home/Index/index
INFO: [ app_init ] --START--
INFO: Run Behavior\BuildLiteBehavior [ RunTime:0.000031s ]
INFO: [ app_init ] --END-- [ RunTime:0.000144s ]
INFO: [ app_begin ] --START--
INFO: Run Behavior\ReadHtmlCacheBehavior [ RunTime:0.000055s ]
INFO: [ app_begin ] --END-- [ RunTime:0.000107s ]
INFO: [ view_parse ] --START--
INFO: [ template_filter ] --START--
INFO: Run Behavior\ContentReplaceBehavior [ RunTime:0.000100s ]
INFO: [ template_filter ] --END-- [ RunTime:0.000259s ]
INFO: Run Behavior\ParseTemplateBehavior [ RunTime:0.003496s ]
INFO: [ view_parse ] --END-- [ RunTime:0.003556s ]
INFO: [ view_filter ] --START--
INFO: Run Behavior\WriteHtmlCacheBehavior [ RunTime:0.000065s ]
INFO: [ view_filter ] --END-- [ RunTime:0.000110s ]
INFO: [ app_end ] --START--
INFO: Run Behavior\ShowPageTraceBehavior [ RunTime:0.000065s ]
INFO: [ app_end ] --END-- [ RunTime:0.000112s ]

[ 2017-05-02T18:56:16+08:00 ] 127.0.0.1 /liweilincm/app.php/Home/Index/home
INFO: [ app_init ] --START--
INFO: Run Behavior\BuildLiteBehavior [ RunTime:0.000015s ]
INFO: [ app_init ] --END-- [ RunTime:0.000103s ]
INFO: [ app_begin ] --START--
INFO: Run Behavior\ReadHtmlCacheBehavior [ RunTime:0.000044s ]
INFO: [ app_begin ] --END-- [ RunTime:0.000095s ]
SQL: SHOW COLUMNS FROM `gra_user` [ RunTime:0.0007s ]
NOTIC: [8] Undefined variable: where /var/www/html/liweilincm/Application/Home/Controller/IndexController.class.php 第 30 行.
SQL: SELECT COUNT(*) AS tp_count FROM `gra_user` LIMIT 1   [ RunTime:0.0012s ]
NOTIC: [8] Undefined variable: where /var/www/html/liweilincm/Application/Home/Controller/IndexController.class.php 第 35 行.
SQL: SELECT * FROM `gra_user` ORDER BY `uid` LIMIT 0,20   [ RunTime:0.0004s ]
INFO: [ view_parse ] --START--
INFO: [ template_filter ] --START--
INFO: Run Behavior\ContentReplaceBehavior [ RunTime:0.000075s ]
INFO: [ template_filter ] --END-- [ RunTime:0.000150s ]
INFO: Run Behavior\ParseTemplateBehavior [ RunTime:0.005832s ]
INFO: [ view_parse ] --END-- [ RunTime:0.005899s ]
INFO: [ view_filter ] --START--
INFO: Run Behavior\WriteHtmlCacheBehavior [ RunTime:0.000056s ]
INFO: [ view_filter ] --END-- [ RunTime:0.000103s ]
INFO: [ app_end ] --START--
INFO: Run Behavior\ShowPageTraceBehavior [ RunTime:0.000044s ]
INFO: [ app_end ] --END-- [ RunTime:0.000091s ]

[ 2017-05-02T18:56:17+08:00 ] 127.0.0.1 /liweilincm/app.php/Home/Index/userDelete/id/11
INFO: [ app_init ] --START--
INFO: Run Behavior\BuildLiteBehavior [ RunTime:0.000012s ]
INFO: [ app_init ] --END-- [ RunTime:0.000070s ]
INFO: [ app_begin ] --START--
INFO: Run Behavior\ReadHtmlCacheBehavior [ RunTime:0.000029s ]
INFO: [ app_begin ] --END-- [ RunTime:0.000059s ]
SQL: SHOW COLUMNS FROM `gra_user` [ RunTime:0.0005s ]
SQL: DELETE FROM `gra_user` WHERE `uid` = 11 [ RunTime:0.0002s ]
INFO: [ view_parse ] --START--
INFO: [ template_filter ] --START--
INFO: Run Behavior\ContentReplaceBehavior [ RunTime:0.000071s ]
INFO: [ template_filter ] --END-- [ RunTime:0.000137s ]
INFO: Run Behavior\ParseTemplateBehavior [ RunTime:0.002111s ]
INFO: [ view_parse ] --END-- [ RunTime:0.002164s ]
INFO: [ view_filter ] --START--
INFO: Run Behavior\WriteHtmlCacheBehavior [ RunTime:0.000052s ]
INFO: [ view_filter ] --END-- [ RunTime:0.000094s ]
INFO: [ app_end ] --START--
INFO: Run Behavior\ShowPageTraceBehavior [ RunTime:0.000042s ]
INFO: [ app_end ] --END-- [ RunTime:0.000087s ]

[ 2017-05-02T18:56:18+08:00 ] 127.0.0.1 /liweilincm/app.php/Home/Index/home
INFO: [ app_init ] --START--
INFO: Run Behavior\BuildLiteBehavior [ RunTime:0.000018s ]
INFO: [ app_init ] --END-- [ RunTime:0.000130s ]
INFO: [ app_begin ] --START--
INFO: Run Behavior\ReadHtmlCacheBehavior [ RunTime:0.000069s ]
INFO: [ app_begin ] --END-- [ RunTime:0.000127s ]
SQL: SHOW COLUMNS FROM `gra_user` [ RunTime:0.0009s ]
NOTIC: [8] Undefined variable: where /var/www/html/liweilincm/Application/Home/Controller/IndexController.class.php 第 30 行.
SQL: SELECT COUNT(*) AS tp_count FROM `gra_user` LIMIT 1   [ RunTime:0.0004s ]
NOTIC: [8] Undefined variable: where /var/www/html/liweilincm/Application/Home/Controller/IndexController.class.php 第 35 行.
SQL: SELECT * FROM `gra_user` ORDER BY `uid` LIMIT 0,20   [ RunTime:0.0004s ]
INFO: [ view_parse ] --START--
INFO: [ template_filter ] --START--
INFO: Run Behavior\ContentReplaceBehavior [ RunTime:0.000061s ]
INFO: [ template_filter ] --END-- [ RunTime:0.000129s ]
INFO: Run Behavior\ParseTemplateBehavior [ RunTime:0.004625s ]
INFO: [ view_parse ] --END-- [ RunTime:0.004695s ]
INFO: [ view_filter ] --START--
INFO: Run Behavior\WriteHtmlCacheBehavior [ RunTime:0.000040s ]
INFO: [ view_filter ] --END-- [ RunTime:0.000066s ]
INFO: [ app_end ] --START--
INFO: Run Behavior\ShowPageTraceBehavior [ RunTime:0.000026s ]
INFO: [ app_end ] --END-- [ RunTime:0.000052s ]

[ 2017-05-02T18:56:24+08:00 ] 127.0.0.1 /liweilincm/app.php/Home/Exchange/exchange
INFO: [ app_init ] --START--
INFO: Run Behavior\BuildLiteBehavior [ RunTime:0.000029s ]
INFO: [ app_init ] --END-- [ RunTime:0.000210s ]
INFO: [ app_begin ] --START--
INFO: Run Behavior\ReadHtmlCacheBehavior [ RunTime:0.000106s ]
INFO: [ app_begin ] --END-- [ RunTime:0.000197s ]
SQL: SHOW COLUMNS FROM `gra_exchange` [ RunTime:0.0022s ]
SQL: SELECT COUNT(*) AS tp_count FROM `gra_exchange` LIMIT 1   [ RunTime:0.0005s ]
SQL: SELECT * FROM `gra_exchange` INNER JOIN gra_user ON gra_user.uid = gra_exchange.user_id  ORDER BY `e_id` LIMIT 0,20   [ RunTime:0.0320s ]
INFO: [ view_parse ] --START--
INFO: [ template_filter ] --START--
INFO: Run Behavior\ContentReplaceBehavior [ RunTime:0.000135s ]
INFO: [ template_filter ] --END-- [ RunTime:0.000218s ]
INFO: Run Behavior\ParseTemplateBehavior [ RunTime:0.007048s ]
INFO: [ view_parse ] --END-- [ RunTime:0.007121s ]
INFO: [ view_filter ] --START--
INFO: Run Behavior\WriteHtmlCacheBehavior [ RunTime:0.000057s ]
INFO: [ view_filter ] --END-- [ RunTime:0.000116s ]
INFO: [ app_end ] --START--
INFO: Run Behavior\ShowPageTraceBehavior [ RunTime:0.000073s ]
INFO: [ app_end ] --END-- [ RunTime:0.000170s ]

