[ 2017-04-14T00:55:49+08:00 ] 123.151.138.100 /app.php
INFO: [ app_init ] --START--
INFO: Run Behavior\BuildLiteBehavior [ RunTime:0.000012s ]
INFO: [ app_init ] --END-- [ RunTime:0.000069s ]
INFO: [ app_begin ] --START--
INFO: Run Behavior\ReadHtmlCacheBehavior [ RunTime:0.000026s ]
INFO: [ app_begin ] --END-- [ RunTime:0.000050s ]
INFO: [ view_parse ] --START--
INFO: [ template_filter ] --START--
INFO: Run Behavior\ContentReplaceBehavior [ RunTime:0.000101s ]
INFO: [ template_filter ] --END-- [ RunTime:0.000136s ]
INFO: Run Behavior\ParseTemplateBehavior [ RunTime:0.001330s ]
INFO: [ view_parse ] --END-- [ RunTime:0.001358s ]
INFO: [ view_filter ] --START--
INFO: Run Behavior\WriteHtmlCacheBehavior [ RunTime:0.000032s ]
INFO: [ view_filter ] --END-- [ RunTime:0.000051s ]
INFO: [ app_end ] --START--
INFO: Run Behavior\ShowPageTraceBehavior [ RunTime:0.000024s ]
INFO: [ app_end ] --END-- [ RunTime:0.000042s ]

[ 2017-04-14T00:56:17+08:00 ] 175.167.130.232 /app.php/Home/Public/dologin
INFO: [ app_init ] --START--
INFO: Run Behavior\BuildLiteBehavior [ RunTime:0.000021s ]
INFO: [ app_init ] --END-- [ RunTime:0.000125s ]
INFO: [ app_begin ] --START--
INFO: Run Behavior\ReadHtmlCacheBehavior [ RunTime:0.000031s ]
INFO: [ app_begin ] --END-- [ RunTime:0.000058s ]
SQL: SHOW COLUMNS FROM `gra_user` [ RunTime:0.0005s ]
SQL: SELECT * FROM `gra_user` WHERE `username` = 'nightwaking' LIMIT 1   [ RunTime:0.0002s ]
NOTIC: [8] Undefined index: id /var/www/html/liweilincm/Application/Home/Controller/PublicController.class.php 第 50 行.
SQL: UPDATE `gra_user` SET `username`='nightwaking',`pwd`='a9986595098961f0eb08958b06bcbe62',`email`='1105468795@qq.com',`lasttime`='2017-04-14 00:56:17',`regtime`='2017-04-06',`type`='1' WHERE `uid` = 1 [ RunTime:0.0002s ]
INFO: [ view_parse ] --START--
INFO: [ template_filter ] --START--
INFO: Run Behavior\ContentReplaceBehavior [ RunTime:0.000059s ]
INFO: [ template_filter ] --END-- [ RunTime:0.000090s ]
INFO: Run Behavior\ParseTemplateBehavior [ RunTime:0.001299s ]
INFO: [ view_parse ] --END-- [ RunTime:0.001330s ]
INFO: [ view_filter ] --START--
INFO: Run Behavior\WriteHtmlCacheBehavior [ RunTime:0.000030s ]
INFO: [ view_filter ] --END-- [ RunTime:0.000050s ]
INFO: [ app_end ] --START--
INFO: Run Behavior\ShowPageTraceBehavior [ RunTime:0.000028s ]
INFO: [ app_end ] --END-- [ RunTime:0.000045s ]

[ 2017-04-14T00:56:18+08:00 ] 123.151.138.100 /app.php/Home/Index/index
INFO: [ app_init ] --START--
INFO: Run Behavior\BuildLiteBehavior [ RunTime:0.000010s ]
INFO: [ app_init ] --END-- [ RunTime:0.000068s ]
INFO: [ app_begin ] --START--
INFO: Run Behavior\ReadHtmlCacheBehavior [ RunTime:0.000028s ]
INFO: [ app_begin ] --END-- [ RunTime:0.000053s ]
INFO: [ view_parse ] --START--
INFO: [ template_filter ] --START--
INFO: Run Behavior\ContentReplaceBehavior [ RunTime:0.000041s ]
INFO: [ template_filter ] --END-- [ RunTime:0.000071s ]
INFO: Run Behavior\ParseTemplateBehavior [ RunTime:0.002103s ]
INFO: [ view_parse ] --END-- [ RunTime:0.002133s ]
INFO: [ view_filter ] --START--
INFO: Run Behavior\WriteHtmlCacheBehavior [ RunTime:0.000040s ]
INFO: [ view_filter ] --END-- [ RunTime:0.000059s ]
INFO: [ app_end ] --START--
INFO: Run Behavior\ShowPageTraceBehavior [ RunTime:0.000022s ]
INFO: [ app_end ] --END-- [ RunTime:0.000042s ]

[ 2017-04-14T00:56:18+08:00 ] 123.151.138.100 /app.php/Home/Index/home
INFO: [ app_init ] --START--
INFO: Run Behavior\BuildLiteBehavior [ RunTime:0.000012s ]
INFO: [ app_init ] --END-- [ RunTime:0.000070s ]
INFO: [ app_begin ] --START--
INFO: Run Behavior\ReadHtmlCacheBehavior [ RunTime:0.000026s ]
INFO: [ app_begin ] --END-- [ RunTime:0.000050s ]
INFO: [ view_parse ] --START--
INFO: [ template_filter ] --START--
INFO: Run Behavior\ContentReplaceBehavior [ RunTime:0.000029s ]
INFO: [ template_filter ] --END-- [ RunTime:0.000054s ]
INFO: Run Behavior\ParseTemplateBehavior [ RunTime:0.000715s ]
INFO: [ view_parse ] --END-- [ RunTime:0.000744s ]
INFO: [ view_filter ] --START--
INFO: Run Behavior\WriteHtmlCacheBehavior [ RunTime:0.000034s ]
INFO: [ view_filter ] --END-- [ RunTime:0.000053s ]
INFO: [ app_end ] --START--
INFO: Run Behavior\ShowPageTraceBehavior [ RunTime:0.000024s ]
INFO: [ app_end ] --END-- [ RunTime:0.000043s ]

[ 2017-04-14T00:56:25+08:00 ] 123.151.138.100 /app.php/Home/Index/store
INFO: [ app_init ] --START--
INFO: Run Behavior\BuildLiteBehavior [ RunTime:0.000012s ]
INFO: [ app_init ] --END-- [ RunTime:0.000077s ]
INFO: [ app_begin ] --START--
INFO: Run Behavior\ReadHtmlCacheBehavior [ RunTime:0.000056s ]
INFO: [ app_begin ] --END-- [ RunTime:0.000103s ]
SQL: SHOW COLUMNS FROM `gra_kind` [ RunTime:0.0004s ]
SQL: SELECT * FROM `gra_kind`  [ RunTime:0.0001s ]
SQL: SHOW COLUMNS FROM `gra_store` [ RunTime:0.0004s ]
SQL: SELECT COUNT(*) AS tp_count FROM `gra_store` LIMIT 1   [ RunTime:0.0001s ]
SQL: SELECT * FROM `gra_store` INNER JOIN gra_kind ON gra_kind.kid = gra_store.kdid  ORDER BY `sid` LIMIT 0,20   [ RunTime:0.0001s ]
INFO: [ view_parse ] --START--
INFO: [ template_filter ] --START--
INFO: Run Behavior\ContentReplaceBehavior [ RunTime:0.000041s ]
INFO: [ template_filter ] --END-- [ RunTime:0.000075s ]
INFO: Run Behavior\ParseTemplateBehavior [ RunTime:0.003160s ]
INFO: [ view_parse ] --END-- [ RunTime:0.003191s ]
INFO: [ view_filter ] --START--
INFO: Run Behavior\WriteHtmlCacheBehavior [ RunTime:0.000031s ]
INFO: [ view_filter ] --END-- [ RunTime:0.000051s ]
INFO: [ app_end ] --START--
INFO: Run Behavior\ShowPageTraceBehavior [ RunTime:0.000028s ]
INFO: [ app_end ] --END-- [ RunTime:0.000047s ]

[ 2017-04-14T00:56:31+08:00 ] 123.151.138.100 /app.php/Home/Index/edit/id/1
INFO: [ app_init ] --START--
INFO: Run Behavior\BuildLiteBehavior [ RunTime:0.000012s ]
INFO: [ app_init ] --END-- [ RunTime:0.000076s ]
INFO: [ app_begin ] --START--
INFO: Run Behavior\ReadHtmlCacheBehavior [ RunTime:0.000033s ]
INFO: [ app_begin ] --END-- [ RunTime:0.000062s ]
SQL: SHOW COLUMNS FROM `gra_store` [ RunTime:0.0004s ]
SQL: SELECT * FROM `gra_store` INNER JOIN gra_kind ON gra_kind.kid = gra_store.kdid  WHERE `sid` = 1 LIMIT 1   [ RunTime:0.0003s ]
INFO: [ view_parse ] --START--
INFO: [ template_filter ] --START--
INFO: Run Behavior\ContentReplaceBehavior [ RunTime:0.000044s ]
INFO: [ template_filter ] --END-- [ RunTime:0.000074s ]
NOTIC: [8] Use of undefined constant storename - assumed 'storename' /var/www/html/liweilincm/Application/Runtime/Cache/Home/bdfc34bdc4675907fcca054ded94477f.php 第 28 行.
NOTIC: [8] Use of undefined constant kname - assumed 'kname' /var/www/html/liweilincm/Application/Runtime/Cache/Home/bdfc34bdc4675907fcca054ded94477f.php 第 31 行.
NOTIC: [8] Use of undefined constant storeprice - assumed 'storeprice' /var/www/html/liweilincm/Application/Runtime/Cache/Home/bdfc34bdc4675907fcca054ded94477f.php 第 34 行.
NOTIC: [8] Use of undefined constant storeamount - assumed 'storeamount' /var/www/html/liweilincm/Application/Runtime/Cache/Home/bdfc34bdc4675907fcca054ded94477f.php 第 37 行.
NOTIC: [8] Use of undefined constant storedescription - assumed 'storedescription' /var/www/html/liweilincm/Application/Runtime/Cache/Home/bdfc34bdc4675907fcca054ded94477f.php 第 40 行.
INFO: Run Behavior\ParseTemplateBehavior [ RunTime:0.001773s ]
INFO: [ view_parse ] --END-- [ RunTime:0.001809s ]
INFO: [ view_filter ] --START--
INFO: Run Behavior\WriteHtmlCacheBehavior [ RunTime:0.000046s ]
INFO: [ view_filter ] --END-- [ RunTime:0.000087s ]
INFO: [ app_end ] --START--
INFO: Run Behavior\ShowPageTraceBehavior [ RunTime:0.000030s ]
INFO: [ app_end ] --END-- [ RunTime:0.000050s ]

[ 2017-04-14T00:56:38+08:00 ] 175.167.130.232 /app.php/Home/Index/edit
INFO: [ app_init ] --START--
INFO: Run Behavior\BuildLiteBehavior [ RunTime:0.000015s ]
INFO: [ app_init ] --END-- [ RunTime:0.000108s ]
INFO: [ app_begin ] --START--
INFO: Run Behavior\ReadHtmlCacheBehavior [ RunTime:0.000029s ]
INFO: [ app_begin ] --END-- [ RunTime:0.000057s ]
SQL: SHOW COLUMNS FROM `gra_store` [ RunTime:0.0004s ]
SQL: UPDATE `gra_store` SET `storename`='短衬衣',`storeamount`='22',`storeprice`='120',`storedescription`='短衬衫适合夏天穿着' WHERE `sid` = 1 [ RunTime:0.0033s ]
INFO: [ view_parse ] --START--
INFO: [ template_filter ] --START--
INFO: Run Behavior\ContentReplaceBehavior [ RunTime:0.000033s ]
INFO: [ template_filter ] --END-- [ RunTime:0.000063s ]
INFO: Run Behavior\ParseTemplateBehavior [ RunTime:0.001341s ]
INFO: [ view_parse ] --END-- [ RunTime:0.001373s ]
INFO: [ view_filter ] --START--
INFO: Run Behavior\WriteHtmlCacheBehavior [ RunTime:0.000032s ]
INFO: [ view_filter ] --END-- [ RunTime:0.000050s ]
INFO: [ app_end ] --START--
INFO: Run Behavior\ShowPageTraceBehavior [ RunTime:0.000026s ]
INFO: [ app_end ] --END-- [ RunTime:0.000044s ]

[ 2017-04-14T00:56:40+08:00 ] 175.167.130.232 /app.php/Home/Index/store
INFO: [ app_init ] --START--
INFO: Run Behavior\BuildLiteBehavior [ RunTime:0.000011s ]
INFO: [ app_init ] --END-- [ RunTime:0.000071s ]
INFO: [ app_begin ] --START--
INFO: Run Behavior\ReadHtmlCacheBehavior [ RunTime:0.000034s ]
INFO: [ app_begin ] --END-- [ RunTime:0.000082s ]
SQL: SHOW COLUMNS FROM `gra_kind` [ RunTime:0.0006s ]
SQL: SELECT * FROM `gra_kind`  [ RunTime:0.0001s ]
SQL: SHOW COLUMNS FROM `gra_store` [ RunTime:0.0004s ]
SQL: SELECT COUNT(*) AS tp_count FROM `gra_store` LIMIT 1   [ RunTime:0.0002s ]
SQL: SELECT * FROM `gra_store` INNER JOIN gra_kind ON gra_kind.kid = gra_store.kdid  ORDER BY `sid` LIMIT 0,20   [ RunTime:0.0002s ]
INFO: [ view_parse ] --START--
INFO: [ template_filter ] --START--
INFO: Run Behavior\ContentReplaceBehavior [ RunTime:0.000044s ]
INFO: [ template_filter ] --END-- [ RunTime:0.000074s ]
INFO: Run Behavior\ParseTemplateBehavior [ RunTime:0.003174s ]
INFO: [ view_parse ] --END-- [ RunTime:0.003207s ]
INFO: [ view_filter ] --START--
INFO: Run Behavior\WriteHtmlCacheBehavior [ RunTime:0.000028s ]
INFO: [ view_filter ] --END-- [ RunTime:0.000046s ]
INFO: [ app_end ] --START--
INFO: Run Behavior\ShowPageTraceBehavior [ RunTime:0.000023s ]
INFO: [ app_end ] --END-- [ RunTime:0.000042s ]

[ 2017-04-14T00:56:41+08:00 ] 117.185.27.115 /app.php/Home/Index/edit/id/1
INFO: [ app_init ] --START--
INFO: Run Behavior\BuildLiteBehavior [ RunTime:0.000012s ]
INFO: [ app_init ] --END-- [ RunTime:0.000086s ]
INFO: [ app_begin ] --START--
INFO: Run Behavior\ReadHtmlCacheBehavior [ RunTime:0.000034s ]
INFO: [ app_begin ] --END-- [ RunTime:0.000062s ]
SQL: SHOW COLUMNS FROM `gra_store` [ RunTime:0.0004s ]
SQL: SELECT * FROM `gra_store` INNER JOIN gra_kind ON gra_kind.kid = gra_store.kdid  WHERE `sid` = 1 LIMIT 1   [ RunTime:0.0002s ]
INFO: [ view_parse ] --START--
INFO: [ template_filter ] --START--
INFO: Run Behavior\ContentReplaceBehavior [ RunTime:0.000045s ]
INFO: [ template_filter ] --END-- [ RunTime:0.000080s ]
NOTIC: [8] Use of undefined constant storename - assumed 'storename' /var/www/html/liweilincm/Application/Runtime/Cache/Home/bdfc34bdc4675907fcca054ded94477f.php 第 28 行.
NOTIC: [8] Use of undefined constant kname - assumed 'kname' /var/www/html/liweilincm/Application/Runtime/Cache/Home/bdfc34bdc4675907fcca054ded94477f.php 第 31 行.
NOTIC: [8] Use of undefined constant storeprice - assumed 'storeprice' /var/www/html/liweilincm/Application/Runtime/Cache/Home/bdfc34bdc4675907fcca054ded94477f.php 第 34 行.
NOTIC: [8] Use of undefined constant storeamount - assumed 'storeamount' /var/www/html/liweilincm/Application/Runtime/Cache/Home/bdfc34bdc4675907fcca054ded94477f.php 第 37 行.
NOTIC: [8] Use of undefined constant storedescription - assumed 'storedescription' /var/www/html/liweilincm/Application/Runtime/Cache/Home/bdfc34bdc4675907fcca054ded94477f.php 第 40 行.
INFO: Run Behavior\ParseTemplateBehavior [ RunTime:0.001956s ]
INFO: [ view_parse ] --END-- [ RunTime:0.001986s ]
INFO: [ view_filter ] --START--
INFO: Run Behavior\WriteHtmlCacheBehavior [ RunTime:0.000034s ]
INFO: [ view_filter ] --END-- [ RunTime:0.000053s ]
INFO: [ app_end ] --START--
INFO: Run Behavior\ShowPageTraceBehavior [ RunTime:0.000026s ]
INFO: [ app_end ] --END-- [ RunTime:0.000045s ]

