[ 2017-04-03T15:59:30+08:00 ] 58.218.24.171 /index.php/Wechat/http_curl
INFO: [ app_init ] --START--
INFO: Run Behavior\BuildLiteBehavior [ RunTime:0.000011s ]
INFO: [ app_init ] --END-- [ RunTime:0.000129s ]
ERR: 无法加载模块:Wechat

[ 2017-04-03T15:59:52+08:00 ] 58.218.24.171 /index.php/Weichat/http_curl
INFO: [ app_init ] --START--
INFO: Run Behavior\BuildLiteBehavior [ RunTime:0.000012s ]
INFO: [ app_init ] --END-- [ RunTime:0.000114s ]
ERR: 无法加载模块:Weichat

[ 2017-04-03T16:00:08+08:00 ] 58.218.24.171 /index.php/Wechat/http_curl
INFO: [ app_init ] --START--
INFO: Run Behavior\BuildLiteBehavior [ RunTime:0.000013s ]
INFO: [ app_init ] --END-- [ RunTime:0.000115s ]
ERR: 无法加载模块:Wechat

[ 2017-04-03T16:00:56+08:00 ] 58.218.24.171 /index.php/Weixin/Weichat/http_curl
INFO: [ app_init ] --START--
INFO: Run Behavior\BuildLiteBehavior [ RunTime:0.000010s ]
INFO: [ app_init ] --END-- [ RunTime:0.000070s ]
ERR: 无法加载模块:Weixin

[ 2017-04-03T16:02:08+08:00 ] 58.218.24.171 /index.php/WechatController/http_curl
INFO: [ app_init ] --START--
INFO: Run Behavior\BuildLiteBehavior [ RunTime:0.000011s ]
INFO: [ app_init ] --END-- [ RunTime:0.000073s ]
ERR: 无法加载模块:WechatController

[ 2017-04-03T16:02:37+08:00 ] 58.218.24.171 /index.php/Wechat/http_curl
INFO: [ app_init ] --START--
INFO: Run Behavior\BuildLiteBehavior [ RunTime:0.000011s ]
INFO: [ app_init ] --END-- [ RunTime:0.000076s ]
ERR: 无法加载模块:Wechat

[ 2017-04-03T16:02:44+08:00 ] 58.218.24.171 /index.php/Index/http_curl
INFO: [ app_init ] --START--
INFO: Run Behavior\BuildLiteBehavior [ RunTime:0.000012s ]
INFO: [ app_init ] --END-- [ RunTime:0.000078s ]
ERR: 无法加载模块:Index

[ 2017-04-03T16:03:07+08:00 ] 58.218.24.171 /index.php/http_curl
INFO: [ app_init ] --START--
INFO: Run Behavior\BuildLiteBehavior [ RunTime:0.000014s ]
INFO: [ app_init ] --END-- [ RunTime:0.000094s ]
ERR: 无法加载模块:Http_curl

[ 2017-04-03T16:03:28+08:00 ] 58.218.24.171 /index.php/Application/http_curl
INFO: [ app_init ] --START--
INFO: Run Behavior\BuildLiteBehavior [ RunTime:0.000016s ]
INFO: [ app_init ] --END-- [ RunTime:0.000117s ]
ERR: 无法加载模块:Application

