[ 2017-03-06T00:37:07+08:00 ] 190.2.28.181 /
INFO: [ app_init ] --START--
INFO: Run Behavior\BuildLiteBehavior [ RunTime:0.000011s ]
INFO: [ app_init ] --END-- [ RunTime:0.000079s ]
INFO: [ app_begin ] --START--
INFO: Run Behavior\ReadHtmlCacheBehavior [ RunTime:0.000030s ]
INFO: [ app_begin ] --END-- [ RunTime:0.000055s ]
NOTIC: [8] Undefined index: echostr /var/www/html/liweilincm/Weixin/Home/Controller/WechatController.class.php 第 10 行.
NOTIC: [8] Undefined index: signature /var/www/html/liweilincm/Weixin/Home/Controller/WechatController.class.php 第 25 行.
NOTIC: [8] Undefined index: timestamp /var/www/html/liweilincm/Weixin/Home/Controller/WechatController.class.php 第 26 行.
NOTIC: [8] Undefined index: nonce /var/www/html/liweilincm/Weixin/Home/Controller/WechatController.class.php 第 27 行.
NOTIC: [8] Undefined index: HTTP_RAW_POST_DATA /var/www/html/liweilincm/Weixin/Home/Controller/WechatController.class.php 第 47 行.
NOTIC: [8] Trying to get property of non-object /var/www/html/liweilincm/Weixin/Home/Controller/WechatController.class.php 第 57 行.
NOTIC: [8] Trying to get property of non-object /var/www/html/liweilincm/Weixin/Home/Controller/WechatController.class.php 第 59 行.
NOTIC: [8] Trying to get property of non-object /var/www/html/liweilincm/Weixin/Home/Controller/WechatController.class.php 第 62 行.
NOTIC: [8] Trying to get property of non-object /var/www/html/liweilincm/Weixin/Home/Controller/WechatController.class.php 第 89 行.
INFO: [ app_end ] --START--
INFO: Run Behavior\ShowPageTraceBehavior [ RunTime:0.000047s ]
INFO: [ app_end ] --END-- [ RunTime:0.000082s ]

[ 2017-03-06T02:00:24+08:00 ] 187.140.54.111 /
INFO: [ app_init ] --START--
INFO: Run Behavior\BuildLiteBehavior [ RunTime:0.000012s ]
INFO: [ app_init ] --END-- [ RunTime:0.000078s ]
INFO: [ app_begin ] --START--
INFO: Run Behavior\ReadHtmlCacheBehavior [ RunTime:0.000030s ]
INFO: [ app_begin ] --END-- [ RunTime:0.000054s ]
NOTIC: [8] Undefined index: echostr /var/www/html/liweilincm/Weixin/Home/Controller/WechatController.class.php 第 10 行.
NOTIC: [8] Undefined index: signature /var/www/html/liweilincm/Weixin/Home/Controller/WechatController.class.php 第 25 行.
NOTIC: [8] Undefined index: timestamp /var/www/html/liweilincm/Weixin/Home/Controller/WechatController.class.php 第 26 行.
NOTIC: [8] Undefined index: nonce /var/www/html/liweilincm/Weixin/Home/Controller/WechatController.class.php 第 27 行.
NOTIC: [8] Undefined index: HTTP_RAW_POST_DATA /var/www/html/liweilincm/Weixin/Home/Controller/WechatController.class.php 第 47 行.
NOTIC: [8] Trying to get property of non-object /var/www/html/liweilincm/Weixin/Home/Controller/WechatController.class.php 第 57 行.
NOTIC: [8] Trying to get property of non-object /var/www/html/liweilincm/Weixin/Home/Controller/WechatController.class.php 第 59 行.
NOTIC: [8] Trying to get property of non-object /var/www/html/liweilincm/Weixin/Home/Controller/WechatController.class.php 第 62 行.
NOTIC: [8] Trying to get property of non-object /var/www/html/liweilincm/Weixin/Home/Controller/WechatController.class.php 第 89 行.
INFO: [ app_end ] --START--
INFO: Run Behavior\ShowPageTraceBehavior [ RunTime:0.000032s ]
INFO: [ app_end ] --END-- [ RunTime:0.000056s ]

[ 2017-03-06T02:09:27+08:00 ] 119.23.127.40 /
INFO: [ app_init ] --START--
INFO: Run Behavior\BuildLiteBehavior [ RunTime:0.000011s ]
INFO: [ app_init ] --END-- [ RunTime:0.000084s ]
INFO: [ app_begin ] --START--
INFO: Run Behavior\ReadHtmlCacheBehavior [ RunTime:0.000032s ]
INFO: [ app_begin ] --END-- [ RunTime:0.000058s ]
NOTIC: [8] Undefined index: echostr /var/www/html/liweilincm/Weixin/Home/Controller/WechatController.class.php 第 10 行.
NOTIC: [8] Undefined index: signature /var/www/html/liweilincm/Weixin/Home/Controller/WechatController.class.php 第 25 行.
NOTIC: [8] Undefined index: timestamp /var/www/html/liweilincm/Weixin/Home/Controller/WechatController.class.php 第 26 行.
NOTIC: [8] Undefined index: nonce /var/www/html/liweilincm/Weixin/Home/Controller/WechatController.class.php 第 27 行.
NOTIC: [8] Undefined index: HTTP_RAW_POST_DATA /var/www/html/liweilincm/Weixin/Home/Controller/WechatController.class.php 第 47 行.
NOTIC: [8] Trying to get property of non-object /var/www/html/liweilincm/Weixin/Home/Controller/WechatController.class.php 第 57 行.
NOTIC: [8] Trying to get property of non-object /var/www/html/liweilincm/Weixin/Home/Controller/WechatController.class.php 第 59 行.
NOTIC: [8] Trying to get property of non-object /var/www/html/liweilincm/Weixin/Home/Controller/WechatController.class.php 第 62 行.
NOTIC: [8] Trying to get property of non-object /var/www/html/liweilincm/Weixin/Home/Controller/WechatController.class.php 第 89 行.
INFO: [ app_end ] --START--
INFO: Run Behavior\ShowPageTraceBehavior [ RunTime:0.000028s ]
INFO: [ app_end ] --END-- [ RunTime:0.000051s ]

[ 2017-03-06T03:15:14+08:00 ] 101.78.236.29 /
INFO: [ app_init ] --START--
INFO: Run Behavior\BuildLiteBehavior [ RunTime:0.000012s ]
INFO: [ app_init ] --END-- [ RunTime:0.000075s ]
INFO: [ app_begin ] --START--
INFO: Run Behavior\ReadHtmlCacheBehavior [ RunTime:0.000030s ]
INFO: [ app_begin ] --END-- [ RunTime:0.000054s ]
NOTIC: [8] Undefined index: echostr /var/www/html/liweilincm/Weixin/Home/Controller/WechatController.class.php 第 10 行.
NOTIC: [8] Undefined index: signature /var/www/html/liweilincm/Weixin/Home/Controller/WechatController.class.php 第 25 行.
NOTIC: [8] Undefined index: timestamp /var/www/html/liweilincm/Weixin/Home/Controller/WechatController.class.php 第 26 行.
NOTIC: [8] Undefined index: nonce /var/www/html/liweilincm/Weixin/Home/Controller/WechatController.class.php 第 27 行.
NOTIC: [8] Undefined index: HTTP_RAW_POST_DATA /var/www/html/liweilincm/Weixin/Home/Controller/WechatController.class.php 第 47 行.
NOTIC: [8] Trying to get property of non-object /var/www/html/liweilincm/Weixin/Home/Controller/WechatController.class.php 第 57 行.
NOTIC: [8] Trying to get property of non-object /var/www/html/liweilincm/Weixin/Home/Controller/WechatController.class.php 第 59 行.
NOTIC: [8] Trying to get property of non-object /var/www/html/liweilincm/Weixin/Home/Controller/WechatController.class.php 第 62 行.
NOTIC: [8] Trying to get property of non-object /var/www/html/liweilincm/Weixin/Home/Controller/WechatController.class.php 第 89 行.
INFO: [ app_end ] --START--
INFO: Run Behavior\ShowPageTraceBehavior [ RunTime:0.000028s ]
INFO: [ app_end ] --END-- [ RunTime:0.000051s ]

[ 2017-03-06T04:10:02+08:00 ] 64.79.100.37 /
INFO: [ app_init ] --START--
INFO: Run Behavior\BuildLiteBehavior [ RunTime:0.000012s ]
INFO: [ app_init ] --END-- [ RunTime:0.000074s ]
INFO: [ app_begin ] --START--
INFO: Run Behavior\ReadHtmlCacheBehavior [ RunTime:0.000029s ]
INFO: [ app_begin ] --END-- [ RunTime:0.000053s ]
NOTIC: [8] Undefined index: echostr /var/www/html/liweilincm/Weixin/Home/Controller/WechatController.class.php 第 10 行.
NOTIC: [8] Undefined index: signature /var/www/html/liweilincm/Weixin/Home/Controller/WechatController.class.php 第 25 行.
NOTIC: [8] Undefined index: timestamp /var/www/html/liweilincm/Weixin/Home/Controller/WechatController.class.php 第 26 行.
NOTIC: [8] Undefined index: nonce /var/www/html/liweilincm/Weixin/Home/Controller/WechatController.class.php 第 27 行.
NOTIC: [8] Undefined index: HTTP_RAW_POST_DATA /var/www/html/liweilincm/Weixin/Home/Controller/WechatController.class.php 第 47 行.
NOTIC: [8] Trying to get property of non-object /var/www/html/liweilincm/Weixin/Home/Controller/WechatController.class.php 第 57 行.
NOTIC: [8] Trying to get property of non-object /var/www/html/liweilincm/Weixin/Home/Controller/WechatController.class.php 第 59 行.
NOTIC: [8] Trying to get property of non-object /var/www/html/liweilincm/Weixin/Home/Controller/WechatController.class.php 第 62 行.
NOTIC: [8] Trying to get property of non-object /var/www/html/liweilincm/Weixin/Home/Controller/WechatController.class.php 第 89 行.
INFO: [ app_end ] --START--
INFO: Run Behavior\ShowPageTraceBehavior [ RunTime:0.000028s ]
INFO: [ app_end ] --END-- [ RunTime:0.000049s ]

[ 2017-03-06T05:15:03+08:00 ] 219.80.253.217 /
INFO: [ app_init ] --START--
INFO: Run Behavior\BuildLiteBehavior [ RunTime:0.000011s ]
INFO: [ app_init ] --END-- [ RunTime:0.000077s ]
INFO: [ app_begin ] --START--
INFO: Run Behavior\ReadHtmlCacheBehavior [ RunTime:0.000035s ]
INFO: [ app_begin ] --END-- [ RunTime:0.000065s ]
NOTIC: [8] Undefined index: echostr /var/www/html/liweilincm/Weixin/Home/Controller/WechatController.class.php 第 10 行.
NOTIC: [8] Undefined index: signature /var/www/html/liweilincm/Weixin/Home/Controller/WechatController.class.php 第 25 行.
NOTIC: [8] Undefined index: timestamp /var/www/html/liweilincm/Weixin/Home/Controller/WechatController.class.php 第 26 行.
NOTIC: [8] Undefined index: nonce /var/www/html/liweilincm/Weixin/Home/Controller/WechatController.class.php 第 27 行.
NOTIC: [8] Undefined index: HTTP_RAW_POST_DATA /var/www/html/liweilincm/Weixin/Home/Controller/WechatController.class.php 第 47 行.
NOTIC: [8] Trying to get property of non-object /var/www/html/liweilincm/Weixin/Home/Controller/WechatController.class.php 第 57 行.
NOTIC: [8] Trying to get property of non-object /var/www/html/liweilincm/Weixin/Home/Controller/WechatController.class.php 第 59 行.
NOTIC: [8] Trying to get property of non-object /var/www/html/liweilincm/Weixin/Home/Controller/WechatController.class.php 第 62 行.
NOTIC: [8] Trying to get property of non-object /var/www/html/liweilincm/Weixin/Home/Controller/WechatController.class.php 第 89 行.
INFO: [ app_end ] --START--
INFO: Run Behavior\ShowPageTraceBehavior [ RunTime:0.000031s ]
INFO: [ app_end ] --END-- [ RunTime:0.000055s ]

[ 2017-03-06T05:53:59+08:00 ] 47.90.92.26 /
INFO: [ app_init ] --START--
INFO: Run Behavior\BuildLiteBehavior [ RunTime:0.000011s ]
INFO: [ app_init ] --END-- [ RunTime:0.000078s ]
INFO: [ app_begin ] --START--
INFO: Run Behavior\ReadHtmlCacheBehavior [ RunTime:0.000030s ]
INFO: [ app_begin ] --END-- [ RunTime:0.000054s ]
NOTIC: [8] Undefined index: echostr /var/www/html/liweilincm/Weixin/Home/Controller/WechatController.class.php 第 10 行.
NOTIC: [8] Undefined index: signature /var/www/html/liweilincm/Weixin/Home/Controller/WechatController.class.php 第 25 行.
NOTIC: [8] Undefined index: timestamp /var/www/html/liweilincm/Weixin/Home/Controller/WechatController.class.php 第 26 行.
NOTIC: [8] Undefined index: nonce /var/www/html/liweilincm/Weixin/Home/Controller/WechatController.class.php 第 27 行.
NOTIC: [8] Undefined index: HTTP_RAW_POST_DATA /var/www/html/liweilincm/Weixin/Home/Controller/WechatController.class.php 第 47 行.
NOTIC: [8] Trying to get property of non-object /var/www/html/liweilincm/Weixin/Home/Controller/WechatController.class.php 第 57 行.
NOTIC: [8] Trying to get property of non-object /var/www/html/liweilincm/Weixin/Home/Controller/WechatController.class.php 第 59 行.
NOTIC: [8] Trying to get property of non-object /var/www/html/liweilincm/Weixin/Home/Controller/WechatController.class.php 第 62 行.
NOTIC: [8] Trying to get property of non-object /var/www/html/liweilincm/Weixin/Home/Controller/WechatController.class.php 第 89 行.
INFO: [ app_end ] --START--
INFO: Run Behavior\ShowPageTraceBehavior [ RunTime:0.000028s ]
INFO: [ app_end ] --END-- [ RunTime:0.000053s ]

[ 2017-03-06T07:27:48+08:00 ] 47.52.32.223 /
INFO: [ app_init ] --START--
INFO: Run Behavior\BuildLiteBehavior [ RunTime:0.000012s ]
INFO: [ app_init ] --END-- [ RunTime:0.000412s ]
INFO: [ app_begin ] --START--
INFO: Run Behavior\ReadHtmlCacheBehavior [ RunTime:0.000495s ]
INFO: [ app_begin ] --END-- [ RunTime:0.000530s ]
NOTIC: [8] Undefined index: echostr /var/www/html/liweilincm/Weixin/Home/Controller/WechatController.class.php 第 10 行.
NOTIC: [8] Undefined index: signature /var/www/html/liweilincm/Weixin/Home/Controller/WechatController.class.php 第 25 行.
NOTIC: [8] Undefined index: timestamp /var/www/html/liweilincm/Weixin/Home/Controller/WechatController.class.php 第 26 行.
NOTIC: [8] Undefined index: nonce /var/www/html/liweilincm/Weixin/Home/Controller/WechatController.class.php 第 27 行.
NOTIC: [8] Undefined index: HTTP_RAW_POST_DATA /var/www/html/liweilincm/Weixin/Home/Controller/WechatController.class.php 第 47 行.
NOTIC: [8] Trying to get property of non-object /var/www/html/liweilincm/Weixin/Home/Controller/WechatController.class.php 第 57 行.
NOTIC: [8] Trying to get property of non-object /var/www/html/liweilincm/Weixin/Home/Controller/WechatController.class.php 第 59 行.
NOTIC: [8] Trying to get property of non-object /var/www/html/liweilincm/Weixin/Home/Controller/WechatController.class.php 第 62 行.
NOTIC: [8] Trying to get property of non-object /var/www/html/liweilincm/Weixin/Home/Controller/WechatController.class.php 第 89 行.
INFO: [ app_end ] --START--
INFO: Run Behavior\ShowPageTraceBehavior [ RunTime:0.000574s ]
INFO: [ app_end ] --END-- [ RunTime:0.000605s ]

[ 2017-03-06T08:41:05+08:00 ] 121.199.70.200 /
INFO: [ app_init ] --START--
INFO: Run Behavior\BuildLiteBehavior [ RunTime:0.000014s ]
INFO: [ app_init ] --END-- [ RunTime:0.000116s ]
INFO: [ app_begin ] --START--
INFO: Run Behavior\ReadHtmlCacheBehavior [ RunTime:0.000040s ]
INFO: [ app_begin ] --END-- [ RunTime:0.000069s ]
NOTIC: [8] Undefined index: echostr /var/www/html/liweilincm/Weixin/Home/Controller/WechatController.class.php 第 10 行.
NOTIC: [8] Undefined index: signature /var/www/html/liweilincm/Weixin/Home/Controller/WechatController.class.php 第 25 行.
NOTIC: [8] Undefined index: timestamp /var/www/html/liweilincm/Weixin/Home/Controller/WechatController.class.php 第 26 行.
NOTIC: [8] Undefined index: nonce /var/www/html/liweilincm/Weixin/Home/Controller/WechatController.class.php 第 27 行.
NOTIC: [8] Undefined index: HTTP_RAW_POST_DATA /var/www/html/liweilincm/Weixin/Home/Controller/WechatController.class.php 第 47 行.
NOTIC: [8] Trying to get property of non-object /var/www/html/liweilincm/Weixin/Home/Controller/WechatController.class.php 第 57 行.
NOTIC: [8] Trying to get property of non-object /var/www/html/liweilincm/Weixin/Home/Controller/WechatController.class.php 第 59 行.
NOTIC: [8] Trying to get property of non-object /var/www/html/liweilincm/Weixin/Home/Controller/WechatController.class.php 第 62 行.
NOTIC: [8] Trying to get property of non-object /var/www/html/liweilincm/Weixin/Home/Controller/WechatController.class.php 第 89 行.
INFO: [ app_end ] --START--
INFO: Run Behavior\ShowPageTraceBehavior [ RunTime:0.000036s ]
INFO: [ app_end ] --END-- [ RunTime:0.000059s ]

[ 2017-03-06T10:24:50+08:00 ] 121.121.120.5 /
INFO: [ app_init ] --START--
INFO: Run Behavior\BuildLiteBehavior [ RunTime:0.000015s ]
INFO: [ app_init ] --END-- [ RunTime:0.000200s ]
INFO: [ app_begin ] --START--
INFO: Run Behavior\ReadHtmlCacheBehavior [ RunTime:0.000042s ]
INFO: [ app_begin ] --END-- [ RunTime:0.000071s ]
NOTIC: [8] Undefined index: echostr /var/www/html/liweilincm/Weixin/Home/Controller/WechatController.class.php 第 10 行.
NOTIC: [8] Undefined index: signature /var/www/html/liweilincm/Weixin/Home/Controller/WechatController.class.php 第 25 行.
NOTIC: [8] Undefined index: timestamp /var/www/html/liweilincm/Weixin/Home/Controller/WechatController.class.php 第 26 行.
NOTIC: [8] Undefined index: nonce /var/www/html/liweilincm/Weixin/Home/Controller/WechatController.class.php 第 27 行.
NOTIC: [8] Undefined index: HTTP_RAW_POST_DATA /var/www/html/liweilincm/Weixin/Home/Controller/WechatController.class.php 第 47 行.
NOTIC: [8] Trying to get property of non-object /var/www/html/liweilincm/Weixin/Home/Controller/WechatController.class.php 第 57 行.
NOTIC: [8] Trying to get property of non-object /var/www/html/liweilincm/Weixin/Home/Controller/WechatController.class.php 第 59 行.
NOTIC: [8] Trying to get property of non-object /var/www/html/liweilincm/Weixin/Home/Controller/WechatController.class.php 第 62 行.
NOTIC: [8] Trying to get property of non-object /var/www/html/liweilincm/Weixin/Home/Controller/WechatController.class.php 第 89 行.
INFO: [ app_end ] --START--
INFO: Run Behavior\ShowPageTraceBehavior [ RunTime:0.000035s ]
INFO: [ app_end ] --END-- [ RunTime:0.000058s ]

[ 2017-03-06T10:33:20+08:00 ] 123.151.42.61 http://www.baidu.com/
INFO: [ app_init ] --START--
INFO: Run Behavior\BuildLiteBehavior [ RunTime:0.000014s ]
INFO: [ app_init ] --END-- [ RunTime:0.000121s ]
INFO: [ app_begin ] --START--
INFO: Run Behavior\ReadHtmlCacheBehavior [ RunTime:0.000043s ]
INFO: [ app_begin ] --END-- [ RunTime:0.000072s ]
NOTIC: [8] Undefined index: echostr /var/www/html/liweilincm/Weixin/Home/Controller/WechatController.class.php 第 10 行.
NOTIC: [8] Undefined index: signature /var/www/html/liweilincm/Weixin/Home/Controller/WechatController.class.php 第 25 行.
NOTIC: [8] Undefined index: timestamp /var/www/html/liweilincm/Weixin/Home/Controller/WechatController.class.php 第 26 行.
NOTIC: [8] Undefined index: nonce /var/www/html/liweilincm/Weixin/Home/Controller/WechatController.class.php 第 27 行.
NOTIC: [8] Undefined index: HTTP_RAW_POST_DATA /var/www/html/liweilincm/Weixin/Home/Controller/WechatController.class.php 第 47 行.
NOTIC: [8] Trying to get property of non-object /var/www/html/liweilincm/Weixin/Home/Controller/WechatController.class.php 第 57 行.
NOTIC: [8] Trying to get property of non-object /var/www/html/liweilincm/Weixin/Home/Controller/WechatController.class.php 第 59 行.
NOTIC: [8] Trying to get property of non-object /var/www/html/liweilincm/Weixin/Home/Controller/WechatController.class.php 第 62 行.
NOTIC: [8] Trying to get property of non-object /var/www/html/liweilincm/Weixin/Home/Controller/WechatController.class.php 第 89 行.
INFO: [ app_end ] --START--
INFO: Run Behavior\ShowPageTraceBehavior [ RunTime:0.000035s ]
INFO: [ app_end ] --END-- [ RunTime:0.000057s ]

[ 2017-03-06T11:22:54+08:00 ] 101.198.156.136 /
INFO: [ app_init ] --START--
INFO: Run Behavior\BuildLiteBehavior [ RunTime:0.000020s ]
INFO: [ app_init ] --END-- [ RunTime:0.000162s ]
INFO: [ app_begin ] --START--
INFO: Run Behavior\ReadHtmlCacheBehavior [ RunTime:0.000044s ]
INFO: [ app_begin ] --END-- [ RunTime:0.000074s ]
NOTIC: [8] Undefined index: echostr /var/www/html/liweilincm/Weixin/Home/Controller/WechatController.class.php 第 10 行.
NOTIC: [8] Undefined index: signature /var/www/html/liweilincm/Weixin/Home/Controller/WechatController.class.php 第 25 行.
NOTIC: [8] Undefined index: timestamp /var/www/html/liweilincm/Weixin/Home/Controller/WechatController.class.php 第 26 行.
NOTIC: [8] Undefined index: nonce /var/www/html/liweilincm/Weixin/Home/Controller/WechatController.class.php 第 27 行.
NOTIC: [8] Undefined index: HTTP_RAW_POST_DATA /var/www/html/liweilincm/Weixin/Home/Controller/WechatController.class.php 第 47 行.
NOTIC: [8] Trying to get property of non-object /var/www/html/liweilincm/Weixin/Home/Controller/WechatController.class.php 第 57 行.
NOTIC: [8] Trying to get property of non-object /var/www/html/liweilincm/Weixin/Home/Controller/WechatController.class.php 第 59 行.
NOTIC: [8] Trying to get property of non-object /var/www/html/liweilincm/Weixin/Home/Controller/WechatController.class.php 第 62 行.
NOTIC: [8] Trying to get property of non-object /var/www/html/liweilincm/Weixin/Home/Controller/WechatController.class.php 第 89 行.
INFO: [ app_end ] --START--
INFO: Run Behavior\ShowPageTraceBehavior [ RunTime:0.000151s ]
INFO: [ app_end ] --END-- [ RunTime:0.000178s ]

[ 2017-03-06T11:34:05+08:00 ] 23.247.88.51 /
INFO: [ app_init ] --START--
INFO: Run Behavior\BuildLiteBehavior [ RunTime:0.000014s ]
INFO: [ app_init ] --END-- [ RunTime:0.000125s ]
INFO: [ app_begin ] --START--
INFO: Run Behavior\ReadHtmlCacheBehavior [ RunTime:0.000040s ]
INFO: [ app_begin ] --END-- [ RunTime:0.000073s ]
NOTIC: [8] Undefined index: echostr /var/www/html/liweilincm/Weixin/Home/Controller/WechatController.class.php 第 10 行.
NOTIC: [8] Undefined index: signature /var/www/html/liweilincm/Weixin/Home/Controller/WechatController.class.php 第 25 行.
NOTIC: [8] Undefined index: timestamp /var/www/html/liweilincm/Weixin/Home/Controller/WechatController.class.php 第 26 行.
NOTIC: [8] Undefined index: nonce /var/www/html/liweilincm/Weixin/Home/Controller/WechatController.class.php 第 27 行.
NOTIC: [8] Undefined index: HTTP_RAW_POST_DATA /var/www/html/liweilincm/Weixin/Home/Controller/WechatController.class.php 第 47 行.
NOTIC: [8] Trying to get property of non-object /var/www/html/liweilincm/Weixin/Home/Controller/WechatController.class.php 第 57 行.
NOTIC: [8] Trying to get property of non-object /var/www/html/liweilincm/Weixin/Home/Controller/WechatController.class.php 第 59 行.
NOTIC: [8] Trying to get property of non-object /var/www/html/liweilincm/Weixin/Home/Controller/WechatController.class.php 第 62 行.
NOTIC: [8] Trying to get property of non-object /var/www/html/liweilincm/Weixin/Home/Controller/WechatController.class.php 第 89 行.
INFO: [ app_end ] --START--
INFO: Run Behavior\ShowPageTraceBehavior [ RunTime:0.000038s ]
INFO: [ app_end ] --END-- [ RunTime:0.000062s ]

[ 2017-03-06T14:03:32+08:00 ] 23.247.88.106 /
INFO: [ app_init ] --START--
INFO: Run Behavior\BuildLiteBehavior [ RunTime:0.000012s ]
INFO: [ app_init ] --END-- [ RunTime:0.000077s ]
INFO: [ app_begin ] --START--
INFO: Run Behavior\ReadHtmlCacheBehavior [ RunTime:0.000030s ]
INFO: [ app_begin ] --END-- [ RunTime:0.000054s ]
NOTIC: [8] Undefined index: echostr /var/www/html/liweilincm/Weixin/Home/Controller/WechatController.class.php 第 10 行.
NOTIC: [8] Undefined index: signature /var/www/html/liweilincm/Weixin/Home/Controller/WechatController.class.php 第 25 行.
NOTIC: [8] Undefined index: timestamp /var/www/html/liweilincm/Weixin/Home/Controller/WechatController.class.php 第 26 行.
NOTIC: [8] Undefined index: nonce /var/www/html/liweilincm/Weixin/Home/Controller/WechatController.class.php 第 27 行.
NOTIC: [8] Undefined index: HTTP_RAW_POST_DATA /var/www/html/liweilincm/Weixin/Home/Controller/WechatController.class.php 第 47 行.
NOTIC: [8] Trying to get property of non-object /var/www/html/liweilincm/Weixin/Home/Controller/WechatController.class.php 第 57 行.
NOTIC: [8] Trying to get property of non-object /var/www/html/liweilincm/Weixin/Home/Controller/WechatController.class.php 第 59 行.
NOTIC: [8] Trying to get property of non-object /var/www/html/liweilincm/Weixin/Home/Controller/WechatController.class.php 第 62 行.
NOTIC: [8] Trying to get property of non-object /var/www/html/liweilincm/Weixin/Home/Controller/WechatController.class.php 第 89 行.
INFO: [ app_end ] --START--
INFO: Run Behavior\ShowPageTraceBehavior [ RunTime:0.000046s ]
INFO: [ app_end ] --END-- [ RunTime:0.000076s ]

[ 2017-03-06T14:14:26+08:00 ] 14.176.20.167 /
INFO: [ app_init ] --START--
INFO: Run Behavior\BuildLiteBehavior [ RunTime:0.000011s ]
INFO: [ app_init ] --END-- [ RunTime:0.000074s ]
INFO: [ app_begin ] --START--
INFO: Run Behavior\ReadHtmlCacheBehavior [ RunTime:0.000036s ]
INFO: [ app_begin ] --END-- [ RunTime:0.000066s ]
NOTIC: [8] Undefined index: echostr /var/www/html/liweilincm/Weixin/Home/Controller/WechatController.class.php 第 10 行.
NOTIC: [8] Undefined index: signature /var/www/html/liweilincm/Weixin/Home/Controller/WechatController.class.php 第 25 行.
NOTIC: [8] Undefined index: timestamp /var/www/html/liweilincm/Weixin/Home/Controller/WechatController.class.php 第 26 行.
NOTIC: [8] Undefined index: nonce /var/www/html/liweilincm/Weixin/Home/Controller/WechatController.class.php 第 27 行.
NOTIC: [8] Undefined index: HTTP_RAW_POST_DATA /var/www/html/liweilincm/Weixin/Home/Controller/WechatController.class.php 第 47 行.
NOTIC: [8] Trying to get property of non-object /var/www/html/liweilincm/Weixin/Home/Controller/WechatController.class.php 第 57 行.
NOTIC: [8] Trying to get property of non-object /var/www/html/liweilincm/Weixin/Home/Controller/WechatController.class.php 第 59 行.
NOTIC: [8] Trying to get property of non-object /var/www/html/liweilincm/Weixin/Home/Controller/WechatController.class.php 第 62 行.
NOTIC: [8] Trying to get property of non-object /var/www/html/liweilincm/Weixin/Home/Controller/WechatController.class.php 第 89 行.
INFO: [ app_end ] --START--
INFO: Run Behavior\ShowPageTraceBehavior [ RunTime:0.000028s ]
INFO: [ app_end ] --END-- [ RunTime:0.000051s ]

[ 2017-03-06T15:06:16+08:00 ] 2.88.148.209 /
INFO: [ app_init ] --START--
INFO: Run Behavior\BuildLiteBehavior [ RunTime:0.000012s ]
INFO: [ app_init ] --END-- [ RunTime:0.000077s ]
INFO: [ app_begin ] --START--
INFO: Run Behavior\ReadHtmlCacheBehavior [ RunTime:0.000030s ]
INFO: [ app_begin ] --END-- [ RunTime:0.000055s ]
NOTIC: [8] Undefined index: echostr /var/www/html/liweilincm/Weixin/Home/Controller/WechatController.class.php 第 10 行.
NOTIC: [8] Undefined index: signature /var/www/html/liweilincm/Weixin/Home/Controller/WechatController.class.php 第 25 行.
NOTIC: [8] Undefined index: timestamp /var/www/html/liweilincm/Weixin/Home/Controller/WechatController.class.php 第 26 行.
NOTIC: [8] Undefined index: nonce /var/www/html/liweilincm/Weixin/Home/Controller/WechatController.class.php 第 27 行.
NOTIC: [8] Undefined index: HTTP_RAW_POST_DATA /var/www/html/liweilincm/Weixin/Home/Controller/WechatController.class.php 第 47 行.
NOTIC: [8] Trying to get property of non-object /var/www/html/liweilincm/Weixin/Home/Controller/WechatController.class.php 第 57 行.
NOTIC: [8] Trying to get property of non-object /var/www/html/liweilincm/Weixin/Home/Controller/WechatController.class.php 第 59 行.
NOTIC: [8] Trying to get property of non-object /var/www/html/liweilincm/Weixin/Home/Controller/WechatController.class.php 第 62 行.
NOTIC: [8] Trying to get property of non-object /var/www/html/liweilincm/Weixin/Home/Controller/WechatController.class.php 第 89 行.
INFO: [ app_end ] --START--
INFO: Run Behavior\ShowPageTraceBehavior [ RunTime:0.000030s ]
INFO: [ app_end ] --END-- [ RunTime:0.000053s ]

[ 2017-03-06T15:36:50+08:00 ] 59.110.6.177 /
INFO: [ app_init ] --START--
INFO: Run Behavior\BuildLiteBehavior [ RunTime:0.000011s ]
INFO: [ app_init ] --END-- [ RunTime:0.000075s ]
INFO: [ app_begin ] --START--
INFO: Run Behavior\ReadHtmlCacheBehavior [ RunTime:0.000029s ]
INFO: [ app_begin ] --END-- [ RunTime:0.000054s ]
NOTIC: [8] Undefined index: echostr /var/www/html/liweilincm/Weixin/Home/Controller/WechatController.class.php 第 10 行.
NOTIC: [8] Undefined index: signature /var/www/html/liweilincm/Weixin/Home/Controller/WechatController.class.php 第 25 行.
NOTIC: [8] Undefined index: timestamp /var/www/html/liweilincm/Weixin/Home/Controller/WechatController.class.php 第 26 行.
NOTIC: [8] Undefined index: nonce /var/www/html/liweilincm/Weixin/Home/Controller/WechatController.class.php 第 27 行.
NOTIC: [8] Undefined index: HTTP_RAW_POST_DATA /var/www/html/liweilincm/Weixin/Home/Controller/WechatController.class.php 第 47 行.
NOTIC: [8] Trying to get property of non-object /var/www/html/liweilincm/Weixin/Home/Controller/WechatController.class.php 第 57 行.
NOTIC: [8] Trying to get property of non-object /var/www/html/liweilincm/Weixin/Home/Controller/WechatController.class.php 第 59 行.
NOTIC: [8] Trying to get property of non-object /var/www/html/liweilincm/Weixin/Home/Controller/WechatController.class.php 第 62 行.
NOTIC: [8] Trying to get property of non-object /var/www/html/liweilincm/Weixin/Home/Controller/WechatController.class.php 第 89 行.
INFO: [ app_end ] --START--
INFO: Run Behavior\ShowPageTraceBehavior [ RunTime:0.000032s ]
INFO: [ app_end ] --END-- [ RunTime:0.000060s ]

[ 2017-03-06T16:11:52+08:00 ] 64.79.100.40 /
INFO: [ app_init ] --START--
INFO: Run Behavior\BuildLiteBehavior [ RunTime:0.000013s ]
INFO: [ app_init ] --END-- [ RunTime:0.000099s ]
INFO: [ app_begin ] --START--
INFO: Run Behavior\ReadHtmlCacheBehavior [ RunTime:0.000031s ]
INFO: [ app_begin ] --END-- [ RunTime:0.000055s ]
NOTIC: [8] Undefined index: echostr /var/www/html/liweilincm/Weixin/Home/Controller/WechatController.class.php 第 10 行.
NOTIC: [8] Undefined index: signature /var/www/html/liweilincm/Weixin/Home/Controller/WechatController.class.php 第 25 行.
NOTIC: [8] Undefined index: timestamp /var/www/html/liweilincm/Weixin/Home/Controller/WechatController.class.php 第 26 行.
NOTIC: [8] Undefined index: nonce /var/www/html/liweilincm/Weixin/Home/Controller/WechatController.class.php 第 27 行.
NOTIC: [8] Undefined index: HTTP_RAW_POST_DATA /var/www/html/liweilincm/Weixin/Home/Controller/WechatController.class.php 第 47 行.
NOTIC: [8] Trying to get property of non-object /var/www/html/liweilincm/Weixin/Home/Controller/WechatController.class.php 第 57 行.
NOTIC: [8] Trying to get property of non-object /var/www/html/liweilincm/Weixin/Home/Controller/WechatController.class.php 第 59 行.
NOTIC: [8] Trying to get property of non-object /var/www/html/liweilincm/Weixin/Home/Controller/WechatController.class.php 第 62 行.
NOTIC: [8] Trying to get property of non-object /var/www/html/liweilincm/Weixin/Home/Controller/WechatController.class.php 第 89 行.
INFO: [ app_end ] --START--
INFO: Run Behavior\ShowPageTraceBehavior [ RunTime:0.000033s ]
INFO: [ app_end ] --END-- [ RunTime:0.000057s ]

[ 2017-03-06T17:03:38+08:00 ] 189.157.49.78 /
INFO: [ app_init ] --START--
INFO: Run Behavior\BuildLiteBehavior [ RunTime:0.000011s ]
INFO: [ app_init ] --END-- [ RunTime:0.000074s ]
INFO: [ app_begin ] --START--
INFO: Run Behavior\ReadHtmlCacheBehavior [ RunTime:0.000029s ]
INFO: [ app_begin ] --END-- [ RunTime:0.000054s ]
NOTIC: [8] Undefined index: echostr /var/www/html/liweilincm/Weixin/Home/Controller/WechatController.class.php 第 10 行.
NOTIC: [8] Undefined index: signature /var/www/html/liweilincm/Weixin/Home/Controller/WechatController.class.php 第 25 行.
NOTIC: [8] Undefined index: timestamp /var/www/html/liweilincm/Weixin/Home/Controller/WechatController.class.php 第 26 行.
NOTIC: [8] Undefined index: nonce /var/www/html/liweilincm/Weixin/Home/Controller/WechatController.class.php 第 27 行.
NOTIC: [8] Undefined index: HTTP_RAW_POST_DATA /var/www/html/liweilincm/Weixin/Home/Controller/WechatController.class.php 第 47 行.
NOTIC: [8] Trying to get property of non-object /var/www/html/liweilincm/Weixin/Home/Controller/WechatController.class.php 第 57 行.
NOTIC: [8] Trying to get property of non-object /var/www/html/liweilincm/Weixin/Home/Controller/WechatController.class.php 第 59 行.
NOTIC: [8] Trying to get property of non-object /var/www/html/liweilincm/Weixin/Home/Controller/WechatController.class.php 第 62 行.
NOTIC: [8] Trying to get property of non-object /var/www/html/liweilincm/Weixin/Home/Controller/WechatController.class.php 第 89 行.
INFO: [ app_end ] --START--
INFO: Run Behavior\ShowPageTraceBehavior [ RunTime:0.000032s ]
INFO: [ app_end ] --END-- [ RunTime:0.000055s ]

[ 2017-03-06T19:43:58+08:00 ] 14.161.150.201 /
INFO: [ app_init ] --START--
INFO: Run Behavior\BuildLiteBehavior [ RunTime:0.000016s ]
INFO: [ app_init ] --END-- [ RunTime:0.000105s ]
INFO: [ app_begin ] --START--
INFO: Run Behavior\ReadHtmlCacheBehavior [ RunTime:0.000031s ]
INFO: [ app_begin ] --END-- [ RunTime:0.000058s ]
NOTIC: [8] Undefined index: echostr /var/www/html/liweilincm/Weixin/Home/Controller/WechatController.class.php 第 10 行.
NOTIC: [8] Undefined index: signature /var/www/html/liweilincm/Weixin/Home/Controller/WechatController.class.php 第 25 行.
NOTIC: [8] Undefined index: timestamp /var/www/html/liweilincm/Weixin/Home/Controller/WechatController.class.php 第 26 行.
NOTIC: [8] Undefined index: nonce /var/www/html/liweilincm/Weixin/Home/Controller/WechatController.class.php 第 27 行.
NOTIC: [8] Undefined index: HTTP_RAW_POST_DATA /var/www/html/liweilincm/Weixin/Home/Controller/WechatController.class.php 第 47 行.
NOTIC: [8] Trying to get property of non-object /var/www/html/liweilincm/Weixin/Home/Controller/WechatController.class.php 第 57 行.
NOTIC: [8] Trying to get property of non-object /var/www/html/liweilincm/Weixin/Home/Controller/WechatController.class.php 第 59 行.
NOTIC: [8] Trying to get property of non-object /var/www/html/liweilincm/Weixin/Home/Controller/WechatController.class.php 第 62 行.
NOTIC: [8] Trying to get property of non-object /var/www/html/liweilincm/Weixin/Home/Controller/WechatController.class.php 第 89 行.
INFO: [ app_end ] --START--
INFO: Run Behavior\ShowPageTraceBehavior [ RunTime:0.000032s ]
INFO: [ app_end ] --END-- [ RunTime:0.000059s ]

[ 2017-03-06T19:44:47+08:00 ] 140.205.201.44 /
INFO: [ app_init ] --START--
INFO: Run Behavior\BuildLiteBehavior [ RunTime:0.000012s ]
INFO: [ app_init ] --END-- [ RunTime:0.000074s ]
INFO: [ app_begin ] --START--
INFO: Run Behavior\ReadHtmlCacheBehavior [ RunTime:0.000033s ]
INFO: [ app_begin ] --END-- [ RunTime:0.000074s ]
NOTIC: [8] Undefined index: echostr /var/www/html/liweilincm/Weixin/Home/Controller/WechatController.class.php 第 10 行.
NOTIC: [8] Undefined index: signature /var/www/html/liweilincm/Weixin/Home/Controller/WechatController.class.php 第 25 行.
NOTIC: [8] Undefined index: timestamp /var/www/html/liweilincm/Weixin/Home/Controller/WechatController.class.php 第 26 行.
NOTIC: [8] Undefined index: nonce /var/www/html/liweilincm/Weixin/Home/Controller/WechatController.class.php 第 27 行.
NOTIC: [8] Undefined index: HTTP_RAW_POST_DATA /var/www/html/liweilincm/Weixin/Home/Controller/WechatController.class.php 第 47 行.
NOTIC: [8] Trying to get property of non-object /var/www/html/liweilincm/Weixin/Home/Controller/WechatController.class.php 第 57 行.
NOTIC: [8] Trying to get property of non-object /var/www/html/liweilincm/Weixin/Home/Controller/WechatController.class.php 第 59 行.
NOTIC: [8] Trying to get property of non-object /var/www/html/liweilincm/Weixin/Home/Controller/WechatController.class.php 第 62 行.
NOTIC: [8] Trying to get property of non-object /var/www/html/liweilincm/Weixin/Home/Controller/WechatController.class.php 第 89 行.
INFO: [ app_end ] --START--
INFO: Run Behavior\ShowPageTraceBehavior [ RunTime:0.000032s ]
INFO: [ app_end ] --END-- [ RunTime:0.000055s ]

[ 2017-03-06T19:45:40+08:00 ] 140.205.201.44 /
INFO: [ app_init ] --START--
INFO: Run Behavior\BuildLiteBehavior [ RunTime:0.000013s ]
INFO: [ app_init ] --END-- [ RunTime:0.000076s ]
INFO: [ app_begin ] --START--
INFO: Run Behavior\ReadHtmlCacheBehavior [ RunTime:0.000031s ]
INFO: [ app_begin ] --END-- [ RunTime:0.000053s ]
NOTIC: [8] Undefined index: echostr /var/www/html/liweilincm/Weixin/Home/Controller/WechatController.class.php 第 10 行.
NOTIC: [8] Undefined index: signature /var/www/html/liweilincm/Weixin/Home/Controller/WechatController.class.php 第 25 行.
NOTIC: [8] Undefined index: timestamp /var/www/html/liweilincm/Weixin/Home/Controller/WechatController.class.php 第 26 行.
NOTIC: [8] Undefined index: nonce /var/www/html/liweilincm/Weixin/Home/Controller/WechatController.class.php 第 27 行.
NOTIC: [8] Undefined index: HTTP_RAW_POST_DATA /var/www/html/liweilincm/Weixin/Home/Controller/WechatController.class.php 第 47 行.
NOTIC: [8] Trying to get property of non-object /var/www/html/liweilincm/Weixin/Home/Controller/WechatController.class.php 第 57 行.
NOTIC: [8] Trying to get property of non-object /var/www/html/liweilincm/Weixin/Home/Controller/WechatController.class.php 第 59 行.
NOTIC: [8] Trying to get property of non-object /var/www/html/liweilincm/Weixin/Home/Controller/WechatController.class.php 第 62 行.
NOTIC: [8] Trying to get property of non-object /var/www/html/liweilincm/Weixin/Home/Controller/WechatController.class.php 第 89 行.
INFO: [ app_end ] --START--
INFO: Run Behavior\ShowPageTraceBehavior [ RunTime:0.000042s ]
INFO: [ app_end ] --END-- [ RunTime:0.000077s ]

[ 2017-03-06T19:45:50+08:00 ] 140.205.201.44 /
INFO: [ app_init ] --START--
INFO: Run Behavior\BuildLiteBehavior [ RunTime:0.000011s ]
INFO: [ app_init ] --END-- [ RunTime:0.000073s ]
INFO: [ app_begin ] --START--
INFO: Run Behavior\ReadHtmlCacheBehavior [ RunTime:0.000028s ]
INFO: [ app_begin ] --END-- [ RunTime:0.000052s ]
NOTIC: [8] Undefined index: echostr /var/www/html/liweilincm/Weixin/Home/Controller/WechatController.class.php 第 10 行.
NOTIC: [8] Undefined index: signature /var/www/html/liweilincm/Weixin/Home/Controller/WechatController.class.php 第 25 行.
NOTIC: [8] Undefined index: timestamp /var/www/html/liweilincm/Weixin/Home/Controller/WechatController.class.php 第 26 行.
NOTIC: [8] Undefined index: nonce /var/www/html/liweilincm/Weixin/Home/Controller/WechatController.class.php 第 27 行.
NOTIC: [8] Undefined index: HTTP_RAW_POST_DATA /var/www/html/liweilincm/Weixin/Home/Controller/WechatController.class.php 第 47 行.
NOTIC: [8] Trying to get property of non-object /var/www/html/liweilincm/Weixin/Home/Controller/WechatController.class.php 第 57 行.
NOTIC: [8] Trying to get property of non-object /var/www/html/liweilincm/Weixin/Home/Controller/WechatController.class.php 第 59 行.
NOTIC: [8] Trying to get property of non-object /var/www/html/liweilincm/Weixin/Home/Controller/WechatController.class.php 第 62 行.
NOTIC: [8] Trying to get property of non-object /var/www/html/liweilincm/Weixin/Home/Controller/WechatController.class.php 第 89 行.
INFO: [ app_end ] --START--
INFO: Run Behavior\ShowPageTraceBehavior [ RunTime:0.000028s ]
INFO: [ app_end ] --END-- [ RunTime:0.000051s ]

[ 2017-03-06T19:45:58+08:00 ] 140.205.201.44 /
INFO: [ app_init ] --START--
INFO: Run Behavior\BuildLiteBehavior [ RunTime:0.000012s ]
INFO: [ app_init ] --END-- [ RunTime:0.000076s ]
INFO: [ app_begin ] --START--
INFO: Run Behavior\ReadHtmlCacheBehavior [ RunTime:0.000044s ]
INFO: [ app_begin ] --END-- [ RunTime:0.000084s ]
NOTIC: [8] Undefined index: echostr /var/www/html/liweilincm/Weixin/Home/Controller/WechatController.class.php 第 10 行.
NOTIC: [8] Undefined index: signature /var/www/html/liweilincm/Weixin/Home/Controller/WechatController.class.php 第 25 行.
NOTIC: [8] Undefined index: timestamp /var/www/html/liweilincm/Weixin/Home/Controller/WechatController.class.php 第 26 行.
NOTIC: [8] Undefined index: nonce /var/www/html/liweilincm/Weixin/Home/Controller/WechatController.class.php 第 27 行.
NOTIC: [8] Undefined index: HTTP_RAW_POST_DATA /var/www/html/liweilincm/Weixin/Home/Controller/WechatController.class.php 第 47 行.
NOTIC: [8] Trying to get property of non-object /var/www/html/liweilincm/Weixin/Home/Controller/WechatController.class.php 第 57 行.
NOTIC: [8] Trying to get property of non-object /var/www/html/liweilincm/Weixin/Home/Controller/WechatController.class.php 第 59 行.
NOTIC: [8] Trying to get property of non-object /var/www/html/liweilincm/Weixin/Home/Controller/WechatController.class.php 第 62 行.
NOTIC: [8] Trying to get property of non-object /var/www/html/liweilincm/Weixin/Home/Controller/WechatController.class.php 第 89 行.
INFO: [ app_end ] --START--
INFO: Run Behavior\ShowPageTraceBehavior [ RunTime:0.000029s ]
INFO: [ app_end ] --END-- [ RunTime:0.000051s ]

[ 2017-03-06T19:46:10+08:00 ] 140.205.201.44 /index.php
INFO: [ app_init ] --START--
INFO: Run Behavior\BuildLiteBehavior [ RunTime:0.000013s ]
INFO: [ app_init ] --END-- [ RunTime:0.000090s ]
INFO: [ app_begin ] --START--
INFO: Run Behavior\ReadHtmlCacheBehavior [ RunTime:0.000030s ]
INFO: [ app_begin ] --END-- [ RunTime:0.000055s ]
NOTIC: [8] Undefined index: echostr /var/www/html/liweilincm/Weixin/Home/Controller/WechatController.class.php 第 10 行.
NOTIC: [8] Undefined index: signature /var/www/html/liweilincm/Weixin/Home/Controller/WechatController.class.php 第 25 行.
NOTIC: [8] Undefined index: timestamp /var/www/html/liweilincm/Weixin/Home/Controller/WechatController.class.php 第 26 行.
NOTIC: [8] Undefined index: nonce /var/www/html/liweilincm/Weixin/Home/Controller/WechatController.class.php 第 27 行.
NOTIC: [8] Undefined index: HTTP_RAW_POST_DATA /var/www/html/liweilincm/Weixin/Home/Controller/WechatController.class.php 第 47 行.
NOTIC: [8] Trying to get property of non-object /var/www/html/liweilincm/Weixin/Home/Controller/WechatController.class.php 第 57 行.
NOTIC: [8] Trying to get property of non-object /var/www/html/liweilincm/Weixin/Home/Controller/WechatController.class.php 第 59 行.
NOTIC: [8] Trying to get property of non-object /var/www/html/liweilincm/Weixin/Home/Controller/WechatController.class.php 第 62 行.
NOTIC: [8] Trying to get property of non-object /var/www/html/liweilincm/Weixin/Home/Controller/WechatController.class.php 第 89 行.
INFO: [ app_end ] --START--
INFO: Run Behavior\ShowPageTraceBehavior [ RunTime:0.000028s ]
INFO: [ app_end ] --END-- [ RunTime:0.000050s ]

[ 2017-03-06T19:46:38+08:00 ] 140.205.201.44 /
INFO: [ app_init ] --START--
INFO: Run Behavior\BuildLiteBehavior [ RunTime:0.000010s ]
INFO: [ app_init ] --END-- [ RunTime:0.000073s ]
INFO: [ app_begin ] --START--
INFO: Run Behavior\ReadHtmlCacheBehavior [ RunTime:0.000029s ]
INFO: [ app_begin ] --END-- [ RunTime:0.000054s ]
NOTIC: [8] Undefined index: echostr /var/www/html/liweilincm/Weixin/Home/Controller/WechatController.class.php 第 10 行.
NOTIC: [8] Undefined index: signature /var/www/html/liweilincm/Weixin/Home/Controller/WechatController.class.php 第 25 行.
NOTIC: [8] Undefined index: timestamp /var/www/html/liweilincm/Weixin/Home/Controller/WechatController.class.php 第 26 行.
NOTIC: [8] Undefined index: nonce /var/www/html/liweilincm/Weixin/Home/Controller/WechatController.class.php 第 27 行.
NOTIC: [8] Undefined index: HTTP_RAW_POST_DATA /var/www/html/liweilincm/Weixin/Home/Controller/WechatController.class.php 第 47 行.
NOTIC: [8] Trying to get property of non-object /var/www/html/liweilincm/Weixin/Home/Controller/WechatController.class.php 第 57 行.
NOTIC: [8] Trying to get property of non-object /var/www/html/liweilincm/Weixin/Home/Controller/WechatController.class.php 第 59 行.
NOTIC: [8] Trying to get property of non-object /var/www/html/liweilincm/Weixin/Home/Controller/WechatController.class.php 第 62 行.
NOTIC: [8] Trying to get property of non-object /var/www/html/liweilincm/Weixin/Home/Controller/WechatController.class.php 第 89 行.
INFO: [ app_end ] --START--
INFO: Run Behavior\ShowPageTraceBehavior [ RunTime:0.000027s ]
INFO: [ app_end ] --END-- [ RunTime:0.000051s ]

[ 2017-03-06T23:26:37+08:00 ] 150.255.105.176 http://www.123cha.com
INFO: [ app_init ] --START--
INFO: Run Behavior\BuildLiteBehavior [ RunTime:0.000012s ]
INFO: [ app_init ] --END-- [ RunTime:0.000074s ]
INFO: [ app_begin ] --START--
INFO: Run Behavior\ReadHtmlCacheBehavior [ RunTime:0.000029s ]
INFO: [ app_begin ] --END-- [ RunTime:0.000053s ]
NOTIC: [8] Undefined index: echostr /var/www/html/liweilincm/Weixin/Home/Controller/WechatController.class.php 第 10 行.
NOTIC: [8] Undefined index: signature /var/www/html/liweilincm/Weixin/Home/Controller/WechatController.class.php 第 25 行.
NOTIC: [8] Undefined index: timestamp /var/www/html/liweilincm/Weixin/Home/Controller/WechatController.class.php 第 26 行.
NOTIC: [8] Undefined index: nonce /var/www/html/liweilincm/Weixin/Home/Controller/WechatController.class.php 第 27 行.
NOTIC: [8] Undefined index: HTTP_RAW_POST_DATA /var/www/html/liweilincm/Weixin/Home/Controller/WechatController.class.php 第 47 行.
NOTIC: [8] Trying to get property of non-object /var/www/html/liweilincm/Weixin/Home/Controller/WechatController.class.php 第 57 行.
NOTIC: [8] Trying to get property of non-object /var/www/html/liweilincm/Weixin/Home/Controller/WechatController.class.php 第 59 行.
NOTIC: [8] Trying to get property of non-object /var/www/html/liweilincm/Weixin/Home/Controller/WechatController.class.php 第 62 行.
NOTIC: [8] Trying to get property of non-object /var/www/html/liweilincm/Weixin/Home/Controller/WechatController.class.php 第 89 行.
INFO: [ app_end ] --START--
INFO: Run Behavior\ShowPageTraceBehavior [ RunTime:0.000032s ]
INFO: [ app_end ] --END-- [ RunTime:0.000055s ]

