[ 2017-02-24T01:14:04+08:00 ] 36.105.111.93 http://www.baidu.com/
INFO: [ app_init ] --START--
INFO: Run Behavior\BuildLiteBehavior [ RunTime:0.000011s ]
INFO: [ app_init ] --END-- [ RunTime:0.000073s ]
INFO: [ app_begin ] --START--
INFO: Run Behavior\ReadHtmlCacheBehavior [ RunTime:0.000029s ]
INFO: [ app_begin ] --END-- [ RunTime:0.000052s ]
NOTIC: [8] Undefined index: echostr /var/www/html/liweilincm/Weixin/Home/Controller/WechatController.class.php 第 10 行.
NOTIC: [8] Undefined index: signature /var/www/html/liweilincm/Weixin/Home/Controller/WechatController.class.php 第 25 行.
NOTIC: [8] Undefined index: timestamp /var/www/html/liweilincm/Weixin/Home/Controller/WechatController.class.php 第 26 行.
NOTIC: [8] Undefined index: nonce /var/www/html/liweilincm/Weixin/Home/Controller/WechatController.class.php 第 27 行.
NOTIC: [8] Undefined index: HTTP_RAW_POST_DATA /var/www/html/liweilincm/Weixin/Home/Controller/WechatController.class.php 第 47 行.
NOTIC: [8] Trying to get property of non-object /var/www/html/liweilincm/Weixin/Home/Controller/WechatController.class.php 第 57 行.
NOTIC: [8] Trying to get property of non-object /var/www/html/liweilincm/Weixin/Home/Controller/WechatController.class.php 第 59 行.
NOTIC: [8] Trying to get property of non-object /var/www/html/liweilincm/Weixin/Home/Controller/WechatController.class.php 第 62 行.
NOTIC: [8] Trying to get property of non-object /var/www/html/liweilincm/Weixin/Home/Controller/WechatController.class.php 第 89 行.
INFO: [ app_end ] --START--
INFO: Run Behavior\ShowPageTraceBehavior [ RunTime:0.000028s ]
INFO: [ app_end ] --END-- [ RunTime:0.000050s ]

[ 2017-02-24T03:50:51+08:00 ] 122.117.184.142 /
INFO: [ app_init ] --START--
INFO: Run Behavior\BuildLiteBehavior [ RunTime:0.000013s ]
INFO: [ app_init ] --END-- [ RunTime:0.000081s ]
INFO: [ app_begin ] --START--
INFO: Run Behavior\ReadHtmlCacheBehavior [ RunTime:0.000031s ]
INFO: [ app_begin ] --END-- [ RunTime:0.000055s ]
NOTIC: [8] Undefined index: echostr /var/www/html/liweilincm/Weixin/Home/Controller/WechatController.class.php 第 10 行.
NOTIC: [8] Undefined index: signature /var/www/html/liweilincm/Weixin/Home/Controller/WechatController.class.php 第 25 行.
NOTIC: [8] Undefined index: timestamp /var/www/html/liweilincm/Weixin/Home/Controller/WechatController.class.php 第 26 行.
NOTIC: [8] Undefined index: nonce /var/www/html/liweilincm/Weixin/Home/Controller/WechatController.class.php 第 27 行.
NOTIC: [8] Undefined index: HTTP_RAW_POST_DATA /var/www/html/liweilincm/Weixin/Home/Controller/WechatController.class.php 第 47 行.
NOTIC: [8] Trying to get property of non-object /var/www/html/liweilincm/Weixin/Home/Controller/WechatController.class.php 第 57 行.
NOTIC: [8] Trying to get property of non-object /var/www/html/liweilincm/Weixin/Home/Controller/WechatController.class.php 第 59 行.
NOTIC: [8] Trying to get property of non-object /var/www/html/liweilincm/Weixin/Home/Controller/WechatController.class.php 第 62 行.
NOTIC: [8] Trying to get property of non-object /var/www/html/liweilincm/Weixin/Home/Controller/WechatController.class.php 第 89 行.
INFO: [ app_end ] --START--
INFO: Run Behavior\ShowPageTraceBehavior [ RunTime:0.000030s ]
INFO: [ app_end ] --END-- [ RunTime:0.000052s ]

[ 2017-02-24T04:22:28+08:00 ] 158.69.225.35 /
INFO: [ app_init ] --START--
INFO: Run Behavior\BuildLiteBehavior [ RunTime:0.000011s ]
INFO: [ app_init ] --END-- [ RunTime:0.000074s ]
INFO: [ app_begin ] --START--
INFO: Run Behavior\ReadHtmlCacheBehavior [ RunTime:0.000033s ]
INFO: [ app_begin ] --END-- [ RunTime:0.000059s ]
NOTIC: [8] Undefined index: echostr /var/www/html/liweilincm/Weixin/Home/Controller/WechatController.class.php 第 10 行.
NOTIC: [8] Undefined index: signature /var/www/html/liweilincm/Weixin/Home/Controller/WechatController.class.php 第 25 行.
NOTIC: [8] Undefined index: timestamp /var/www/html/liweilincm/Weixin/Home/Controller/WechatController.class.php 第 26 行.
NOTIC: [8] Undefined index: nonce /var/www/html/liweilincm/Weixin/Home/Controller/WechatController.class.php 第 27 行.
NOTIC: [8] Undefined index: HTTP_RAW_POST_DATA /var/www/html/liweilincm/Weixin/Home/Controller/WechatController.class.php 第 47 行.
NOTIC: [8] Trying to get property of non-object /var/www/html/liweilincm/Weixin/Home/Controller/WechatController.class.php 第 57 行.
NOTIC: [8] Trying to get property of non-object /var/www/html/liweilincm/Weixin/Home/Controller/WechatController.class.php 第 59 行.
NOTIC: [8] Trying to get property of non-object /var/www/html/liweilincm/Weixin/Home/Controller/WechatController.class.php 第 62 行.
NOTIC: [8] Trying to get property of non-object /var/www/html/liweilincm/Weixin/Home/Controller/WechatController.class.php 第 89 行.
INFO: [ app_end ] --START--
INFO: Run Behavior\ShowPageTraceBehavior [ RunTime:0.000028s ]
INFO: [ app_end ] --END-- [ RunTime:0.000050s ]

[ 2017-02-24T04:22:39+08:00 ] 158.69.225.35 /
INFO: [ app_init ] --START--
INFO: Run Behavior\BuildLiteBehavior [ RunTime:0.000011s ]
INFO: [ app_init ] --END-- [ RunTime:0.000073s ]
INFO: [ app_begin ] --START--
INFO: Run Behavior\ReadHtmlCacheBehavior [ RunTime:0.000028s ]
INFO: [ app_begin ] --END-- [ RunTime:0.000052s ]
NOTIC: [8] Undefined index: echostr /var/www/html/liweilincm/Weixin/Home/Controller/WechatController.class.php 第 10 行.
NOTIC: [8] Undefined index: signature /var/www/html/liweilincm/Weixin/Home/Controller/WechatController.class.php 第 25 行.
NOTIC: [8] Undefined index: timestamp /var/www/html/liweilincm/Weixin/Home/Controller/WechatController.class.php 第 26 行.
NOTIC: [8] Undefined index: nonce /var/www/html/liweilincm/Weixin/Home/Controller/WechatController.class.php 第 27 行.
NOTIC: [8] Undefined index: HTTP_RAW_POST_DATA /var/www/html/liweilincm/Weixin/Home/Controller/WechatController.class.php 第 47 行.
NOTIC: [8] Trying to get property of non-object /var/www/html/liweilincm/Weixin/Home/Controller/WechatController.class.php 第 57 行.
NOTIC: [8] Trying to get property of non-object /var/www/html/liweilincm/Weixin/Home/Controller/WechatController.class.php 第 59 行.
NOTIC: [8] Trying to get property of non-object /var/www/html/liweilincm/Weixin/Home/Controller/WechatController.class.php 第 62 行.
NOTIC: [8] Trying to get property of non-object /var/www/html/liweilincm/Weixin/Home/Controller/WechatController.class.php 第 89 行.
INFO: [ app_end ] --START--
INFO: Run Behavior\ShowPageTraceBehavior [ RunTime:0.000031s ]
INFO: [ app_end ] --END-- [ RunTime:0.000059s ]

[ 2017-02-24T04:22:40+08:00 ] 158.69.225.35 /
INFO: [ app_init ] --START--
INFO: Run Behavior\BuildLiteBehavior [ RunTime:0.000012s ]
INFO: [ app_init ] --END-- [ RunTime:0.000088s ]
INFO: [ app_begin ] --START--
INFO: Run Behavior\ReadHtmlCacheBehavior [ RunTime:0.000027s ]
INFO: [ app_begin ] --END-- [ RunTime:0.000051s ]
NOTIC: [8] Undefined index: echostr /var/www/html/liweilincm/Weixin/Home/Controller/WechatController.class.php 第 10 行.
NOTIC: [8] Undefined index: signature /var/www/html/liweilincm/Weixin/Home/Controller/WechatController.class.php 第 25 行.
NOTIC: [8] Undefined index: timestamp /var/www/html/liweilincm/Weixin/Home/Controller/WechatController.class.php 第 26 行.
NOTIC: [8] Undefined index: nonce /var/www/html/liweilincm/Weixin/Home/Controller/WechatController.class.php 第 27 行.
NOTIC: [8] Undefined index: HTTP_RAW_POST_DATA /var/www/html/liweilincm/Weixin/Home/Controller/WechatController.class.php 第 47 行.
NOTIC: [8] Trying to get property of non-object /var/www/html/liweilincm/Weixin/Home/Controller/WechatController.class.php 第 57 行.
NOTIC: [8] Trying to get property of non-object /var/www/html/liweilincm/Weixin/Home/Controller/WechatController.class.php 第 59 行.
NOTIC: [8] Trying to get property of non-object /var/www/html/liweilincm/Weixin/Home/Controller/WechatController.class.php 第 62 行.
NOTIC: [8] Trying to get property of non-object /var/www/html/liweilincm/Weixin/Home/Controller/WechatController.class.php 第 89 行.
INFO: [ app_end ] --START--
INFO: Run Behavior\ShowPageTraceBehavior [ RunTime:0.000036s ]
INFO: [ app_end ] --END-- [ RunTime:0.000072s ]

[ 2017-02-24T05:09:28+08:00 ] 27.54.254.150 /
INFO: [ app_init ] --START--
INFO: Run Behavior\BuildLiteBehavior [ RunTime:0.000012s ]
INFO: [ app_init ] --END-- [ RunTime:0.000098s ]
INFO: [ app_begin ] --START--
INFO: Run Behavior\ReadHtmlCacheBehavior [ RunTime:0.000030s ]
INFO: [ app_begin ] --END-- [ RunTime:0.000056s ]
NOTIC: [8] Undefined index: echostr /var/www/html/liweilincm/Weixin/Home/Controller/WechatController.class.php 第 10 行.
NOTIC: [8] Undefined index: signature /var/www/html/liweilincm/Weixin/Home/Controller/WechatController.class.php 第 25 行.
NOTIC: [8] Undefined index: timestamp /var/www/html/liweilincm/Weixin/Home/Controller/WechatController.class.php 第 26 行.
NOTIC: [8] Undefined index: nonce /var/www/html/liweilincm/Weixin/Home/Controller/WechatController.class.php 第 27 行.
NOTIC: [8] Undefined index: HTTP_RAW_POST_DATA /var/www/html/liweilincm/Weixin/Home/Controller/WechatController.class.php 第 47 行.
NOTIC: [8] Trying to get property of non-object /var/www/html/liweilincm/Weixin/Home/Controller/WechatController.class.php 第 57 行.
NOTIC: [8] Trying to get property of non-object /var/www/html/liweilincm/Weixin/Home/Controller/WechatController.class.php 第 59 行.
NOTIC: [8] Trying to get property of non-object /var/www/html/liweilincm/Weixin/Home/Controller/WechatController.class.php 第 62 行.
NOTIC: [8] Trying to get property of non-object /var/www/html/liweilincm/Weixin/Home/Controller/WechatController.class.php 第 89 行.
INFO: [ app_end ] --START--
INFO: Run Behavior\ShowPageTraceBehavior [ RunTime:0.000030s ]
INFO: [ app_end ] --END-- [ RunTime:0.000052s ]

[ 2017-02-24T05:09:28+08:00 ] 27.54.254.150 /
INFO: [ app_init ] --START--
INFO: Run Behavior\BuildLiteBehavior [ RunTime:0.000011s ]
INFO: [ app_init ] --END-- [ RunTime:0.000071s ]
INFO: [ app_begin ] --START--
INFO: Run Behavior\ReadHtmlCacheBehavior [ RunTime:0.000023s ]
INFO: [ app_begin ] --END-- [ RunTime:0.000047s ]
NOTIC: [8] Undefined index: echostr /var/www/html/liweilincm/Weixin/Home/Controller/WechatController.class.php 第 10 行.
NOTIC: [8] Undefined index: signature /var/www/html/liweilincm/Weixin/Home/Controller/WechatController.class.php 第 25 行.
NOTIC: [8] Undefined index: timestamp /var/www/html/liweilincm/Weixin/Home/Controller/WechatController.class.php 第 26 行.
NOTIC: [8] Undefined index: nonce /var/www/html/liweilincm/Weixin/Home/Controller/WechatController.class.php 第 27 行.
NOTIC: [8] Undefined index: HTTP_RAW_POST_DATA /var/www/html/liweilincm/Weixin/Home/Controller/WechatController.class.php 第 47 行.
NOTIC: [8] Trying to get property of non-object /var/www/html/liweilincm/Weixin/Home/Controller/WechatController.class.php 第 57 行.
NOTIC: [8] Trying to get property of non-object /var/www/html/liweilincm/Weixin/Home/Controller/WechatController.class.php 第 59 行.
NOTIC: [8] Trying to get property of non-object /var/www/html/liweilincm/Weixin/Home/Controller/WechatController.class.php 第 62 行.
NOTIC: [8] Trying to get property of non-object /var/www/html/liweilincm/Weixin/Home/Controller/WechatController.class.php 第 89 行.
INFO: [ app_end ] --START--
INFO: Run Behavior\ShowPageTraceBehavior [ RunTime:0.000022s ]
INFO: [ app_end ] --END-- [ RunTime:0.000043s ]

[ 2017-02-24T05:13:19+08:00 ] 114.215.45.79 /
INFO: [ app_init ] --START--
INFO: Run Behavior\BuildLiteBehavior [ RunTime:0.000014s ]
INFO: [ app_init ] --END-- [ RunTime:0.000103s ]
INFO: [ app_begin ] --START--
INFO: Run Behavior\ReadHtmlCacheBehavior [ RunTime:0.000035s ]
INFO: [ app_begin ] --END-- [ RunTime:0.000066s ]
NOTIC: [8] Undefined index: echostr /var/www/html/liweilincm/Weixin/Home/Controller/WechatController.class.php 第 10 行.
NOTIC: [8] Undefined index: signature /var/www/html/liweilincm/Weixin/Home/Controller/WechatController.class.php 第 25 行.
NOTIC: [8] Undefined index: timestamp /var/www/html/liweilincm/Weixin/Home/Controller/WechatController.class.php 第 26 行.
NOTIC: [8] Undefined index: nonce /var/www/html/liweilincm/Weixin/Home/Controller/WechatController.class.php 第 27 行.
NOTIC: [8] Undefined index: HTTP_RAW_POST_DATA /var/www/html/liweilincm/Weixin/Home/Controller/WechatController.class.php 第 47 行.
NOTIC: [8] Trying to get property of non-object /var/www/html/liweilincm/Weixin/Home/Controller/WechatController.class.php 第 57 行.
NOTIC: [8] Trying to get property of non-object /var/www/html/liweilincm/Weixin/Home/Controller/WechatController.class.php 第 59 行.
NOTIC: [8] Trying to get property of non-object /var/www/html/liweilincm/Weixin/Home/Controller/WechatController.class.php 第 62 行.
NOTIC: [8] Trying to get property of non-object /var/www/html/liweilincm/Weixin/Home/Controller/WechatController.class.php 第 89 行.
INFO: [ app_end ] --START--
INFO: Run Behavior\ShowPageTraceBehavior [ RunTime:0.000028s ]
INFO: [ app_end ] --END-- [ RunTime:0.000050s ]

[ 2017-02-24T05:33:57+08:00 ] 121.201.45.212 http://m.search.yahoo.com/
INFO: [ app_init ] --START--
INFO: Run Behavior\BuildLiteBehavior [ RunTime:0.000012s ]
INFO: [ app_init ] --END-- [ RunTime:0.000082s ]
INFO: [ app_begin ] --START--
INFO: Run Behavior\ReadHtmlCacheBehavior [ RunTime:0.000030s ]
INFO: [ app_begin ] --END-- [ RunTime:0.000054s ]
NOTIC: [8] Undefined index: echostr /var/www/html/liweilincm/Weixin/Home/Controller/WechatController.class.php 第 10 行.
NOTIC: [8] Undefined index: signature /var/www/html/liweilincm/Weixin/Home/Controller/WechatController.class.php 第 25 行.
NOTIC: [8] Undefined index: timestamp /var/www/html/liweilincm/Weixin/Home/Controller/WechatController.class.php 第 26 行.
NOTIC: [8] Undefined index: nonce /var/www/html/liweilincm/Weixin/Home/Controller/WechatController.class.php 第 27 行.
NOTIC: [8] Undefined index: HTTP_RAW_POST_DATA /var/www/html/liweilincm/Weixin/Home/Controller/WechatController.class.php 第 47 行.
NOTIC: [8] Trying to get property of non-object /var/www/html/liweilincm/Weixin/Home/Controller/WechatController.class.php 第 57 行.
NOTIC: [8] Trying to get property of non-object /var/www/html/liweilincm/Weixin/Home/Controller/WechatController.class.php 第 59 行.
NOTIC: [8] Trying to get property of non-object /var/www/html/liweilincm/Weixin/Home/Controller/WechatController.class.php 第 62 行.
NOTIC: [8] Trying to get property of non-object /var/www/html/liweilincm/Weixin/Home/Controller/WechatController.class.php 第 89 行.
INFO: [ app_end ] --START--
INFO: Run Behavior\ShowPageTraceBehavior [ RunTime:0.000027s ]
INFO: [ app_end ] --END-- [ RunTime:0.000050s ]

[ 2017-02-24T05:51:45+08:00 ] 114.215.45.101 /
INFO: [ app_init ] --START--
INFO: Run Behavior\BuildLiteBehavior [ RunTime:0.000010s ]
INFO: [ app_init ] --END-- [ RunTime:0.000074s ]
INFO: [ app_begin ] --START--
INFO: Run Behavior\ReadHtmlCacheBehavior [ RunTime:0.000031s ]
INFO: [ app_begin ] --END-- [ RunTime:0.000055s ]
NOTIC: [8] Undefined index: echostr /var/www/html/liweilincm/Weixin/Home/Controller/WechatController.class.php 第 10 行.
NOTIC: [8] Undefined index: signature /var/www/html/liweilincm/Weixin/Home/Controller/WechatController.class.php 第 25 行.
NOTIC: [8] Undefined index: timestamp /var/www/html/liweilincm/Weixin/Home/Controller/WechatController.class.php 第 26 行.
NOTIC: [8] Undefined index: nonce /var/www/html/liweilincm/Weixin/Home/Controller/WechatController.class.php 第 27 行.
NOTIC: [8] Undefined index: HTTP_RAW_POST_DATA /var/www/html/liweilincm/Weixin/Home/Controller/WechatController.class.php 第 47 行.
NOTIC: [8] Trying to get property of non-object /var/www/html/liweilincm/Weixin/Home/Controller/WechatController.class.php 第 57 行.
NOTIC: [8] Trying to get property of non-object /var/www/html/liweilincm/Weixin/Home/Controller/WechatController.class.php 第 59 行.
NOTIC: [8] Trying to get property of non-object /var/www/html/liweilincm/Weixin/Home/Controller/WechatController.class.php 第 62 行.
NOTIC: [8] Trying to get property of non-object /var/www/html/liweilincm/Weixin/Home/Controller/WechatController.class.php 第 89 行.
INFO: [ app_end ] --START--
INFO: Run Behavior\ShowPageTraceBehavior [ RunTime:0.000032s ]
INFO: [ app_end ] --END-- [ RunTime:0.000055s ]

[ 2017-02-24T05:54:35+08:00 ] 139.162.108.53 /
INFO: [ app_init ] --START--
INFO: Run Behavior\BuildLiteBehavior [ RunTime:0.000016s ]
INFO: [ app_init ] --END-- [ RunTime:0.000098s ]
INFO: [ app_begin ] --START--
INFO: Run Behavior\ReadHtmlCacheBehavior [ RunTime:0.000030s ]
INFO: [ app_begin ] --END-- [ RunTime:0.000055s ]
NOTIC: [8] Undefined index: echostr /var/www/html/liweilincm/Weixin/Home/Controller/WechatController.class.php 第 10 行.
NOTIC: [8] Undefined index: signature /var/www/html/liweilincm/Weixin/Home/Controller/WechatController.class.php 第 25 行.
NOTIC: [8] Undefined index: timestamp /var/www/html/liweilincm/Weixin/Home/Controller/WechatController.class.php 第 26 行.
NOTIC: [8] Undefined index: nonce /var/www/html/liweilincm/Weixin/Home/Controller/WechatController.class.php 第 27 行.
NOTIC: [8] Undefined index: HTTP_RAW_POST_DATA /var/www/html/liweilincm/Weixin/Home/Controller/WechatController.class.php 第 47 行.
NOTIC: [8] Trying to get property of non-object /var/www/html/liweilincm/Weixin/Home/Controller/WechatController.class.php 第 57 行.
NOTIC: [8] Trying to get property of non-object /var/www/html/liweilincm/Weixin/Home/Controller/WechatController.class.php 第 59 行.
NOTIC: [8] Trying to get property of non-object /var/www/html/liweilincm/Weixin/Home/Controller/WechatController.class.php 第 62 行.
NOTIC: [8] Trying to get property of non-object /var/www/html/liweilincm/Weixin/Home/Controller/WechatController.class.php 第 89 行.
INFO: [ app_end ] --START--
INFO: Run Behavior\ShowPageTraceBehavior [ RunTime:0.000033s ]
INFO: [ app_end ] --END-- [ RunTime:0.000059s ]

[ 2017-02-24T07:17:20+08:00 ] 123.56.233.113 /
INFO: [ app_init ] --START--
INFO: Run Behavior\BuildLiteBehavior [ RunTime:0.000010s ]
INFO: [ app_init ] --END-- [ RunTime:0.000073s ]
INFO: [ app_begin ] --START--
INFO: Run Behavior\ReadHtmlCacheBehavior [ RunTime:0.000046s ]
INFO: [ app_begin ] --END-- [ RunTime:0.000071s ]
NOTIC: [8] Undefined index: echostr /var/www/html/liweilincm/Weixin/Home/Controller/WechatController.class.php 第 10 行.
NOTIC: [8] Undefined index: signature /var/www/html/liweilincm/Weixin/Home/Controller/WechatController.class.php 第 25 行.
NOTIC: [8] Undefined index: timestamp /var/www/html/liweilincm/Weixin/Home/Controller/WechatController.class.php 第 26 行.
NOTIC: [8] Undefined index: nonce /var/www/html/liweilincm/Weixin/Home/Controller/WechatController.class.php 第 27 行.
NOTIC: [8] Undefined index: HTTP_RAW_POST_DATA /var/www/html/liweilincm/Weixin/Home/Controller/WechatController.class.php 第 47 行.
NOTIC: [8] Trying to get property of non-object /var/www/html/liweilincm/Weixin/Home/Controller/WechatController.class.php 第 57 行.
NOTIC: [8] Trying to get property of non-object /var/www/html/liweilincm/Weixin/Home/Controller/WechatController.class.php 第 59 行.
NOTIC: [8] Trying to get property of non-object /var/www/html/liweilincm/Weixin/Home/Controller/WechatController.class.php 第 62 行.
NOTIC: [8] Trying to get property of non-object /var/www/html/liweilincm/Weixin/Home/Controller/WechatController.class.php 第 89 行.
INFO: [ app_end ] --START--
INFO: Run Behavior\ShowPageTraceBehavior [ RunTime:0.000028s ]
INFO: [ app_end ] --END-- [ RunTime:0.000050s ]

[ 2017-02-24T08:45:44+08:00 ] 123.56.233.113 /
INFO: [ app_init ] --START--
INFO: Run Behavior\BuildLiteBehavior [ RunTime:0.000011s ]
INFO: [ app_init ] --END-- [ RunTime:0.000077s ]
INFO: [ app_begin ] --START--
INFO: Run Behavior\ReadHtmlCacheBehavior [ RunTime:0.000031s ]
INFO: [ app_begin ] --END-- [ RunTime:0.000058s ]
NOTIC: [8] Undefined index: echostr /var/www/html/liweilincm/Weixin/Home/Controller/WechatController.class.php 第 10 行.
NOTIC: [8] Undefined index: signature /var/www/html/liweilincm/Weixin/Home/Controller/WechatController.class.php 第 25 行.
NOTIC: [8] Undefined index: timestamp /var/www/html/liweilincm/Weixin/Home/Controller/WechatController.class.php 第 26 行.
NOTIC: [8] Undefined index: nonce /var/www/html/liweilincm/Weixin/Home/Controller/WechatController.class.php 第 27 行.
NOTIC: [8] Undefined index: HTTP_RAW_POST_DATA /var/www/html/liweilincm/Weixin/Home/Controller/WechatController.class.php 第 47 行.
NOTIC: [8] Trying to get property of non-object /var/www/html/liweilincm/Weixin/Home/Controller/WechatController.class.php 第 57 行.
NOTIC: [8] Trying to get property of non-object /var/www/html/liweilincm/Weixin/Home/Controller/WechatController.class.php 第 59 行.
NOTIC: [8] Trying to get property of non-object /var/www/html/liweilincm/Weixin/Home/Controller/WechatController.class.php 第 62 行.
NOTIC: [8] Trying to get property of non-object /var/www/html/liweilincm/Weixin/Home/Controller/WechatController.class.php 第 89 行.
INFO: [ app_end ] --START--
INFO: Run Behavior\ShowPageTraceBehavior [ RunTime:0.000029s ]
INFO: [ app_end ] --END-- [ RunTime:0.000051s ]

[ 2017-02-24T09:53:23+08:00 ] 42.156.251.185 /
INFO: [ app_init ] --START--
INFO: Run Behavior\BuildLiteBehavior [ RunTime:0.000012s ]
INFO: [ app_init ] --END-- [ RunTime:0.000077s ]
INFO: [ app_begin ] --START--
INFO: Run Behavior\ReadHtmlCacheBehavior [ RunTime:0.000031s ]
INFO: [ app_begin ] --END-- [ RunTime:0.000057s ]
NOTIC: [8] Undefined index: echostr /var/www/html/liweilincm/Weixin/Home/Controller/WechatController.class.php 第 10 行.
NOTIC: [8] Undefined index: signature /var/www/html/liweilincm/Weixin/Home/Controller/WechatController.class.php 第 25 行.
NOTIC: [8] Undefined index: timestamp /var/www/html/liweilincm/Weixin/Home/Controller/WechatController.class.php 第 26 行.
NOTIC: [8] Undefined index: nonce /var/www/html/liweilincm/Weixin/Home/Controller/WechatController.class.php 第 27 行.
NOTIC: [8] Undefined index: HTTP_RAW_POST_DATA /var/www/html/liweilincm/Weixin/Home/Controller/WechatController.class.php 第 47 行.
NOTIC: [8] Trying to get property of non-object /var/www/html/liweilincm/Weixin/Home/Controller/WechatController.class.php 第 57 行.
NOTIC: [8] Trying to get property of non-object /var/www/html/liweilincm/Weixin/Home/Controller/WechatController.class.php 第 59 行.
NOTIC: [8] Trying to get property of non-object /var/www/html/liweilincm/Weixin/Home/Controller/WechatController.class.php 第 62 行.
NOTIC: [8] Trying to get property of non-object /var/www/html/liweilincm/Weixin/Home/Controller/WechatController.class.php 第 89 行.
INFO: [ app_end ] --START--
INFO: Run Behavior\ShowPageTraceBehavior [ RunTime:0.000028s ]
INFO: [ app_end ] --END-- [ RunTime:0.000052s ]

[ 2017-02-24T10:33:59+08:00 ] 52.34.227.110 /
INFO: [ app_init ] --START--
INFO: Run Behavior\BuildLiteBehavior [ RunTime:0.000013s ]
INFO: [ app_init ] --END-- [ RunTime:0.000089s ]
INFO: [ app_begin ] --START--
INFO: Run Behavior\ReadHtmlCacheBehavior [ RunTime:0.000041s ]
INFO: [ app_begin ] --END-- [ RunTime:0.000076s ]
NOTIC: [8] Undefined index: echostr /var/www/html/liweilincm/Weixin/Home/Controller/WechatController.class.php 第 10 行.
NOTIC: [8] Undefined index: signature /var/www/html/liweilincm/Weixin/Home/Controller/WechatController.class.php 第 25 行.
NOTIC: [8] Undefined index: timestamp /var/www/html/liweilincm/Weixin/Home/Controller/WechatController.class.php 第 26 行.
NOTIC: [8] Undefined index: nonce /var/www/html/liweilincm/Weixin/Home/Controller/WechatController.class.php 第 27 行.
NOTIC: [8] Undefined index: HTTP_RAW_POST_DATA /var/www/html/liweilincm/Weixin/Home/Controller/WechatController.class.php 第 47 行.
NOTIC: [8] Trying to get property of non-object /var/www/html/liweilincm/Weixin/Home/Controller/WechatController.class.php 第 57 行.
NOTIC: [8] Trying to get property of non-object /var/www/html/liweilincm/Weixin/Home/Controller/WechatController.class.php 第 59 行.
NOTIC: [8] Trying to get property of non-object /var/www/html/liweilincm/Weixin/Home/Controller/WechatController.class.php 第 62 行.
NOTIC: [8] Trying to get property of non-object /var/www/html/liweilincm/Weixin/Home/Controller/WechatController.class.php 第 89 行.
INFO: [ app_end ] --START--
INFO: Run Behavior\ShowPageTraceBehavior [ RunTime:0.000035s ]
INFO: [ app_end ] --END-- [ RunTime:0.000069s ]

[ 2017-02-24T15:07:37+08:00 ] 140.205.225.187 /
INFO: [ app_init ] --START--
INFO: Run Behavior\BuildLiteBehavior [ RunTime:0.000012s ]
INFO: [ app_init ] --END-- [ RunTime:0.000080s ]
INFO: [ app_begin ] --START--
INFO: Run Behavior\ReadHtmlCacheBehavior [ RunTime:0.000030s ]
INFO: [ app_begin ] --END-- [ RunTime:0.000055s ]
NOTIC: [8] Undefined index: echostr /var/www/html/liweilincm/Weixin/Home/Controller/WechatController.class.php 第 10 行.
NOTIC: [8] Undefined index: signature /var/www/html/liweilincm/Weixin/Home/Controller/WechatController.class.php 第 25 行.
NOTIC: [8] Undefined index: timestamp /var/www/html/liweilincm/Weixin/Home/Controller/WechatController.class.php 第 26 行.
NOTIC: [8] Undefined index: nonce /var/www/html/liweilincm/Weixin/Home/Controller/WechatController.class.php 第 27 行.
NOTIC: [8] Undefined index: HTTP_RAW_POST_DATA /var/www/html/liweilincm/Weixin/Home/Controller/WechatController.class.php 第 47 行.
NOTIC: [8] Trying to get property of non-object /var/www/html/liweilincm/Weixin/Home/Controller/WechatController.class.php 第 57 行.
NOTIC: [8] Trying to get property of non-object /var/www/html/liweilincm/Weixin/Home/Controller/WechatController.class.php 第 59 行.
NOTIC: [8] Trying to get property of non-object /var/www/html/liweilincm/Weixin/Home/Controller/WechatController.class.php 第 62 行.
NOTIC: [8] Trying to get property of non-object /var/www/html/liweilincm/Weixin/Home/Controller/WechatController.class.php 第 89 行.
INFO: [ app_end ] --START--
INFO: Run Behavior\ShowPageTraceBehavior [ RunTime:0.000046s ]
INFO: [ app_end ] --END-- [ RunTime:0.000076s ]

[ 2017-02-24T15:07:39+08:00 ] 140.205.225.187 /
INFO: [ app_init ] --START--
INFO: Run Behavior\BuildLiteBehavior [ RunTime:0.000010s ]
INFO: [ app_init ] --END-- [ RunTime:0.000067s ]
INFO: [ app_begin ] --START--
INFO: Run Behavior\ReadHtmlCacheBehavior [ RunTime:0.000041s ]
INFO: [ app_begin ] --END-- [ RunTime:0.000081s ]
NOTIC: [8] Undefined index: echostr /var/www/html/liweilincm/Weixin/Home/Controller/WechatController.class.php 第 10 行.
NOTIC: [8] Undefined index: signature /var/www/html/liweilincm/Weixin/Home/Controller/WechatController.class.php 第 25 行.
NOTIC: [8] Undefined index: timestamp /var/www/html/liweilincm/Weixin/Home/Controller/WechatController.class.php 第 26 行.
NOTIC: [8] Undefined index: nonce /var/www/html/liweilincm/Weixin/Home/Controller/WechatController.class.php 第 27 行.
NOTIC: [8] Undefined index: HTTP_RAW_POST_DATA /var/www/html/liweilincm/Weixin/Home/Controller/WechatController.class.php 第 47 行.
NOTIC: [8] Trying to get property of non-object /var/www/html/liweilincm/Weixin/Home/Controller/WechatController.class.php 第 57 行.
NOTIC: [8] Trying to get property of non-object /var/www/html/liweilincm/Weixin/Home/Controller/WechatController.class.php 第 59 行.
NOTIC: [8] Trying to get property of non-object /var/www/html/liweilincm/Weixin/Home/Controller/WechatController.class.php 第 62 行.
NOTIC: [8] Trying to get property of non-object /var/www/html/liweilincm/Weixin/Home/Controller/WechatController.class.php 第 89 行.
INFO: [ app_end ] --START--
INFO: Run Behavior\ShowPageTraceBehavior [ RunTime:0.000028s ]
INFO: [ app_end ] --END-- [ RunTime:0.000051s ]

[ 2017-02-24T15:11:14+08:00 ] 140.205.225.187 /
INFO: [ app_init ] --START--
INFO: Run Behavior\BuildLiteBehavior [ RunTime:0.000011s ]
INFO: [ app_init ] --END-- [ RunTime:0.000075s ]
INFO: [ app_begin ] --START--
INFO: Run Behavior\ReadHtmlCacheBehavior [ RunTime:0.000029s ]
INFO: [ app_begin ] --END-- [ RunTime:0.000053s ]
NOTIC: [8] Undefined index: echostr /var/www/html/liweilincm/Weixin/Home/Controller/WechatController.class.php 第 10 行.
NOTIC: [8] Undefined index: signature /var/www/html/liweilincm/Weixin/Home/Controller/WechatController.class.php 第 25 行.
NOTIC: [8] Undefined index: timestamp /var/www/html/liweilincm/Weixin/Home/Controller/WechatController.class.php 第 26 行.
NOTIC: [8] Undefined index: nonce /var/www/html/liweilincm/Weixin/Home/Controller/WechatController.class.php 第 27 行.
NOTIC: [8] Undefined index: HTTP_RAW_POST_DATA /var/www/html/liweilincm/Weixin/Home/Controller/WechatController.class.php 第 47 行.
NOTIC: [8] Trying to get property of non-object /var/www/html/liweilincm/Weixin/Home/Controller/WechatController.class.php 第 57 行.
NOTIC: [8] Trying to get property of non-object /var/www/html/liweilincm/Weixin/Home/Controller/WechatController.class.php 第 59 行.
NOTIC: [8] Trying to get property of non-object /var/www/html/liweilincm/Weixin/Home/Controller/WechatController.class.php 第 62 行.
NOTIC: [8] Trying to get property of non-object /var/www/html/liweilincm/Weixin/Home/Controller/WechatController.class.php 第 89 行.
INFO: [ app_end ] --START--
INFO: Run Behavior\ShowPageTraceBehavior [ RunTime:0.000030s ]
INFO: [ app_end ] --END-- [ RunTime:0.000054s ]

[ 2017-02-24T15:17:13+08:00 ] 140.205.225.187 /
INFO: [ app_init ] --START--
INFO: Run Behavior\BuildLiteBehavior [ RunTime:0.000010s ]
INFO: [ app_init ] --END-- [ RunTime:0.000070s ]
INFO: [ app_begin ] --START--
INFO: Run Behavior\ReadHtmlCacheBehavior [ RunTime:0.000046s ]
INFO: [ app_begin ] --END-- [ RunTime:0.000083s ]
NOTIC: [8] Undefined index: echostr /var/www/html/liweilincm/Weixin/Home/Controller/WechatController.class.php 第 10 行.
NOTIC: [8] Undefined index: signature /var/www/html/liweilincm/Weixin/Home/Controller/WechatController.class.php 第 25 行.
NOTIC: [8] Undefined index: timestamp /var/www/html/liweilincm/Weixin/Home/Controller/WechatController.class.php 第 26 行.
NOTIC: [8] Undefined index: nonce /var/www/html/liweilincm/Weixin/Home/Controller/WechatController.class.php 第 27 行.
NOTIC: [8] Undefined index: HTTP_RAW_POST_DATA /var/www/html/liweilincm/Weixin/Home/Controller/WechatController.class.php 第 47 行.
NOTIC: [8] Trying to get property of non-object /var/www/html/liweilincm/Weixin/Home/Controller/WechatController.class.php 第 57 行.
NOTIC: [8] Trying to get property of non-object /var/www/html/liweilincm/Weixin/Home/Controller/WechatController.class.php 第 59 行.
NOTIC: [8] Trying to get property of non-object /var/www/html/liweilincm/Weixin/Home/Controller/WechatController.class.php 第 62 行.
NOTIC: [8] Trying to get property of non-object /var/www/html/liweilincm/Weixin/Home/Controller/WechatController.class.php 第 89 行.
INFO: [ app_end ] --START--
INFO: Run Behavior\ShowPageTraceBehavior [ RunTime:0.000028s ]
INFO: [ app_end ] --END-- [ RunTime:0.000050s ]

[ 2017-02-24T15:22:59+08:00 ] 140.205.225.187 /
INFO: [ app_init ] --START--
INFO: Run Behavior\BuildLiteBehavior [ RunTime:0.000011s ]
INFO: [ app_init ] --END-- [ RunTime:0.000075s ]
INFO: [ app_begin ] --START--
INFO: Run Behavior\ReadHtmlCacheBehavior [ RunTime:0.000031s ]
INFO: [ app_begin ] --END-- [ RunTime:0.000057s ]
NOTIC: [8] Undefined index: echostr /var/www/html/liweilincm/Weixin/Home/Controller/WechatController.class.php 第 10 行.
NOTIC: [8] Undefined index: signature /var/www/html/liweilincm/Weixin/Home/Controller/WechatController.class.php 第 25 行.
NOTIC: [8] Undefined index: timestamp /var/www/html/liweilincm/Weixin/Home/Controller/WechatController.class.php 第 26 行.
NOTIC: [8] Undefined index: nonce /var/www/html/liweilincm/Weixin/Home/Controller/WechatController.class.php 第 27 行.
NOTIC: [8] Undefined index: HTTP_RAW_POST_DATA /var/www/html/liweilincm/Weixin/Home/Controller/WechatController.class.php 第 47 行.
NOTIC: [8] Trying to get property of non-object /var/www/html/liweilincm/Weixin/Home/Controller/WechatController.class.php 第 57 行.
NOTIC: [8] Trying to get property of non-object /var/www/html/liweilincm/Weixin/Home/Controller/WechatController.class.php 第 59 行.
NOTIC: [8] Trying to get property of non-object /var/www/html/liweilincm/Weixin/Home/Controller/WechatController.class.php 第 62 行.
NOTIC: [8] Trying to get property of non-object /var/www/html/liweilincm/Weixin/Home/Controller/WechatController.class.php 第 89 行.
INFO: [ app_end ] --START--
INFO: Run Behavior\ShowPageTraceBehavior [ RunTime:0.000028s ]
INFO: [ app_end ] --END-- [ RunTime:0.000051s ]

[ 2017-02-24T15:24:14+08:00 ] 140.205.225.187 /index.php
INFO: [ app_init ] --START--
INFO: Run Behavior\BuildLiteBehavior [ RunTime:0.000011s ]
INFO: [ app_init ] --END-- [ RunTime:0.000073s ]
INFO: [ app_begin ] --START--
INFO: Run Behavior\ReadHtmlCacheBehavior [ RunTime:0.000032s ]
INFO: [ app_begin ] --END-- [ RunTime:0.000058s ]
NOTIC: [8] Undefined index: echostr /var/www/html/liweilincm/Weixin/Home/Controller/WechatController.class.php 第 10 行.
NOTIC: [8] Undefined index: signature /var/www/html/liweilincm/Weixin/Home/Controller/WechatController.class.php 第 25 行.
NOTIC: [8] Undefined index: timestamp /var/www/html/liweilincm/Weixin/Home/Controller/WechatController.class.php 第 26 行.
NOTIC: [8] Undefined index: nonce /var/www/html/liweilincm/Weixin/Home/Controller/WechatController.class.php 第 27 行.
NOTIC: [8] Undefined index: HTTP_RAW_POST_DATA /var/www/html/liweilincm/Weixin/Home/Controller/WechatController.class.php 第 47 行.
NOTIC: [8] Trying to get property of non-object /var/www/html/liweilincm/Weixin/Home/Controller/WechatController.class.php 第 57 行.
NOTIC: [8] Trying to get property of non-object /var/www/html/liweilincm/Weixin/Home/Controller/WechatController.class.php 第 59 行.
NOTIC: [8] Trying to get property of non-object /var/www/html/liweilincm/Weixin/Home/Controller/WechatController.class.php 第 62 行.
NOTIC: [8] Trying to get property of non-object /var/www/html/liweilincm/Weixin/Home/Controller/WechatController.class.php 第 89 行.
INFO: [ app_end ] --START--
INFO: Run Behavior\ShowPageTraceBehavior [ RunTime:0.000030s ]
INFO: [ app_end ] --END-- [ RunTime:0.000054s ]

[ 2017-02-24T15:26:15+08:00 ] 23.248.219.90 /
INFO: [ app_init ] --START--
INFO: Run Behavior\BuildLiteBehavior [ RunTime:0.000017s ]
INFO: [ app_init ] --END-- [ RunTime:0.000108s ]
INFO: [ app_begin ] --START--
INFO: Run Behavior\ReadHtmlCacheBehavior [ RunTime:0.000046s ]
INFO: [ app_begin ] --END-- [ RunTime:0.000076s ]
NOTIC: [8] Undefined index: echostr /var/www/html/liweilincm/Weixin/Home/Controller/WechatController.class.php 第 10 行.
NOTIC: [8] Undefined index: signature /var/www/html/liweilincm/Weixin/Home/Controller/WechatController.class.php 第 25 行.
NOTIC: [8] Undefined index: timestamp /var/www/html/liweilincm/Weixin/Home/Controller/WechatController.class.php 第 26 行.
NOTIC: [8] Undefined index: nonce /var/www/html/liweilincm/Weixin/Home/Controller/WechatController.class.php 第 27 行.
NOTIC: [8] Undefined index: HTTP_RAW_POST_DATA /var/www/html/liweilincm/Weixin/Home/Controller/WechatController.class.php 第 47 行.
NOTIC: [8] Trying to get property of non-object /var/www/html/liweilincm/Weixin/Home/Controller/WechatController.class.php 第 57 行.
NOTIC: [8] Trying to get property of non-object /var/www/html/liweilincm/Weixin/Home/Controller/WechatController.class.php 第 59 行.
NOTIC: [8] Trying to get property of non-object /var/www/html/liweilincm/Weixin/Home/Controller/WechatController.class.php 第 62 行.
NOTIC: [8] Trying to get property of non-object /var/www/html/liweilincm/Weixin/Home/Controller/WechatController.class.php 第 89 行.
INFO: [ app_end ] --START--
INFO: Run Behavior\ShowPageTraceBehavior [ RunTime:0.000031s ]
INFO: [ app_end ] --END-- [ RunTime:0.000053s ]

[ 2017-02-24T15:29:21+08:00 ] 140.205.225.187 /
INFO: [ app_init ] --START--
INFO: Run Behavior\BuildLiteBehavior [ RunTime:0.000012s ]
INFO: [ app_init ] --END-- [ RunTime:0.000076s ]
INFO: [ app_begin ] --START--
INFO: Run Behavior\ReadHtmlCacheBehavior [ RunTime:0.000030s ]
INFO: [ app_begin ] --END-- [ RunTime:0.000061s ]
NOTIC: [8] Undefined index: echostr /var/www/html/liweilincm/Weixin/Home/Controller/WechatController.class.php 第 10 行.
NOTIC: [8] Undefined index: signature /var/www/html/liweilincm/Weixin/Home/Controller/WechatController.class.php 第 25 行.
NOTIC: [8] Undefined index: timestamp /var/www/html/liweilincm/Weixin/Home/Controller/WechatController.class.php 第 26 行.
NOTIC: [8] Undefined index: nonce /var/www/html/liweilincm/Weixin/Home/Controller/WechatController.class.php 第 27 行.
NOTIC: [8] Undefined index: HTTP_RAW_POST_DATA /var/www/html/liweilincm/Weixin/Home/Controller/WechatController.class.php 第 47 行.
NOTIC: [8] Trying to get property of non-object /var/www/html/liweilincm/Weixin/Home/Controller/WechatController.class.php 第 57 行.
NOTIC: [8] Trying to get property of non-object /var/www/html/liweilincm/Weixin/Home/Controller/WechatController.class.php 第 59 行.
NOTIC: [8] Trying to get property of non-object /var/www/html/liweilincm/Weixin/Home/Controller/WechatController.class.php 第 62 行.
NOTIC: [8] Trying to get property of non-object /var/www/html/liweilincm/Weixin/Home/Controller/WechatController.class.php 第 89 行.
INFO: [ app_end ] --START--
INFO: Run Behavior\ShowPageTraceBehavior [ RunTime:0.000044s ]
INFO: [ app_end ] --END-- [ RunTime:0.000075s ]

[ 2017-02-24T15:33:17+08:00 ] 140.205.225.187 /
INFO: [ app_init ] --START--
INFO: Run Behavior\BuildLiteBehavior [ RunTime:0.000011s ]
INFO: [ app_init ] --END-- [ RunTime:0.000080s ]
INFO: [ app_begin ] --START--
INFO: Run Behavior\ReadHtmlCacheBehavior [ RunTime:0.000031s ]
INFO: [ app_begin ] --END-- [ RunTime:0.000055s ]
NOTIC: [8] Undefined index: echostr /var/www/html/liweilincm/Weixin/Home/Controller/WechatController.class.php 第 10 行.
NOTIC: [8] Undefined index: signature /var/www/html/liweilincm/Weixin/Home/Controller/WechatController.class.php 第 25 行.
NOTIC: [8] Undefined index: timestamp /var/www/html/liweilincm/Weixin/Home/Controller/WechatController.class.php 第 26 行.
NOTIC: [8] Undefined index: nonce /var/www/html/liweilincm/Weixin/Home/Controller/WechatController.class.php 第 27 行.
NOTIC: [8] Undefined index: HTTP_RAW_POST_DATA /var/www/html/liweilincm/Weixin/Home/Controller/WechatController.class.php 第 47 行.
NOTIC: [8] Trying to get property of non-object /var/www/html/liweilincm/Weixin/Home/Controller/WechatController.class.php 第 57 行.
NOTIC: [8] Trying to get property of non-object /var/www/html/liweilincm/Weixin/Home/Controller/WechatController.class.php 第 59 行.
NOTIC: [8] Trying to get property of non-object /var/www/html/liweilincm/Weixin/Home/Controller/WechatController.class.php 第 62 行.
NOTIC: [8] Trying to get property of non-object /var/www/html/liweilincm/Weixin/Home/Controller/WechatController.class.php 第 89 行.
INFO: [ app_end ] --START--
INFO: Run Behavior\ShowPageTraceBehavior [ RunTime:0.000060s ]
INFO: [ app_end ] --END-- [ RunTime:0.000084s ]

[ 2017-02-24T17:30:23+08:00 ] 52.34.227.110 /
INFO: [ app_init ] --START--
INFO: Run Behavior\BuildLiteBehavior [ RunTime:0.000010s ]
INFO: [ app_init ] --END-- [ RunTime:0.000073s ]
INFO: [ app_begin ] --START--
INFO: Run Behavior\ReadHtmlCacheBehavior [ RunTime:0.000032s ]
INFO: [ app_begin ] --END-- [ RunTime:0.000058s ]
NOTIC: [8] Undefined index: echostr /var/www/html/liweilincm/Weixin/Home/Controller/WechatController.class.php 第 10 行.
NOTIC: [8] Undefined index: signature /var/www/html/liweilincm/Weixin/Home/Controller/WechatController.class.php 第 25 行.
NOTIC: [8] Undefined index: timestamp /var/www/html/liweilincm/Weixin/Home/Controller/WechatController.class.php 第 26 行.
NOTIC: [8] Undefined index: nonce /var/www/html/liweilincm/Weixin/Home/Controller/WechatController.class.php 第 27 行.
NOTIC: [8] Undefined index: HTTP_RAW_POST_DATA /var/www/html/liweilincm/Weixin/Home/Controller/WechatController.class.php 第 47 行.
NOTIC: [8] Trying to get property of non-object /var/www/html/liweilincm/Weixin/Home/Controller/WechatController.class.php 第 57 行.
NOTIC: [8] Trying to get property of non-object /var/www/html/liweilincm/Weixin/Home/Controller/WechatController.class.php 第 59 行.
NOTIC: [8] Trying to get property of non-object /var/www/html/liweilincm/Weixin/Home/Controller/WechatController.class.php 第 62 行.
NOTIC: [8] Trying to get property of non-object /var/www/html/liweilincm/Weixin/Home/Controller/WechatController.class.php 第 89 行.
INFO: [ app_end ] --START--
INFO: Run Behavior\ShowPageTraceBehavior [ RunTime:0.000031s ]
INFO: [ app_end ] --END-- [ RunTime:0.000053s ]

[ 2017-02-24T18:08:09+08:00 ] 140.205.205.5 /
INFO: [ app_init ] --START--
INFO: Run Behavior\BuildLiteBehavior [ RunTime:0.000011s ]
INFO: [ app_init ] --END-- [ RunTime:0.000074s ]
INFO: [ app_begin ] --START--
INFO: Run Behavior\ReadHtmlCacheBehavior [ RunTime:0.000044s ]
INFO: [ app_begin ] --END-- [ RunTime:0.000083s ]
NOTIC: [8] Undefined index: echostr /var/www/html/liweilincm/Weixin/Home/Controller/WechatController.class.php 第 10 行.
NOTIC: [8] Undefined index: signature /var/www/html/liweilincm/Weixin/Home/Controller/WechatController.class.php 第 25 行.
NOTIC: [8] Undefined index: timestamp /var/www/html/liweilincm/Weixin/Home/Controller/WechatController.class.php 第 26 行.
NOTIC: [8] Undefined index: nonce /var/www/html/liweilincm/Weixin/Home/Controller/WechatController.class.php 第 27 行.
NOTIC: [8] Undefined index: HTTP_RAW_POST_DATA /var/www/html/liweilincm/Weixin/Home/Controller/WechatController.class.php 第 47 行.
NOTIC: [8] Trying to get property of non-object /var/www/html/liweilincm/Weixin/Home/Controller/WechatController.class.php 第 57 行.
NOTIC: [8] Trying to get property of non-object /var/www/html/liweilincm/Weixin/Home/Controller/WechatController.class.php 第 59 行.
NOTIC: [8] Trying to get property of non-object /var/www/html/liweilincm/Weixin/Home/Controller/WechatController.class.php 第 62 行.
NOTIC: [8] Trying to get property of non-object /var/www/html/liweilincm/Weixin/Home/Controller/WechatController.class.php 第 89 行.
INFO: [ app_end ] --START--
INFO: Run Behavior\ShowPageTraceBehavior [ RunTime:0.000028s ]
INFO: [ app_end ] --END-- [ RunTime:0.000051s ]

[ 2017-02-24T19:56:51+08:00 ] 49.4.142.27 /
INFO: [ app_init ] --START--
INFO: Run Behavior\BuildLiteBehavior [ RunTime:0.000011s ]
INFO: [ app_init ] --END-- [ RunTime:0.000075s ]
INFO: [ app_begin ] --START--
INFO: Run Behavior\ReadHtmlCacheBehavior [ RunTime:0.000032s ]
INFO: [ app_begin ] --END-- [ RunTime:0.000059s ]
NOTIC: [8] Undefined index: echostr /var/www/html/liweilincm/Weixin/Home/Controller/WechatController.class.php 第 10 行.
NOTIC: [8] Undefined index: signature /var/www/html/liweilincm/Weixin/Home/Controller/WechatController.class.php 第 25 行.
NOTIC: [8] Undefined index: timestamp /var/www/html/liweilincm/Weixin/Home/Controller/WechatController.class.php 第 26 行.
NOTIC: [8] Undefined index: nonce /var/www/html/liweilincm/Weixin/Home/Controller/WechatController.class.php 第 27 行.
NOTIC: [8] Undefined index: HTTP_RAW_POST_DATA /var/www/html/liweilincm/Weixin/Home/Controller/WechatController.class.php 第 47 行.
NOTIC: [8] Trying to get property of non-object /var/www/html/liweilincm/Weixin/Home/Controller/WechatController.class.php 第 57 行.
NOTIC: [8] Trying to get property of non-object /var/www/html/liweilincm/Weixin/Home/Controller/WechatController.class.php 第 59 行.
NOTIC: [8] Trying to get property of non-object /var/www/html/liweilincm/Weixin/Home/Controller/WechatController.class.php 第 62 行.
NOTIC: [8] Trying to get property of non-object /var/www/html/liweilincm/Weixin/Home/Controller/WechatController.class.php 第 89 行.
INFO: [ app_end ] --START--
INFO: Run Behavior\ShowPageTraceBehavior [ RunTime:0.000028s ]
INFO: [ app_end ] --END-- [ RunTime:0.000050s ]

