[ 2017-04-12T00:10:51+08:00 ] 140.205.225.185 /
INFO: [ app_init ] --START--
INFO: Run Behavior\BuildLiteBehavior [ RunTime:0.000011s ]
INFO: [ app_init ] --END-- [ RunTime:0.000075s ]
INFO: [ app_begin ] --START--
INFO: Run Behavior\ReadHtmlCacheBehavior [ RunTime:0.000036s ]
INFO: [ app_begin ] --END-- [ RunTime:0.000071s ]
NOTIC: [8] Undefined index: echostr /var/www/html/liweilincm/Weixin/Home/Controller/WechatController.class.php 第 10 行.
NOTIC: [8] Undefined index: signature /var/www/html/liweilincm/Weixin/Home/Controller/WechatController.class.php 第 25 行.
NOTIC: [8] Undefined index: timestamp /var/www/html/liweilincm/Weixin/Home/Controller/WechatController.class.php 第 26 行.
NOTIC: [8] Undefined index: nonce /var/www/html/liweilincm/Weixin/Home/Controller/WechatController.class.php 第 27 行.
NOTIC: [8] Undefined index: HTTP_RAW_POST_DATA /var/www/html/liweilincm/Weixin/Home/Controller/WechatController.class.php 第 47 行.
NOTIC: [8] Trying to get property of non-object /var/www/html/liweilincm/Weixin/Home/Controller/WechatController.class.php 第 57 行.
NOTIC: [8] Trying to get property of non-object /var/www/html/liweilincm/Weixin/Home/Controller/WechatController.class.php 第 59 行.
NOTIC: [8] Trying to get property of non-object /var/www/html/liweilincm/Weixin/Home/Controller/WechatController.class.php 第 62 行.
NOTIC: [8] Trying to get property of non-object /var/www/html/liweilincm/Weixin/Home/Controller/WechatController.class.php 第 124 行.
NOTIC: [8] Trying to get property of non-object /var/www/html/liweilincm/Weixin/Home/Controller/WechatController.class.php 第 167 行.
NOTIC: [8] Undefined variable: content /var/www/html/liweilincm/Weixin/Home/Controller/WechatController.class.php 第 195 行.
NOTIC: [8] Undefined index: access_token /var/www/html/liweilincm/Weixin/Common/Common/function.php 第 32 行.
NOTIC: [2] curl_errno(): 1 is not a valid cURL handle resource /var/www/html/liweilincm/Weixin/Common/Common/function.php 第 14 行.
NOTIC: [2] curl_errno(): 2 is not a valid cURL handle resource /var/www/html/liweilincm/Weixin/Common/Common/function.php 第 71 行.
INFO: [ app_end ] --START--
INFO: Run Behavior\ShowPageTraceBehavior [ RunTime:0.000089s ]
INFO: [ app_end ] --END-- [ RunTime:0.000141s ]

[ 2017-04-12T00:11:25+08:00 ] 140.205.225.185 /
INFO: [ app_init ] --START--
INFO: Run Behavior\BuildLiteBehavior [ RunTime:0.000016s ]
INFO: [ app_init ] --END-- [ RunTime:0.000107s ]
INFO: [ app_begin ] --START--
INFO: Run Behavior\ReadHtmlCacheBehavior [ RunTime:0.000045s ]
INFO: [ app_begin ] --END-- [ RunTime:0.000085s ]
NOTIC: [8] Undefined index: echostr /var/www/html/liweilincm/Weixin/Home/Controller/WechatController.class.php 第 10 行.
NOTIC: [8] Undefined index: signature /var/www/html/liweilincm/Weixin/Home/Controller/WechatController.class.php 第 25 行.
NOTIC: [8] Undefined index: timestamp /var/www/html/liweilincm/Weixin/Home/Controller/WechatController.class.php 第 26 行.
NOTIC: [8] Undefined index: nonce /var/www/html/liweilincm/Weixin/Home/Controller/WechatController.class.php 第 27 行.
NOTIC: [2] simplexml_load_string(): Entity: line 1: parser error : Start tag expected, '&lt;' not found /var/www/html/liweilincm/Weixin/Home/Controller/WechatController.class.php 第 56 行.
NOTIC: [2] simplexml_load_string(): 1 /var/www/html/liweilincm/Weixin/Home/Controller/WechatController.class.php 第 56 行.
NOTIC: [2] simplexml_load_string(): ^ /var/www/html/liweilincm/Weixin/Home/Controller/WechatController.class.php 第 56 行.
NOTIC: [8] Trying to get property of non-object /var/www/html/liweilincm/Weixin/Home/Controller/WechatController.class.php 第 57 行.
NOTIC: [8] Trying to get property of non-object /var/www/html/liweilincm/Weixin/Home/Controller/WechatController.class.php 第 59 行.
NOTIC: [8] Trying to get property of non-object /var/www/html/liweilincm/Weixin/Home/Controller/WechatController.class.php 第 62 行.
NOTIC: [8] Trying to get property of non-object /var/www/html/liweilincm/Weixin/Home/Controller/WechatController.class.php 第 124 行.
NOTIC: [8] Trying to get property of non-object /var/www/html/liweilincm/Weixin/Home/Controller/WechatController.class.php 第 167 行.
NOTIC: [8] Undefined variable: content /var/www/html/liweilincm/Weixin/Home/Controller/WechatController.class.php 第 195 行.
NOTIC: [8] Undefined index: access_token /var/www/html/liweilincm/Weixin/Common/Common/function.php 第 32 行.
NOTIC: [2] curl_errno(): 1 is not a valid cURL handle resource /var/www/html/liweilincm/Weixin/Common/Common/function.php 第 14 行.
NOTIC: [2] curl_errno(): 2 is not a valid cURL handle resource /var/www/html/liweilincm/Weixin/Common/Common/function.php 第 71 行.
INFO: [ app_end ] --START--
INFO: Run Behavior\ShowPageTraceBehavior [ RunTime:0.000077s ]
INFO: [ app_end ] --END-- [ RunTime:0.000120s ]

[ 2017-04-12T00:49:04+08:00 ] 140.205.225.185 /
INFO: [ app_init ] --START--
INFO: Run Behavior\BuildLiteBehavior [ RunTime:0.000012s ]
INFO: [ app_init ] --END-- [ RunTime:0.000075s ]
INFO: [ app_begin ] --START--
INFO: Run Behavior\ReadHtmlCacheBehavior [ RunTime:0.000029s ]
INFO: [ app_begin ] --END-- [ RunTime:0.000055s ]
NOTIC: [8] Undefined index: echostr /var/www/html/liweilincm/Weixin/Home/Controller/WechatController.class.php 第 10 行.
NOTIC: [8] Undefined index: signature /var/www/html/liweilincm/Weixin/Home/Controller/WechatController.class.php 第 25 行.
NOTIC: [8] Undefined index: timestamp /var/www/html/liweilincm/Weixin/Home/Controller/WechatController.class.php 第 26 行.
NOTIC: [8] Undefined index: nonce /var/www/html/liweilincm/Weixin/Home/Controller/WechatController.class.php 第 27 行.
NOTIC: [8] Undefined index: HTTP_RAW_POST_DATA /var/www/html/liweilincm/Weixin/Home/Controller/WechatController.class.php 第 47 行.
NOTIC: [8] Trying to get property of non-object /var/www/html/liweilincm/Weixin/Home/Controller/WechatController.class.php 第 57 行.
NOTIC: [8] Trying to get property of non-object /var/www/html/liweilincm/Weixin/Home/Controller/WechatController.class.php 第 59 行.
NOTIC: [8] Trying to get property of non-object /var/www/html/liweilincm/Weixin/Home/Controller/WechatController.class.php 第 62 行.
NOTIC: [8] Trying to get property of non-object /var/www/html/liweilincm/Weixin/Home/Controller/WechatController.class.php 第 124 行.
NOTIC: [8] Trying to get property of non-object /var/www/html/liweilincm/Weixin/Home/Controller/WechatController.class.php 第 167 行.
NOTIC: [8] Undefined variable: content /var/www/html/liweilincm/Weixin/Home/Controller/WechatController.class.php 第 195 行.
NOTIC: [8] Undefined index: access_token /var/www/html/liweilincm/Weixin/Common/Common/function.php 第 32 行.
NOTIC: [2] curl_errno(): 1 is not a valid cURL handle resource /var/www/html/liweilincm/Weixin/Common/Common/function.php 第 14 行.
NOTIC: [2] curl_errno(): 2 is not a valid cURL handle resource /var/www/html/liweilincm/Weixin/Common/Common/function.php 第 71 行.
INFO: [ app_end ] --START--
INFO: Run Behavior\ShowPageTraceBehavior [ RunTime:0.000074s ]
INFO: [ app_end ] --END-- [ RunTime:0.000118s ]

[ 2017-04-12T02:49:06+08:00 ] 116.62.176.205 /
INFO: [ app_init ] --START--
INFO: Run Behavior\BuildLiteBehavior [ RunTime:0.000012s ]
INFO: [ app_init ] --END-- [ RunTime:0.000074s ]
INFO: [ app_begin ] --START--
INFO: Run Behavior\ReadHtmlCacheBehavior [ RunTime:0.000029s ]
INFO: [ app_begin ] --END-- [ RunTime:0.000053s ]
NOTIC: [8] Undefined index: echostr /var/www/html/liweilincm/Weixin/Home/Controller/WechatController.class.php 第 10 行.
NOTIC: [8] Undefined index: signature /var/www/html/liweilincm/Weixin/Home/Controller/WechatController.class.php 第 25 行.
NOTIC: [8] Undefined index: timestamp /var/www/html/liweilincm/Weixin/Home/Controller/WechatController.class.php 第 26 行.
NOTIC: [8] Undefined index: nonce /var/www/html/liweilincm/Weixin/Home/Controller/WechatController.class.php 第 27 行.
NOTIC: [8] Undefined index: HTTP_RAW_POST_DATA /var/www/html/liweilincm/Weixin/Home/Controller/WechatController.class.php 第 47 行.
NOTIC: [8] Trying to get property of non-object /var/www/html/liweilincm/Weixin/Home/Controller/WechatController.class.php 第 57 行.
NOTIC: [8] Trying to get property of non-object /var/www/html/liweilincm/Weixin/Home/Controller/WechatController.class.php 第 59 行.
NOTIC: [8] Trying to get property of non-object /var/www/html/liweilincm/Weixin/Home/Controller/WechatController.class.php 第 62 行.
NOTIC: [8] Trying to get property of non-object /var/www/html/liweilincm/Weixin/Home/Controller/WechatController.class.php 第 124 行.
NOTIC: [8] Trying to get property of non-object /var/www/html/liweilincm/Weixin/Home/Controller/WechatController.class.php 第 167 行.
NOTIC: [8] Undefined variable: content /var/www/html/liweilincm/Weixin/Home/Controller/WechatController.class.php 第 195 行.
NOTIC: [8] Undefined index: access_token /var/www/html/liweilincm/Weixin/Common/Common/function.php 第 32 行.
NOTIC: [2] curl_errno(): 1 is not a valid cURL handle resource /var/www/html/liweilincm/Weixin/Common/Common/function.php 第 14 行.
NOTIC: [2] curl_errno(): 2 is not a valid cURL handle resource /var/www/html/liweilincm/Weixin/Common/Common/function.php 第 71 行.
INFO: [ app_end ] --START--
INFO: Run Behavior\ShowPageTraceBehavior [ RunTime:0.000068s ]
INFO: [ app_end ] --END-- [ RunTime:0.000112s ]

[ 2017-04-12T03:07:09+08:00 ] 140.205.225.185 /
INFO: [ app_init ] --START--
INFO: Run Behavior\BuildLiteBehavior [ RunTime:0.000011s ]
INFO: [ app_init ] --END-- [ RunTime:0.000076s ]
INFO: [ app_begin ] --START--
INFO: Run Behavior\ReadHtmlCacheBehavior [ RunTime:0.000030s ]
INFO: [ app_begin ] --END-- [ RunTime:0.000055s ]
NOTIC: [8] Undefined index: echostr /var/www/html/liweilincm/Weixin/Home/Controller/WechatController.class.php 第 10 行.
NOTIC: [8] Undefined index: signature /var/www/html/liweilincm/Weixin/Home/Controller/WechatController.class.php 第 25 行.
NOTIC: [8] Undefined index: timestamp /var/www/html/liweilincm/Weixin/Home/Controller/WechatController.class.php 第 26 行.
NOTIC: [8] Undefined index: nonce /var/www/html/liweilincm/Weixin/Home/Controller/WechatController.class.php 第 27 行.
NOTIC: [8] Undefined index: HTTP_RAW_POST_DATA /var/www/html/liweilincm/Weixin/Home/Controller/WechatController.class.php 第 47 行.
NOTIC: [8] Trying to get property of non-object /var/www/html/liweilincm/Weixin/Home/Controller/WechatController.class.php 第 57 行.
NOTIC: [8] Trying to get property of non-object /var/www/html/liweilincm/Weixin/Home/Controller/WechatController.class.php 第 59 行.
NOTIC: [8] Trying to get property of non-object /var/www/html/liweilincm/Weixin/Home/Controller/WechatController.class.php 第 62 行.
NOTIC: [8] Trying to get property of non-object /var/www/html/liweilincm/Weixin/Home/Controller/WechatController.class.php 第 124 行.
NOTIC: [8] Trying to get property of non-object /var/www/html/liweilincm/Weixin/Home/Controller/WechatController.class.php 第 167 行.
NOTIC: [8] Undefined variable: content /var/www/html/liweilincm/Weixin/Home/Controller/WechatController.class.php 第 195 行.
NOTIC: [8] Undefined index: access_token /var/www/html/liweilincm/Weixin/Common/Common/function.php 第 32 行.
NOTIC: [2] curl_errno(): 1 is not a valid cURL handle resource /var/www/html/liweilincm/Weixin/Common/Common/function.php 第 14 行.
NOTIC: [2] curl_errno(): 2 is not a valid cURL handle resource /var/www/html/liweilincm/Weixin/Common/Common/function.php 第 71 行.
INFO: [ app_end ] --START--
INFO: Run Behavior\ShowPageTraceBehavior [ RunTime:0.000072s ]
INFO: [ app_end ] --END-- [ RunTime:0.000114s ]

[ 2017-04-12T03:30:50+08:00 ] 140.205.225.185 /
INFO: [ app_init ] --START--
INFO: Run Behavior\BuildLiteBehavior [ RunTime:0.000011s ]
INFO: [ app_init ] --END-- [ RunTime:0.000077s ]
INFO: [ app_begin ] --START--
INFO: Run Behavior\ReadHtmlCacheBehavior [ RunTime:0.000028s ]
INFO: [ app_begin ] --END-- [ RunTime:0.000053s ]
NOTIC: [8] Undefined index: echostr /var/www/html/liweilincm/Weixin/Home/Controller/WechatController.class.php 第 10 行.
NOTIC: [8] Undefined index: signature /var/www/html/liweilincm/Weixin/Home/Controller/WechatController.class.php 第 25 行.
NOTIC: [8] Undefined index: timestamp /var/www/html/liweilincm/Weixin/Home/Controller/WechatController.class.php 第 26 行.
NOTIC: [8] Undefined index: nonce /var/www/html/liweilincm/Weixin/Home/Controller/WechatController.class.php 第 27 行.
NOTIC: [8] Undefined index: HTTP_RAW_POST_DATA /var/www/html/liweilincm/Weixin/Home/Controller/WechatController.class.php 第 47 行.
NOTIC: [8] Trying to get property of non-object /var/www/html/liweilincm/Weixin/Home/Controller/WechatController.class.php 第 57 行.
NOTIC: [8] Trying to get property of non-object /var/www/html/liweilincm/Weixin/Home/Controller/WechatController.class.php 第 59 行.
NOTIC: [8] Trying to get property of non-object /var/www/html/liweilincm/Weixin/Home/Controller/WechatController.class.php 第 62 行.
NOTIC: [8] Trying to get property of non-object /var/www/html/liweilincm/Weixin/Home/Controller/WechatController.class.php 第 124 行.
NOTIC: [8] Trying to get property of non-object /var/www/html/liweilincm/Weixin/Home/Controller/WechatController.class.php 第 167 行.
NOTIC: [8] Undefined variable: content /var/www/html/liweilincm/Weixin/Home/Controller/WechatController.class.php 第 195 行.
NOTIC: [8] Undefined index: access_token /var/www/html/liweilincm/Weixin/Common/Common/function.php 第 32 行.
NOTIC: [2] curl_errno(): 1 is not a valid cURL handle resource /var/www/html/liweilincm/Weixin/Common/Common/function.php 第 14 行.
NOTIC: [2] curl_errno(): 2 is not a valid cURL handle resource /var/www/html/liweilincm/Weixin/Common/Common/function.php 第 71 行.
INFO: [ app_end ] --START--
INFO: Run Behavior\ShowPageTraceBehavior [ RunTime:0.000079s ]
INFO: [ app_end ] --END-- [ RunTime:0.000121s ]

[ 2017-04-12T03:46:57+08:00 ] 140.205.225.185 /
INFO: [ app_init ] --START--
INFO: Run Behavior\BuildLiteBehavior [ RunTime:0.000012s ]
INFO: [ app_init ] --END-- [ RunTime:0.000075s ]
INFO: [ app_begin ] --START--
INFO: Run Behavior\ReadHtmlCacheBehavior [ RunTime:0.000030s ]
INFO: [ app_begin ] --END-- [ RunTime:0.000053s ]
NOTIC: [8] Undefined index: echostr /var/www/html/liweilincm/Weixin/Home/Controller/WechatController.class.php 第 10 行.
NOTIC: [8] Undefined index: signature /var/www/html/liweilincm/Weixin/Home/Controller/WechatController.class.php 第 25 行.
NOTIC: [8] Undefined index: timestamp /var/www/html/liweilincm/Weixin/Home/Controller/WechatController.class.php 第 26 行.
NOTIC: [8] Undefined index: nonce /var/www/html/liweilincm/Weixin/Home/Controller/WechatController.class.php 第 27 行.
NOTIC: [8] Undefined index: HTTP_RAW_POST_DATA /var/www/html/liweilincm/Weixin/Home/Controller/WechatController.class.php 第 47 行.
NOTIC: [8] Trying to get property of non-object /var/www/html/liweilincm/Weixin/Home/Controller/WechatController.class.php 第 57 行.
NOTIC: [8] Trying to get property of non-object /var/www/html/liweilincm/Weixin/Home/Controller/WechatController.class.php 第 59 行.
NOTIC: [8] Trying to get property of non-object /var/www/html/liweilincm/Weixin/Home/Controller/WechatController.class.php 第 62 行.
NOTIC: [8] Trying to get property of non-object /var/www/html/liweilincm/Weixin/Home/Controller/WechatController.class.php 第 124 行.
NOTIC: [8] Trying to get property of non-object /var/www/html/liweilincm/Weixin/Home/Controller/WechatController.class.php 第 167 行.
NOTIC: [8] Undefined variable: content /var/www/html/liweilincm/Weixin/Home/Controller/WechatController.class.php 第 195 行.
NOTIC: [8] Undefined index: access_token /var/www/html/liweilincm/Weixin/Common/Common/function.php 第 32 行.
NOTIC: [2] curl_errno(): 1 is not a valid cURL handle resource /var/www/html/liweilincm/Weixin/Common/Common/function.php 第 14 行.
NOTIC: [2] curl_errno(): 2 is not a valid cURL handle resource /var/www/html/liweilincm/Weixin/Common/Common/function.php 第 71 行.
INFO: [ app_end ] --START--
INFO: Run Behavior\ShowPageTraceBehavior [ RunTime:0.000071s ]
INFO: [ app_end ] --END-- [ RunTime:0.000123s ]

[ 2017-04-12T04:34:31+08:00 ] 140.205.225.185 /
INFO: [ app_init ] --START--
INFO: Run Behavior\BuildLiteBehavior [ RunTime:0.000012s ]
INFO: [ app_init ] --END-- [ RunTime:0.000089s ]
INFO: [ app_begin ] --START--
INFO: Run Behavior\ReadHtmlCacheBehavior [ RunTime:0.000031s ]
INFO: [ app_begin ] --END-- [ RunTime:0.000056s ]
NOTIC: [8] Undefined index: echostr /var/www/html/liweilincm/Weixin/Home/Controller/WechatController.class.php 第 10 行.
NOTIC: [8] Undefined index: signature /var/www/html/liweilincm/Weixin/Home/Controller/WechatController.class.php 第 25 行.
NOTIC: [8] Undefined index: timestamp /var/www/html/liweilincm/Weixin/Home/Controller/WechatController.class.php 第 26 行.
NOTIC: [8] Undefined index: nonce /var/www/html/liweilincm/Weixin/Home/Controller/WechatController.class.php 第 27 行.
NOTIC: [8] Undefined index: HTTP_RAW_POST_DATA /var/www/html/liweilincm/Weixin/Home/Controller/WechatController.class.php 第 47 行.
NOTIC: [8] Trying to get property of non-object /var/www/html/liweilincm/Weixin/Home/Controller/WechatController.class.php 第 57 行.
NOTIC: [8] Trying to get property of non-object /var/www/html/liweilincm/Weixin/Home/Controller/WechatController.class.php 第 59 行.
NOTIC: [8] Trying to get property of non-object /var/www/html/liweilincm/Weixin/Home/Controller/WechatController.class.php 第 62 行.
NOTIC: [8] Trying to get property of non-object /var/www/html/liweilincm/Weixin/Home/Controller/WechatController.class.php 第 124 行.
NOTIC: [8] Trying to get property of non-object /var/www/html/liweilincm/Weixin/Home/Controller/WechatController.class.php 第 167 行.
NOTIC: [8] Undefined variable: content /var/www/html/liweilincm/Weixin/Home/Controller/WechatController.class.php 第 195 行.
NOTIC: [8] Undefined index: access_token /var/www/html/liweilincm/Weixin/Common/Common/function.php 第 32 行.
NOTIC: [2] curl_errno(): 1 is not a valid cURL handle resource /var/www/html/liweilincm/Weixin/Common/Common/function.php 第 14 行.
NOTIC: [2] curl_errno(): 2 is not a valid cURL handle resource /var/www/html/liweilincm/Weixin/Common/Common/function.php 第 71 行.
INFO: [ app_end ] --START--
INFO: Run Behavior\ShowPageTraceBehavior [ RunTime:0.000074s ]
INFO: [ app_end ] --END-- [ RunTime:0.000116s ]

[ 2017-04-12T04:36:51+08:00 ] 140.205.225.185 /
INFO: [ app_init ] --START--
INFO: Run Behavior\BuildLiteBehavior [ RunTime:0.000011s ]
INFO: [ app_init ] --END-- [ RunTime:0.000072s ]
INFO: [ app_begin ] --START--
INFO: Run Behavior\ReadHtmlCacheBehavior [ RunTime:0.000027s ]
INFO: [ app_begin ] --END-- [ RunTime:0.000053s ]
NOTIC: [8] Undefined index: echostr /var/www/html/liweilincm/Weixin/Home/Controller/WechatController.class.php 第 10 行.
NOTIC: [8] Undefined index: signature /var/www/html/liweilincm/Weixin/Home/Controller/WechatController.class.php 第 25 行.
NOTIC: [8] Undefined index: timestamp /var/www/html/liweilincm/Weixin/Home/Controller/WechatController.class.php 第 26 行.
NOTIC: [8] Undefined index: nonce /var/www/html/liweilincm/Weixin/Home/Controller/WechatController.class.php 第 27 行.
NOTIC: [8] Undefined index: HTTP_RAW_POST_DATA /var/www/html/liweilincm/Weixin/Home/Controller/WechatController.class.php 第 47 行.
NOTIC: [8] Trying to get property of non-object /var/www/html/liweilincm/Weixin/Home/Controller/WechatController.class.php 第 57 行.
NOTIC: [8] Trying to get property of non-object /var/www/html/liweilincm/Weixin/Home/Controller/WechatController.class.php 第 59 行.
NOTIC: [8] Trying to get property of non-object /var/www/html/liweilincm/Weixin/Home/Controller/WechatController.class.php 第 62 行.
NOTIC: [8] Trying to get property of non-object /var/www/html/liweilincm/Weixin/Home/Controller/WechatController.class.php 第 124 行.
NOTIC: [8] Trying to get property of non-object /var/www/html/liweilincm/Weixin/Home/Controller/WechatController.class.php 第 167 行.
NOTIC: [8] Undefined variable: content /var/www/html/liweilincm/Weixin/Home/Controller/WechatController.class.php 第 195 行.
NOTIC: [8] Undefined index: access_token /var/www/html/liweilincm/Weixin/Common/Common/function.php 第 32 行.
NOTIC: [2] curl_errno(): 1 is not a valid cURL handle resource /var/www/html/liweilincm/Weixin/Common/Common/function.php 第 14 行.
NOTIC: [2] curl_errno(): 2 is not a valid cURL handle resource /var/www/html/liweilincm/Weixin/Common/Common/function.php 第 71 行.
INFO: [ app_end ] --START--
INFO: Run Behavior\ShowPageTraceBehavior [ RunTime:0.000069s ]
INFO: [ app_end ] --END-- [ RunTime:0.000111s ]

[ 2017-04-12T04:39:19+08:00 ] 140.205.225.185 /
INFO: [ app_init ] --START--
INFO: Run Behavior\BuildLiteBehavior [ RunTime:0.000012s ]
INFO: [ app_init ] --END-- [ RunTime:0.000077s ]
INFO: [ app_begin ] --START--
INFO: Run Behavior\ReadHtmlCacheBehavior [ RunTime:0.000031s ]
INFO: [ app_begin ] --END-- [ RunTime:0.000054s ]
NOTIC: [8] Undefined index: echostr /var/www/html/liweilincm/Weixin/Home/Controller/WechatController.class.php 第 10 行.
NOTIC: [8] Undefined index: signature /var/www/html/liweilincm/Weixin/Home/Controller/WechatController.class.php 第 25 行.
NOTIC: [8] Undefined index: timestamp /var/www/html/liweilincm/Weixin/Home/Controller/WechatController.class.php 第 26 行.
NOTIC: [8] Undefined index: nonce /var/www/html/liweilincm/Weixin/Home/Controller/WechatController.class.php 第 27 行.
NOTIC: [8] Undefined index: HTTP_RAW_POST_DATA /var/www/html/liweilincm/Weixin/Home/Controller/WechatController.class.php 第 47 行.
NOTIC: [8] Trying to get property of non-object /var/www/html/liweilincm/Weixin/Home/Controller/WechatController.class.php 第 57 行.
NOTIC: [8] Trying to get property of non-object /var/www/html/liweilincm/Weixin/Home/Controller/WechatController.class.php 第 59 行.
NOTIC: [8] Trying to get property of non-object /var/www/html/liweilincm/Weixin/Home/Controller/WechatController.class.php 第 62 行.
NOTIC: [8] Trying to get property of non-object /var/www/html/liweilincm/Weixin/Home/Controller/WechatController.class.php 第 124 行.
NOTIC: [8] Trying to get property of non-object /var/www/html/liweilincm/Weixin/Home/Controller/WechatController.class.php 第 167 行.
NOTIC: [8] Undefined variable: content /var/www/html/liweilincm/Weixin/Home/Controller/WechatController.class.php 第 195 行.
NOTIC: [8] Undefined index: access_token /var/www/html/liweilincm/Weixin/Common/Common/function.php 第 32 行.
NOTIC: [2] curl_errno(): 1 is not a valid cURL handle resource /var/www/html/liweilincm/Weixin/Common/Common/function.php 第 14 行.
NOTIC: [2] curl_errno(): 2 is not a valid cURL handle resource /var/www/html/liweilincm/Weixin/Common/Common/function.php 第 71 行.
INFO: [ app_end ] --START--
INFO: Run Behavior\ShowPageTraceBehavior [ RunTime:0.000078s ]
INFO: [ app_end ] --END-- [ RunTime:0.000122s ]

[ 2017-04-12T04:46:22+08:00 ] 140.205.225.185 /
INFO: [ app_init ] --START--
INFO: Run Behavior\BuildLiteBehavior [ RunTime:0.000013s ]
INFO: [ app_init ] --END-- [ RunTime:0.000088s ]
INFO: [ app_begin ] --START--
INFO: Run Behavior\ReadHtmlCacheBehavior [ RunTime:0.000033s ]
INFO: [ app_begin ] --END-- [ RunTime:0.000066s ]
NOTIC: [8] Undefined index: echostr /var/www/html/liweilincm/Weixin/Home/Controller/WechatController.class.php 第 10 行.
NOTIC: [8] Undefined index: signature /var/www/html/liweilincm/Weixin/Home/Controller/WechatController.class.php 第 25 行.
NOTIC: [8] Undefined index: timestamp /var/www/html/liweilincm/Weixin/Home/Controller/WechatController.class.php 第 26 行.
NOTIC: [8] Undefined index: nonce /var/www/html/liweilincm/Weixin/Home/Controller/WechatController.class.php 第 27 行.
NOTIC: [8] Undefined index: HTTP_RAW_POST_DATA /var/www/html/liweilincm/Weixin/Home/Controller/WechatController.class.php 第 47 行.
NOTIC: [8] Trying to get property of non-object /var/www/html/liweilincm/Weixin/Home/Controller/WechatController.class.php 第 57 行.
NOTIC: [8] Trying to get property of non-object /var/www/html/liweilincm/Weixin/Home/Controller/WechatController.class.php 第 59 行.
NOTIC: [8] Trying to get property of non-object /var/www/html/liweilincm/Weixin/Home/Controller/WechatController.class.php 第 62 行.
NOTIC: [8] Trying to get property of non-object /var/www/html/liweilincm/Weixin/Home/Controller/WechatController.class.php 第 124 行.
NOTIC: [8] Trying to get property of non-object /var/www/html/liweilincm/Weixin/Home/Controller/WechatController.class.php 第 167 行.
NOTIC: [8] Undefined variable: content /var/www/html/liweilincm/Weixin/Home/Controller/WechatController.class.php 第 195 行.
NOTIC: [8] Undefined index: access_token /var/www/html/liweilincm/Weixin/Common/Common/function.php 第 32 行.
NOTIC: [2] curl_errno(): 1 is not a valid cURL handle resource /var/www/html/liweilincm/Weixin/Common/Common/function.php 第 14 行.
NOTIC: [2] curl_errno(): 2 is not a valid cURL handle resource /var/www/html/liweilincm/Weixin/Common/Common/function.php 第 71 行.
INFO: [ app_end ] --START--
INFO: Run Behavior\ShowPageTraceBehavior [ RunTime:0.000076s ]
INFO: [ app_end ] --END-- [ RunTime:0.000116s ]

[ 2017-04-12T04:47:31+08:00 ] 140.205.225.185 /
INFO: [ app_init ] --START--
INFO: Run Behavior\BuildLiteBehavior [ RunTime:0.000012s ]
INFO: [ app_init ] --END-- [ RunTime:0.000079s ]
INFO: [ app_begin ] --START--
INFO: Run Behavior\ReadHtmlCacheBehavior [ RunTime:0.000031s ]
INFO: [ app_begin ] --END-- [ RunTime:0.000056s ]
NOTIC: [8] Undefined index: echostr /var/www/html/liweilincm/Weixin/Home/Controller/WechatController.class.php 第 10 行.
NOTIC: [8] Undefined index: signature /var/www/html/liweilincm/Weixin/Home/Controller/WechatController.class.php 第 25 行.
NOTIC: [8] Undefined index: timestamp /var/www/html/liweilincm/Weixin/Home/Controller/WechatController.class.php 第 26 行.
NOTIC: [8] Undefined index: nonce /var/www/html/liweilincm/Weixin/Home/Controller/WechatController.class.php 第 27 行.
NOTIC: [8] Undefined index: HTTP_RAW_POST_DATA /var/www/html/liweilincm/Weixin/Home/Controller/WechatController.class.php 第 47 行.
NOTIC: [8] Trying to get property of non-object /var/www/html/liweilincm/Weixin/Home/Controller/WechatController.class.php 第 57 行.
NOTIC: [8] Trying to get property of non-object /var/www/html/liweilincm/Weixin/Home/Controller/WechatController.class.php 第 59 行.
NOTIC: [8] Trying to get property of non-object /var/www/html/liweilincm/Weixin/Home/Controller/WechatController.class.php 第 62 行.
NOTIC: [8] Trying to get property of non-object /var/www/html/liweilincm/Weixin/Home/Controller/WechatController.class.php 第 124 行.
NOTIC: [8] Trying to get property of non-object /var/www/html/liweilincm/Weixin/Home/Controller/WechatController.class.php 第 167 行.
NOTIC: [8] Undefined variable: content /var/www/html/liweilincm/Weixin/Home/Controller/WechatController.class.php 第 195 行.
NOTIC: [8] Undefined index: access_token /var/www/html/liweilincm/Weixin/Common/Common/function.php 第 32 行.
NOTIC: [2] curl_errno(): 1 is not a valid cURL handle resource /var/www/html/liweilincm/Weixin/Common/Common/function.php 第 14 行.
NOTIC: [2] curl_errno(): 2 is not a valid cURL handle resource /var/www/html/liweilincm/Weixin/Common/Common/function.php 第 71 行.
INFO: [ app_end ] --START--
INFO: Run Behavior\ShowPageTraceBehavior [ RunTime:0.000075s ]
INFO: [ app_end ] --END-- [ RunTime:0.000118s ]

[ 2017-04-12T04:49:57+08:00 ] 140.205.225.185 /index.php
INFO: [ app_init ] --START--
INFO: Run Behavior\BuildLiteBehavior [ RunTime:0.000026s ]
INFO: [ app_init ] --END-- [ RunTime:0.000111s ]
INFO: [ app_begin ] --START--
INFO: Run Behavior\ReadHtmlCacheBehavior [ RunTime:0.000081s ]
INFO: [ app_begin ] --END-- [ RunTime:0.000110s ]
NOTIC: [8] Undefined index: echostr /var/www/html/liweilincm/Weixin/Home/Controller/WechatController.class.php 第 10 行.
NOTIC: [8] Undefined index: signature /var/www/html/liweilincm/Weixin/Home/Controller/WechatController.class.php 第 25 行.
NOTIC: [8] Undefined index: timestamp /var/www/html/liweilincm/Weixin/Home/Controller/WechatController.class.php 第 26 行.
NOTIC: [8] Undefined index: nonce /var/www/html/liweilincm/Weixin/Home/Controller/WechatController.class.php 第 27 行.
NOTIC: [8] Undefined index: HTTP_RAW_POST_DATA /var/www/html/liweilincm/Weixin/Home/Controller/WechatController.class.php 第 47 行.
NOTIC: [8] Trying to get property of non-object /var/www/html/liweilincm/Weixin/Home/Controller/WechatController.class.php 第 57 行.
NOTIC: [8] Trying to get property of non-object /var/www/html/liweilincm/Weixin/Home/Controller/WechatController.class.php 第 59 行.
NOTIC: [8] Trying to get property of non-object /var/www/html/liweilincm/Weixin/Home/Controller/WechatController.class.php 第 62 行.
NOTIC: [8] Trying to get property of non-object /var/www/html/liweilincm/Weixin/Home/Controller/WechatController.class.php 第 124 行.
NOTIC: [8] Trying to get property of non-object /var/www/html/liweilincm/Weixin/Home/Controller/WechatController.class.php 第 167 行.
NOTIC: [8] Undefined variable: content /var/www/html/liweilincm/Weixin/Home/Controller/WechatController.class.php 第 195 行.
NOTIC: [8] Undefined index: access_token /var/www/html/liweilincm/Weixin/Common/Common/function.php 第 32 行.
NOTIC: [2] curl_errno(): 1 is not a valid cURL handle resource /var/www/html/liweilincm/Weixin/Common/Common/function.php 第 14 行.
NOTIC: [2] curl_errno(): 2 is not a valid cURL handle resource /var/www/html/liweilincm/Weixin/Common/Common/function.php 第 71 行.
INFO: [ app_end ] --START--
INFO: Run Behavior\ShowPageTraceBehavior [ RunTime:0.000090s ]
INFO: [ app_end ] --END-- [ RunTime:0.000151s ]

[ 2017-04-12T04:53:34+08:00 ] 140.205.225.185 /
INFO: [ app_init ] --START--
INFO: Run Behavior\BuildLiteBehavior [ RunTime:0.000012s ]
INFO: [ app_init ] --END-- [ RunTime:0.000076s ]
INFO: [ app_begin ] --START--
INFO: Run Behavior\ReadHtmlCacheBehavior [ RunTime:0.000031s ]
INFO: [ app_begin ] --END-- [ RunTime:0.000055s ]
NOTIC: [8] Undefined index: echostr /var/www/html/liweilincm/Weixin/Home/Controller/WechatController.class.php 第 10 行.
NOTIC: [8] Undefined index: signature /var/www/html/liweilincm/Weixin/Home/Controller/WechatController.class.php 第 25 行.
NOTIC: [8] Undefined index: timestamp /var/www/html/liweilincm/Weixin/Home/Controller/WechatController.class.php 第 26 行.
NOTIC: [8] Undefined index: nonce /var/www/html/liweilincm/Weixin/Home/Controller/WechatController.class.php 第 27 行.
NOTIC: [8] Undefined index: HTTP_RAW_POST_DATA /var/www/html/liweilincm/Weixin/Home/Controller/WechatController.class.php 第 47 行.
NOTIC: [8] Trying to get property of non-object /var/www/html/liweilincm/Weixin/Home/Controller/WechatController.class.php 第 57 行.
NOTIC: [8] Trying to get property of non-object /var/www/html/liweilincm/Weixin/Home/Controller/WechatController.class.php 第 59 行.
NOTIC: [8] Trying to get property of non-object /var/www/html/liweilincm/Weixin/Home/Controller/WechatController.class.php 第 62 行.
NOTIC: [8] Trying to get property of non-object /var/www/html/liweilincm/Weixin/Home/Controller/WechatController.class.php 第 124 行.
NOTIC: [8] Trying to get property of non-object /var/www/html/liweilincm/Weixin/Home/Controller/WechatController.class.php 第 167 行.
NOTIC: [8] Undefined variable: content /var/www/html/liweilincm/Weixin/Home/Controller/WechatController.class.php 第 195 行.
NOTIC: [8] Undefined index: access_token /var/www/html/liweilincm/Weixin/Common/Common/function.php 第 32 行.
NOTIC: [2] curl_errno(): 1 is not a valid cURL handle resource /var/www/html/liweilincm/Weixin/Common/Common/function.php 第 14 行.
NOTIC: [2] curl_errno(): 2 is not a valid cURL handle resource /var/www/html/liweilincm/Weixin/Common/Common/function.php 第 71 行.
INFO: [ app_end ] --START--
INFO: Run Behavior\ShowPageTraceBehavior [ RunTime:0.000076s ]
INFO: [ app_end ] --END-- [ RunTime:0.000130s ]

[ 2017-04-12T04:54:09+08:00 ] 140.205.225.185 /
INFO: [ app_init ] --START--
INFO: Run Behavior\BuildLiteBehavior [ RunTime:0.000011s ]
INFO: [ app_init ] --END-- [ RunTime:0.000074s ]
INFO: [ app_begin ] --START--
INFO: Run Behavior\ReadHtmlCacheBehavior [ RunTime:0.000027s ]
INFO: [ app_begin ] --END-- [ RunTime:0.000051s ]
NOTIC: [8] Undefined index: echostr /var/www/html/liweilincm/Weixin/Home/Controller/WechatController.class.php 第 10 行.
NOTIC: [8] Undefined index: signature /var/www/html/liweilincm/Weixin/Home/Controller/WechatController.class.php 第 25 行.
NOTIC: [8] Undefined index: timestamp /var/www/html/liweilincm/Weixin/Home/Controller/WechatController.class.php 第 26 行.
NOTIC: [8] Undefined index: nonce /var/www/html/liweilincm/Weixin/Home/Controller/WechatController.class.php 第 27 行.
NOTIC: [2] simplexml_load_string(): Entity: line 1: parser error : Start tag expected, '&lt;' not found /var/www/html/liweilincm/Weixin/Home/Controller/WechatController.class.php 第 56 行.
NOTIC: [2] simplexml_load_string(): 1 /var/www/html/liweilincm/Weixin/Home/Controller/WechatController.class.php 第 56 行.
NOTIC: [2] simplexml_load_string(): ^ /var/www/html/liweilincm/Weixin/Home/Controller/WechatController.class.php 第 56 行.
NOTIC: [8] Trying to get property of non-object /var/www/html/liweilincm/Weixin/Home/Controller/WechatController.class.php 第 57 行.
NOTIC: [8] Trying to get property of non-object /var/www/html/liweilincm/Weixin/Home/Controller/WechatController.class.php 第 59 行.
NOTIC: [8] Trying to get property of non-object /var/www/html/liweilincm/Weixin/Home/Controller/WechatController.class.php 第 62 行.
NOTIC: [8] Trying to get property of non-object /var/www/html/liweilincm/Weixin/Home/Controller/WechatController.class.php 第 124 行.
NOTIC: [8] Trying to get property of non-object /var/www/html/liweilincm/Weixin/Home/Controller/WechatController.class.php 第 167 行.
NOTIC: [8] Undefined variable: content /var/www/html/liweilincm/Weixin/Home/Controller/WechatController.class.php 第 195 行.
NOTIC: [8] Undefined index: access_token /var/www/html/liweilincm/Weixin/Common/Common/function.php 第 32 行.
NOTIC: [2] curl_errno(): 1 is not a valid cURL handle resource /var/www/html/liweilincm/Weixin/Common/Common/function.php 第 14 行.
NOTIC: [2] curl_errno(): 2 is not a valid cURL handle resource /var/www/html/liweilincm/Weixin/Common/Common/function.php 第 71 行.
INFO: [ app_end ] --START--
INFO: Run Behavior\ShowPageTraceBehavior [ RunTime:0.000070s ]
INFO: [ app_end ] --END-- [ RunTime:0.000113s ]

[ 2017-04-12T04:55:20+08:00 ] 140.205.225.185 /
INFO: [ app_init ] --START--
INFO: Run Behavior\BuildLiteBehavior [ RunTime:0.000011s ]
INFO: [ app_init ] --END-- [ RunTime:0.000077s ]
INFO: [ app_begin ] --START--
INFO: Run Behavior\ReadHtmlCacheBehavior [ RunTime:0.000028s ]
INFO: [ app_begin ] --END-- [ RunTime:0.000053s ]
NOTIC: [8] Undefined index: echostr /var/www/html/liweilincm/Weixin/Home/Controller/WechatController.class.php 第 10 行.
NOTIC: [8] Undefined index: signature /var/www/html/liweilincm/Weixin/Home/Controller/WechatController.class.php 第 25 行.
NOTIC: [8] Undefined index: timestamp /var/www/html/liweilincm/Weixin/Home/Controller/WechatController.class.php 第 26 行.
NOTIC: [8] Undefined index: nonce /var/www/html/liweilincm/Weixin/Home/Controller/WechatController.class.php 第 27 行.
NOTIC: [8] Undefined index: HTTP_RAW_POST_DATA /var/www/html/liweilincm/Weixin/Home/Controller/WechatController.class.php 第 47 行.
NOTIC: [8] Trying to get property of non-object /var/www/html/liweilincm/Weixin/Home/Controller/WechatController.class.php 第 57 行.
NOTIC: [8] Trying to get property of non-object /var/www/html/liweilincm/Weixin/Home/Controller/WechatController.class.php 第 59 行.
NOTIC: [8] Trying to get property of non-object /var/www/html/liweilincm/Weixin/Home/Controller/WechatController.class.php 第 62 行.
NOTIC: [8] Trying to get property of non-object /var/www/html/liweilincm/Weixin/Home/Controller/WechatController.class.php 第 124 行.
NOTIC: [8] Trying to get property of non-object /var/www/html/liweilincm/Weixin/Home/Controller/WechatController.class.php 第 167 行.
NOTIC: [8] Undefined variable: content /var/www/html/liweilincm/Weixin/Home/Controller/WechatController.class.php 第 195 行.
NOTIC: [8] Undefined index: access_token /var/www/html/liweilincm/Weixin/Common/Common/function.php 第 32 行.
NOTIC: [2] curl_errno(): 1 is not a valid cURL handle resource /var/www/html/liweilincm/Weixin/Common/Common/function.php 第 14 行.
NOTIC: [2] curl_errno(): 2 is not a valid cURL handle resource /var/www/html/liweilincm/Weixin/Common/Common/function.php 第 71 行.
INFO: [ app_end ] --START--
INFO: Run Behavior\ShowPageTraceBehavior [ RunTime:0.000089s ]
INFO: [ app_end ] --END-- [ RunTime:0.000136s ]

[ 2017-04-12T04:58:48+08:00 ] 140.205.225.185 /
INFO: [ app_init ] --START--
INFO: Run Behavior\BuildLiteBehavior [ RunTime:0.000011s ]
INFO: [ app_init ] --END-- [ RunTime:0.000073s ]
INFO: [ app_begin ] --START--
INFO: Run Behavior\ReadHtmlCacheBehavior [ RunTime:0.000030s ]
INFO: [ app_begin ] --END-- [ RunTime:0.000063s ]
NOTIC: [8] Undefined index: echostr /var/www/html/liweilincm/Weixin/Home/Controller/WechatController.class.php 第 10 行.
NOTIC: [8] Undefined index: signature /var/www/html/liweilincm/Weixin/Home/Controller/WechatController.class.php 第 25 行.
NOTIC: [8] Undefined index: timestamp /var/www/html/liweilincm/Weixin/Home/Controller/WechatController.class.php 第 26 行.
NOTIC: [8] Undefined index: nonce /var/www/html/liweilincm/Weixin/Home/Controller/WechatController.class.php 第 27 行.
NOTIC: [8] Undefined index: HTTP_RAW_POST_DATA /var/www/html/liweilincm/Weixin/Home/Controller/WechatController.class.php 第 47 行.
NOTIC: [8] Trying to get property of non-object /var/www/html/liweilincm/Weixin/Home/Controller/WechatController.class.php 第 57 行.
NOTIC: [8] Trying to get property of non-object /var/www/html/liweilincm/Weixin/Home/Controller/WechatController.class.php 第 59 行.
NOTIC: [8] Trying to get property of non-object /var/www/html/liweilincm/Weixin/Home/Controller/WechatController.class.php 第 62 行.
NOTIC: [8] Trying to get property of non-object /var/www/html/liweilincm/Weixin/Home/Controller/WechatController.class.php 第 124 行.
NOTIC: [8] Trying to get property of non-object /var/www/html/liweilincm/Weixin/Home/Controller/WechatController.class.php 第 167 行.
NOTIC: [8] Undefined variable: content /var/www/html/liweilincm/Weixin/Home/Controller/WechatController.class.php 第 195 行.
NOTIC: [8] Undefined index: access_token /var/www/html/liweilincm/Weixin/Common/Common/function.php 第 32 行.
NOTIC: [2] curl_errno(): 1 is not a valid cURL handle resource /var/www/html/liweilincm/Weixin/Common/Common/function.php 第 14 行.
NOTIC: [2] curl_errno(): 2 is not a valid cURL handle resource /var/www/html/liweilincm/Weixin/Common/Common/function.php 第 71 行.
INFO: [ app_end ] --START--
INFO: Run Behavior\ShowPageTraceBehavior [ RunTime:0.000070s ]
INFO: [ app_end ] --END-- [ RunTime:0.000113s ]

[ 2017-04-12T07:23:59+08:00 ] 84.42.182.250 /
INFO: [ app_init ] --START--
INFO: Run Behavior\BuildLiteBehavior [ RunTime:0.000011s ]
INFO: [ app_init ] --END-- [ RunTime:0.000082s ]
INFO: [ app_begin ] --START--
INFO: Run Behavior\ReadHtmlCacheBehavior [ RunTime:0.000029s ]
INFO: [ app_begin ] --END-- [ RunTime:0.000053s ]
NOTIC: [8] Undefined index: echostr /var/www/html/liweilincm/Weixin/Home/Controller/WechatController.class.php 第 10 行.
NOTIC: [8] Undefined index: signature /var/www/html/liweilincm/Weixin/Home/Controller/WechatController.class.php 第 25 行.
NOTIC: [8] Undefined index: timestamp /var/www/html/liweilincm/Weixin/Home/Controller/WechatController.class.php 第 26 行.
NOTIC: [8] Undefined index: nonce /var/www/html/liweilincm/Weixin/Home/Controller/WechatController.class.php 第 27 行.
NOTIC: [8] Undefined index: HTTP_RAW_POST_DATA /var/www/html/liweilincm/Weixin/Home/Controller/WechatController.class.php 第 47 行.
NOTIC: [8] Trying to get property of non-object /var/www/html/liweilincm/Weixin/Home/Controller/WechatController.class.php 第 57 行.
NOTIC: [8] Trying to get property of non-object /var/www/html/liweilincm/Weixin/Home/Controller/WechatController.class.php 第 59 行.
NOTIC: [8] Trying to get property of non-object /var/www/html/liweilincm/Weixin/Home/Controller/WechatController.class.php 第 62 行.
NOTIC: [8] Trying to get property of non-object /var/www/html/liweilincm/Weixin/Home/Controller/WechatController.class.php 第 124 行.
NOTIC: [8] Trying to get property of non-object /var/www/html/liweilincm/Weixin/Home/Controller/WechatController.class.php 第 167 行.
NOTIC: [8] Undefined variable: content /var/www/html/liweilincm/Weixin/Home/Controller/WechatController.class.php 第 195 行.
NOTIC: [8] Undefined index: access_token /var/www/html/liweilincm/Weixin/Common/Common/function.php 第 32 行.
NOTIC: [2] curl_errno(): 1 is not a valid cURL handle resource /var/www/html/liweilincm/Weixin/Common/Common/function.php 第 14 行.
NOTIC: [2] curl_errno(): 2 is not a valid cURL handle resource /var/www/html/liweilincm/Weixin/Common/Common/function.php 第 71 行.
INFO: [ app_end ] --START--
INFO: Run Behavior\ShowPageTraceBehavior [ RunTime:0.000072s ]
INFO: [ app_end ] --END-- [ RunTime:0.000112s ]

[ 2017-04-12T08:01:21+08:00 ] 42.156.251.185 /
INFO: [ app_init ] --START--
INFO: Run Behavior\BuildLiteBehavior [ RunTime:0.000015s ]
INFO: [ app_init ] --END-- [ RunTime:0.000106s ]
INFO: [ app_begin ] --START--
INFO: Run Behavior\ReadHtmlCacheBehavior [ RunTime:0.000031s ]
INFO: [ app_begin ] --END-- [ RunTime:0.000058s ]
NOTIC: [8] Undefined index: echostr /var/www/html/liweilincm/Weixin/Home/Controller/WechatController.class.php 第 10 行.
NOTIC: [8] Undefined index: signature /var/www/html/liweilincm/Weixin/Home/Controller/WechatController.class.php 第 25 行.
NOTIC: [8] Undefined index: timestamp /var/www/html/liweilincm/Weixin/Home/Controller/WechatController.class.php 第 26 行.
NOTIC: [8] Undefined index: nonce /var/www/html/liweilincm/Weixin/Home/Controller/WechatController.class.php 第 27 行.
NOTIC: [8] Undefined index: HTTP_RAW_POST_DATA /var/www/html/liweilincm/Weixin/Home/Controller/WechatController.class.php 第 47 行.
NOTIC: [8] Trying to get property of non-object /var/www/html/liweilincm/Weixin/Home/Controller/WechatController.class.php 第 57 行.
NOTIC: [8] Trying to get property of non-object /var/www/html/liweilincm/Weixin/Home/Controller/WechatController.class.php 第 59 行.
NOTIC: [8] Trying to get property of non-object /var/www/html/liweilincm/Weixin/Home/Controller/WechatController.class.php 第 62 行.
NOTIC: [8] Trying to get property of non-object /var/www/html/liweilincm/Weixin/Home/Controller/WechatController.class.php 第 124 行.
NOTIC: [8] Trying to get property of non-object /var/www/html/liweilincm/Weixin/Home/Controller/WechatController.class.php 第 167 行.
NOTIC: [8] Undefined variable: content /var/www/html/liweilincm/Weixin/Home/Controller/WechatController.class.php 第 195 行.
NOTIC: [8] Undefined index: access_token /var/www/html/liweilincm/Weixin/Common/Common/function.php 第 32 行.
NOTIC: [2] curl_errno(): 1 is not a valid cURL handle resource /var/www/html/liweilincm/Weixin/Common/Common/function.php 第 14 行.
NOTIC: [2] curl_errno(): 2 is not a valid cURL handle resource /var/www/html/liweilincm/Weixin/Common/Common/function.php 第 71 行.
INFO: [ app_end ] --START--
INFO: Run Behavior\ShowPageTraceBehavior [ RunTime:0.000071s ]
INFO: [ app_end ] --END-- [ RunTime:0.000112s ]

[ 2017-04-12T09:09:03+08:00 ] 42.156.251.187 /
INFO: [ app_init ] --START--
INFO: Run Behavior\BuildLiteBehavior [ RunTime:0.000012s ]
INFO: [ app_init ] --END-- [ RunTime:0.000077s ]
INFO: [ app_begin ] --START--
INFO: Run Behavior\ReadHtmlCacheBehavior [ RunTime:0.000031s ]
INFO: [ app_begin ] --END-- [ RunTime:0.000055s ]
NOTIC: [8] Undefined index: echostr /var/www/html/liweilincm/Weixin/Home/Controller/WechatController.class.php 第 10 行.
NOTIC: [8] Undefined index: signature /var/www/html/liweilincm/Weixin/Home/Controller/WechatController.class.php 第 25 行.
NOTIC: [8] Undefined index: timestamp /var/www/html/liweilincm/Weixin/Home/Controller/WechatController.class.php 第 26 行.
NOTIC: [8] Undefined index: nonce /var/www/html/liweilincm/Weixin/Home/Controller/WechatController.class.php 第 27 行.
NOTIC: [8] Undefined index: HTTP_RAW_POST_DATA /var/www/html/liweilincm/Weixin/Home/Controller/WechatController.class.php 第 47 行.
NOTIC: [8] Trying to get property of non-object /var/www/html/liweilincm/Weixin/Home/Controller/WechatController.class.php 第 57 行.
NOTIC: [8] Trying to get property of non-object /var/www/html/liweilincm/Weixin/Home/Controller/WechatController.class.php 第 59 行.
NOTIC: [8] Trying to get property of non-object /var/www/html/liweilincm/Weixin/Home/Controller/WechatController.class.php 第 62 行.
NOTIC: [8] Trying to get property of non-object /var/www/html/liweilincm/Weixin/Home/Controller/WechatController.class.php 第 124 行.
NOTIC: [8] Trying to get property of non-object /var/www/html/liweilincm/Weixin/Home/Controller/WechatController.class.php 第 167 行.
NOTIC: [8] Undefined variable: content /var/www/html/liweilincm/Weixin/Home/Controller/WechatController.class.php 第 195 行.
NOTIC: [8] Undefined index: access_token /var/www/html/liweilincm/Weixin/Common/Common/function.php 第 32 行.
NOTIC: [2] curl_errno(): 1 is not a valid cURL handle resource /var/www/html/liweilincm/Weixin/Common/Common/function.php 第 14 行.
NOTIC: [2] curl_errno(): 2 is not a valid cURL handle resource /var/www/html/liweilincm/Weixin/Common/Common/function.php 第 71 行.
INFO: [ app_end ] --START--
INFO: Run Behavior\ShowPageTraceBehavior [ RunTime:0.000075s ]
INFO: [ app_end ] --END-- [ RunTime:0.000117s ]

[ 2017-04-12T09:29:20+08:00 ] 114.215.239.201 /
INFO: [ app_init ] --START--
INFO: Run Behavior\BuildLiteBehavior [ RunTime:0.000012s ]
INFO: [ app_init ] --END-- [ RunTime:0.000073s ]
INFO: [ app_begin ] --START--
INFO: Run Behavior\ReadHtmlCacheBehavior [ RunTime:0.000028s ]
INFO: [ app_begin ] --END-- [ RunTime:0.000051s ]
NOTIC: [8] Undefined index: echostr /var/www/html/liweilincm/Weixin/Home/Controller/WechatController.class.php 第 10 行.
NOTIC: [8] Undefined index: signature /var/www/html/liweilincm/Weixin/Home/Controller/WechatController.class.php 第 25 行.
NOTIC: [8] Undefined index: timestamp /var/www/html/liweilincm/Weixin/Home/Controller/WechatController.class.php 第 26 行.
NOTIC: [8] Undefined index: nonce /var/www/html/liweilincm/Weixin/Home/Controller/WechatController.class.php 第 27 行.
NOTIC: [8] Undefined index: HTTP_RAW_POST_DATA /var/www/html/liweilincm/Weixin/Home/Controller/WechatController.class.php 第 47 行.
NOTIC: [8] Trying to get property of non-object /var/www/html/liweilincm/Weixin/Home/Controller/WechatController.class.php 第 57 行.
NOTIC: [8] Trying to get property of non-object /var/www/html/liweilincm/Weixin/Home/Controller/WechatController.class.php 第 59 行.
NOTIC: [8] Trying to get property of non-object /var/www/html/liweilincm/Weixin/Home/Controller/WechatController.class.php 第 62 行.
NOTIC: [8] Trying to get property of non-object /var/www/html/liweilincm/Weixin/Home/Controller/WechatController.class.php 第 124 行.
NOTIC: [8] Trying to get property of non-object /var/www/html/liweilincm/Weixin/Home/Controller/WechatController.class.php 第 167 行.
NOTIC: [8] Undefined variable: content /var/www/html/liweilincm/Weixin/Home/Controller/WechatController.class.php 第 195 行.
NOTIC: [8] Undefined index: access_token /var/www/html/liweilincm/Weixin/Common/Common/function.php 第 32 行.
NOTIC: [2] curl_errno(): 1 is not a valid cURL handle resource /var/www/html/liweilincm/Weixin/Common/Common/function.php 第 14 行.
NOTIC: [2] curl_errno(): 2 is not a valid cURL handle resource /var/www/html/liweilincm/Weixin/Common/Common/function.php 第 71 行.
INFO: [ app_end ] --START--
INFO: Run Behavior\ShowPageTraceBehavior [ RunTime:0.000072s ]
INFO: [ app_end ] --END-- [ RunTime:0.000114s ]

[ 2017-04-12T10:39:29+08:00 ] 189.121.15.111 /
INFO: [ app_init ] --START--
INFO: Run Behavior\BuildLiteBehavior [ RunTime:0.000012s ]
INFO: [ app_init ] --END-- [ RunTime:0.000075s ]
INFO: [ app_begin ] --START--
INFO: Run Behavior\ReadHtmlCacheBehavior [ RunTime:0.000029s ]
INFO: [ app_begin ] --END-- [ RunTime:0.000052s ]
NOTIC: [8] Undefined index: echostr /var/www/html/liweilincm/Weixin/Home/Controller/WechatController.class.php 第 10 行.
NOTIC: [8] Undefined index: signature /var/www/html/liweilincm/Weixin/Home/Controller/WechatController.class.php 第 25 行.
NOTIC: [8] Undefined index: timestamp /var/www/html/liweilincm/Weixin/Home/Controller/WechatController.class.php 第 26 行.
NOTIC: [8] Undefined index: nonce /var/www/html/liweilincm/Weixin/Home/Controller/WechatController.class.php 第 27 行.
NOTIC: [8] Undefined index: HTTP_RAW_POST_DATA /var/www/html/liweilincm/Weixin/Home/Controller/WechatController.class.php 第 47 行.
NOTIC: [8] Trying to get property of non-object /var/www/html/liweilincm/Weixin/Home/Controller/WechatController.class.php 第 57 行.
NOTIC: [8] Trying to get property of non-object /var/www/html/liweilincm/Weixin/Home/Controller/WechatController.class.php 第 59 行.
NOTIC: [8] Trying to get property of non-object /var/www/html/liweilincm/Weixin/Home/Controller/WechatController.class.php 第 62 行.
NOTIC: [8] Trying to get property of non-object /var/www/html/liweilincm/Weixin/Home/Controller/WechatController.class.php 第 124 行.
NOTIC: [8] Trying to get property of non-object /var/www/html/liweilincm/Weixin/Home/Controller/WechatController.class.php 第 167 行.
NOTIC: [8] Undefined variable: content /var/www/html/liweilincm/Weixin/Home/Controller/WechatController.class.php 第 195 行.
NOTIC: [8] Undefined index: access_token /var/www/html/liweilincm/Weixin/Common/Common/function.php 第 32 行.
NOTIC: [2] curl_errno(): 1 is not a valid cURL handle resource /var/www/html/liweilincm/Weixin/Common/Common/function.php 第 14 行.
NOTIC: [2] curl_errno(): 2 is not a valid cURL handle resource /var/www/html/liweilincm/Weixin/Common/Common/function.php 第 71 行.
INFO: [ app_end ] --START--
INFO: Run Behavior\ShowPageTraceBehavior [ RunTime:0.000081s ]
INFO: [ app_end ] --END-- [ RunTime:0.000148s ]

[ 2017-04-12T10:45:52+08:00 ] 118.178.228.154 /
INFO: [ app_init ] --START--
INFO: Run Behavior\BuildLiteBehavior [ RunTime:0.000012s ]
INFO: [ app_init ] --END-- [ RunTime:0.000090s ]
INFO: [ app_begin ] --START--
INFO: Run Behavior\ReadHtmlCacheBehavior [ RunTime:0.000030s ]
INFO: [ app_begin ] --END-- [ RunTime:0.000054s ]
NOTIC: [8] Undefined index: echostr /var/www/html/liweilincm/Weixin/Home/Controller/WechatController.class.php 第 10 行.
NOTIC: [8] Undefined index: signature /var/www/html/liweilincm/Weixin/Home/Controller/WechatController.class.php 第 25 行.
NOTIC: [8] Undefined index: timestamp /var/www/html/liweilincm/Weixin/Home/Controller/WechatController.class.php 第 26 行.
NOTIC: [8] Undefined index: nonce /var/www/html/liweilincm/Weixin/Home/Controller/WechatController.class.php 第 27 行.
NOTIC: [8] Undefined index: HTTP_RAW_POST_DATA /var/www/html/liweilincm/Weixin/Home/Controller/WechatController.class.php 第 47 行.
NOTIC: [8] Trying to get property of non-object /var/www/html/liweilincm/Weixin/Home/Controller/WechatController.class.php 第 57 行.
NOTIC: [8] Trying to get property of non-object /var/www/html/liweilincm/Weixin/Home/Controller/WechatController.class.php 第 59 行.
NOTIC: [8] Trying to get property of non-object /var/www/html/liweilincm/Weixin/Home/Controller/WechatController.class.php 第 62 行.
NOTIC: [8] Trying to get property of non-object /var/www/html/liweilincm/Weixin/Home/Controller/WechatController.class.php 第 124 行.
NOTIC: [8] Trying to get property of non-object /var/www/html/liweilincm/Weixin/Home/Controller/WechatController.class.php 第 167 行.
NOTIC: [8] Undefined variable: content /var/www/html/liweilincm/Weixin/Home/Controller/WechatController.class.php 第 195 行.
NOTIC: [8] Undefined index: access_token /var/www/html/liweilincm/Weixin/Common/Common/function.php 第 32 行.
NOTIC: [2] curl_errno(): 1 is not a valid cURL handle resource /var/www/html/liweilincm/Weixin/Common/Common/function.php 第 14 行.
NOTIC: [2] curl_errno(): 2 is not a valid cURL handle resource /var/www/html/liweilincm/Weixin/Common/Common/function.php 第 71 行.
INFO: [ app_end ] --START--
INFO: Run Behavior\ShowPageTraceBehavior [ RunTime:0.000074s ]
INFO: [ app_end ] --END-- [ RunTime:0.000116s ]

[ 2017-04-12T10:47:22+08:00 ] 140.205.205.2 /
INFO: [ app_init ] --START--
INFO: Run Behavior\BuildLiteBehavior [ RunTime:0.000015s ]
INFO: [ app_init ] --END-- [ RunTime:0.000087s ]
INFO: [ app_begin ] --START--
INFO: Run Behavior\ReadHtmlCacheBehavior [ RunTime:0.000045s ]
INFO: [ app_begin ] --END-- [ RunTime:0.000076s ]
NOTIC: [8] Undefined index: echostr /var/www/html/liweilincm/Weixin/Home/Controller/WechatController.class.php 第 10 行.
NOTIC: [8] Undefined index: signature /var/www/html/liweilincm/Weixin/Home/Controller/WechatController.class.php 第 25 行.
NOTIC: [8] Undefined index: timestamp /var/www/html/liweilincm/Weixin/Home/Controller/WechatController.class.php 第 26 行.
NOTIC: [8] Undefined index: nonce /var/www/html/liweilincm/Weixin/Home/Controller/WechatController.class.php 第 27 行.
NOTIC: [8] Undefined index: HTTP_RAW_POST_DATA /var/www/html/liweilincm/Weixin/Home/Controller/WechatController.class.php 第 47 行.
NOTIC: [8] Trying to get property of non-object /var/www/html/liweilincm/Weixin/Home/Controller/WechatController.class.php 第 57 行.
NOTIC: [8] Trying to get property of non-object /var/www/html/liweilincm/Weixin/Home/Controller/WechatController.class.php 第 59 行.
NOTIC: [8] Trying to get property of non-object /var/www/html/liweilincm/Weixin/Home/Controller/WechatController.class.php 第 62 行.
NOTIC: [8] Trying to get property of non-object /var/www/html/liweilincm/Weixin/Home/Controller/WechatController.class.php 第 124 行.
NOTIC: [8] Trying to get property of non-object /var/www/html/liweilincm/Weixin/Home/Controller/WechatController.class.php 第 167 行.
NOTIC: [8] Undefined variable: content /var/www/html/liweilincm/Weixin/Home/Controller/WechatController.class.php 第 195 行.
NOTIC: [8] Undefined index: access_token /var/www/html/liweilincm/Weixin/Common/Common/function.php 第 32 行.
NOTIC: [2] curl_errno(): 1 is not a valid cURL handle resource /var/www/html/liweilincm/Weixin/Common/Common/function.php 第 14 行.
NOTIC: [2] curl_errno(): 2 is not a valid cURL handle resource /var/www/html/liweilincm/Weixin/Common/Common/function.php 第 71 行.
INFO: [ app_end ] --START--
INFO: Run Behavior\ShowPageTraceBehavior [ RunTime:0.000073s ]
INFO: [ app_end ] --END-- [ RunTime:0.000117s ]

[ 2017-04-12T11:23:51+08:00 ] 45.120.243.254 /
INFO: [ app_init ] --START--
INFO: Run Behavior\BuildLiteBehavior [ RunTime:0.000012s ]
INFO: [ app_init ] --END-- [ RunTime:0.000083s ]
INFO: [ app_begin ] --START--
INFO: Run Behavior\ReadHtmlCacheBehavior [ RunTime:0.000060s ]
INFO: [ app_begin ] --END-- [ RunTime:0.000089s ]
NOTIC: [8] Undefined index: echostr /var/www/html/liweilincm/Weixin/Home/Controller/WechatController.class.php 第 10 行.
NOTIC: [8] Undefined index: signature /var/www/html/liweilincm/Weixin/Home/Controller/WechatController.class.php 第 25 行.
NOTIC: [8] Undefined index: timestamp /var/www/html/liweilincm/Weixin/Home/Controller/WechatController.class.php 第 26 行.
NOTIC: [8] Undefined index: nonce /var/www/html/liweilincm/Weixin/Home/Controller/WechatController.class.php 第 27 行.
NOTIC: [8] Undefined index: HTTP_RAW_POST_DATA /var/www/html/liweilincm/Weixin/Home/Controller/WechatController.class.php 第 47 行.
NOTIC: [8] Trying to get property of non-object /var/www/html/liweilincm/Weixin/Home/Controller/WechatController.class.php 第 57 行.
NOTIC: [8] Trying to get property of non-object /var/www/html/liweilincm/Weixin/Home/Controller/WechatController.class.php 第 59 行.
NOTIC: [8] Trying to get property of non-object /var/www/html/liweilincm/Weixin/Home/Controller/WechatController.class.php 第 62 行.
NOTIC: [8] Trying to get property of non-object /var/www/html/liweilincm/Weixin/Home/Controller/WechatController.class.php 第 124 行.
NOTIC: [8] Trying to get property of non-object /var/www/html/liweilincm/Weixin/Home/Controller/WechatController.class.php 第 167 行.
NOTIC: [8] Undefined variable: content /var/www/html/liweilincm/Weixin/Home/Controller/WechatController.class.php 第 195 行.
NOTIC: [8] Undefined index: access_token /var/www/html/liweilincm/Weixin/Common/Common/function.php 第 32 行.
NOTIC: [2] curl_errno(): 1 is not a valid cURL handle resource /var/www/html/liweilincm/Weixin/Common/Common/function.php 第 14 行.
NOTIC: [2] curl_errno(): 2 is not a valid cURL handle resource /var/www/html/liweilincm/Weixin/Common/Common/function.php 第 71 行.
INFO: [ app_end ] --START--
INFO: Run Behavior\ShowPageTraceBehavior [ RunTime:0.000069s ]
INFO: [ app_end ] --END-- [ RunTime:0.000111s ]

[ 2017-04-12T12:04:56+08:00 ] 120.55.188.36 /
INFO: [ app_init ] --START--
INFO: Run Behavior\BuildLiteBehavior [ RunTime:0.000012s ]
INFO: [ app_init ] --END-- [ RunTime:0.000096s ]
INFO: [ app_begin ] --START--
INFO: Run Behavior\ReadHtmlCacheBehavior [ RunTime:0.000033s ]
INFO: [ app_begin ] --END-- [ RunTime:0.000076s ]
NOTIC: [8] Undefined index: echostr /var/www/html/liweilincm/Weixin/Home/Controller/WechatController.class.php 第 10 行.
NOTIC: [8] Undefined index: signature /var/www/html/liweilincm/Weixin/Home/Controller/WechatController.class.php 第 25 行.
NOTIC: [8] Undefined index: timestamp /var/www/html/liweilincm/Weixin/Home/Controller/WechatController.class.php 第 26 行.
NOTIC: [8] Undefined index: nonce /var/www/html/liweilincm/Weixin/Home/Controller/WechatController.class.php 第 27 行.
NOTIC: [8] Undefined index: HTTP_RAW_POST_DATA /var/www/html/liweilincm/Weixin/Home/Controller/WechatController.class.php 第 47 行.
NOTIC: [8] Trying to get property of non-object /var/www/html/liweilincm/Weixin/Home/Controller/WechatController.class.php 第 57 行.
NOTIC: [8] Trying to get property of non-object /var/www/html/liweilincm/Weixin/Home/Controller/WechatController.class.php 第 59 行.
NOTIC: [8] Trying to get property of non-object /var/www/html/liweilincm/Weixin/Home/Controller/WechatController.class.php 第 62 行.
NOTIC: [8] Trying to get property of non-object /var/www/html/liweilincm/Weixin/Home/Controller/WechatController.class.php 第 124 行.
NOTIC: [8] Trying to get property of non-object /var/www/html/liweilincm/Weixin/Home/Controller/WechatController.class.php 第 167 行.
NOTIC: [8] Undefined variable: content /var/www/html/liweilincm/Weixin/Home/Controller/WechatController.class.php 第 195 行.
NOTIC: [8] Undefined index: access_token /var/www/html/liweilincm/Weixin/Common/Common/function.php 第 32 行.
NOTIC: [2] curl_errno(): 1 is not a valid cURL handle resource /var/www/html/liweilincm/Weixin/Common/Common/function.php 第 14 行.
NOTIC: [2] curl_errno(): 2 is not a valid cURL handle resource /var/www/html/liweilincm/Weixin/Common/Common/function.php 第 71 行.
INFO: [ app_end ] --START--
INFO: Run Behavior\ShowPageTraceBehavior [ RunTime:0.000075s ]
INFO: [ app_end ] --END-- [ RunTime:0.000118s ]

[ 2017-04-12T13:28:21+08:00 ] 120.55.188.36 /
INFO: [ app_init ] --START--
INFO: Run Behavior\BuildLiteBehavior [ RunTime:0.000015s ]
INFO: [ app_init ] --END-- [ RunTime:0.000091s ]
INFO: [ app_begin ] --START--
INFO: Run Behavior\ReadHtmlCacheBehavior [ RunTime:0.000041s ]
INFO: [ app_begin ] --END-- [ RunTime:0.000073s ]
NOTIC: [8] Undefined index: echostr /var/www/html/liweilincm/Weixin/Home/Controller/WechatController.class.php 第 10 行.
NOTIC: [8] Undefined index: signature /var/www/html/liweilincm/Weixin/Home/Controller/WechatController.class.php 第 25 行.
NOTIC: [8] Undefined index: timestamp /var/www/html/liweilincm/Weixin/Home/Controller/WechatController.class.php 第 26 行.
NOTIC: [8] Undefined index: nonce /var/www/html/liweilincm/Weixin/Home/Controller/WechatController.class.php 第 27 行.
NOTIC: [8] Undefined index: HTTP_RAW_POST_DATA /var/www/html/liweilincm/Weixin/Home/Controller/WechatController.class.php 第 47 行.
NOTIC: [8] Trying to get property of non-object /var/www/html/liweilincm/Weixin/Home/Controller/WechatController.class.php 第 57 行.
NOTIC: [8] Trying to get property of non-object /var/www/html/liweilincm/Weixin/Home/Controller/WechatController.class.php 第 59 行.
NOTIC: [8] Trying to get property of non-object /var/www/html/liweilincm/Weixin/Home/Controller/WechatController.class.php 第 62 行.
NOTIC: [8] Trying to get property of non-object /var/www/html/liweilincm/Weixin/Home/Controller/WechatController.class.php 第 124 行.
NOTIC: [8] Trying to get property of non-object /var/www/html/liweilincm/Weixin/Home/Controller/WechatController.class.php 第 167 行.
NOTIC: [8] Undefined variable: content /var/www/html/liweilincm/Weixin/Home/Controller/WechatController.class.php 第 195 行.
NOTIC: [8] Undefined index: access_token /var/www/html/liweilincm/Weixin/Common/Common/function.php 第 32 行.
NOTIC: [2] curl_errno(): 1 is not a valid cURL handle resource /var/www/html/liweilincm/Weixin/Common/Common/function.php 第 14 行.
NOTIC: [2] curl_errno(): 2 is not a valid cURL handle resource /var/www/html/liweilincm/Weixin/Common/Common/function.php 第 71 行.
INFO: [ app_end ] --START--
INFO: Run Behavior\ShowPageTraceBehavior [ RunTime:0.000084s ]
INFO: [ app_end ] --END-- [ RunTime:0.000135s ]

[ 2017-04-12T16:02:41+08:00 ] 222.33.92.246 /
INFO: [ app_init ] --START--
INFO: Run Behavior\BuildLiteBehavior [ RunTime:0.000017s ]
INFO: [ app_init ] --END-- [ RunTime:0.000132s ]
INFO: [ app_begin ] --START--
INFO: Run Behavior\ReadHtmlCacheBehavior [ RunTime:0.000031s ]
INFO: [ app_begin ] --END-- [ RunTime:0.000055s ]
NOTIC: [8] Undefined index: echostr /var/www/html/liweilincm/Weixin/Home/Controller/WechatController.class.php 第 10 行.
NOTIC: [8] Undefined index: signature /var/www/html/liweilincm/Weixin/Home/Controller/WechatController.class.php 第 25 行.
NOTIC: [8] Undefined index: timestamp /var/www/html/liweilincm/Weixin/Home/Controller/WechatController.class.php 第 26 行.
NOTIC: [8] Undefined index: nonce /var/www/html/liweilincm/Weixin/Home/Controller/WechatController.class.php 第 27 行.
NOTIC: [8] Undefined index: HTTP_RAW_POST_DATA /var/www/html/liweilincm/Weixin/Home/Controller/WechatController.class.php 第 47 行.
NOTIC: [8] Trying to get property of non-object /var/www/html/liweilincm/Weixin/Home/Controller/WechatController.class.php 第 57 行.
NOTIC: [8] Trying to get property of non-object /var/www/html/liweilincm/Weixin/Home/Controller/WechatController.class.php 第 59 行.
NOTIC: [8] Trying to get property of non-object /var/www/html/liweilincm/Weixin/Home/Controller/WechatController.class.php 第 62 行.
NOTIC: [8] Trying to get property of non-object /var/www/html/liweilincm/Weixin/Home/Controller/WechatController.class.php 第 124 行.
NOTIC: [8] Trying to get property of non-object /var/www/html/liweilincm/Weixin/Home/Controller/WechatController.class.php 第 167 行.
NOTIC: [8] Undefined variable: content /var/www/html/liweilincm/Weixin/Home/Controller/WechatController.class.php 第 195 行.
NOTIC: [8] Undefined index: access_token /var/www/html/liweilincm/Weixin/Common/Common/function.php 第 32 行.
NOTIC: [2] curl_errno(): 1 is not a valid cURL handle resource /var/www/html/liweilincm/Weixin/Common/Common/function.php 第 14 行.
NOTIC: [2] curl_errno(): 2 is not a valid cURL handle resource /var/www/html/liweilincm/Weixin/Common/Common/function.php 第 71 行.
INFO: [ app_end ] --START--
INFO: Run Behavior\ShowPageTraceBehavior [ RunTime:0.000094s ]
INFO: [ app_end ] --END-- [ RunTime:0.000159s ]

[ 2017-04-12T16:02:45+08:00 ] 222.33.92.246 /
INFO: [ app_init ] --START--
INFO: Run Behavior\BuildLiteBehavior [ RunTime:0.000012s ]
INFO: [ app_init ] --END-- [ RunTime:0.000074s ]
INFO: [ app_begin ] --START--
INFO: Run Behavior\ReadHtmlCacheBehavior [ RunTime:0.000029s ]
INFO: [ app_begin ] --END-- [ RunTime:0.000053s ]
NOTIC: [8] Undefined index: echostr /var/www/html/liweilincm/Weixin/Home/Controller/WechatController.class.php 第 10 行.
NOTIC: [8] Undefined index: signature /var/www/html/liweilincm/Weixin/Home/Controller/WechatController.class.php 第 25 行.
NOTIC: [8] Undefined index: timestamp /var/www/html/liweilincm/Weixin/Home/Controller/WechatController.class.php 第 26 行.
NOTIC: [8] Undefined index: nonce /var/www/html/liweilincm/Weixin/Home/Controller/WechatController.class.php 第 27 行.
NOTIC: [8] Undefined index: HTTP_RAW_POST_DATA /var/www/html/liweilincm/Weixin/Home/Controller/WechatController.class.php 第 47 行.
NOTIC: [8] Trying to get property of non-object /var/www/html/liweilincm/Weixin/Home/Controller/WechatController.class.php 第 57 行.
NOTIC: [8] Trying to get property of non-object /var/www/html/liweilincm/Weixin/Home/Controller/WechatController.class.php 第 59 行.
NOTIC: [8] Trying to get property of non-object /var/www/html/liweilincm/Weixin/Home/Controller/WechatController.class.php 第 62 行.
NOTIC: [8] Trying to get property of non-object /var/www/html/liweilincm/Weixin/Home/Controller/WechatController.class.php 第 124 行.
NOTIC: [8] Trying to get property of non-object /var/www/html/liweilincm/Weixin/Home/Controller/WechatController.class.php 第 167 行.
NOTIC: [8] Undefined variable: content /var/www/html/liweilincm/Weixin/Home/Controller/WechatController.class.php 第 195 行.
NOTIC: [2] curl_errno(): 1 is not a valid cURL handle resource /var/www/html/liweilincm/Weixin/Common/Common/function.php 第 71 行.
INFO: [ app_end ] --START--
INFO: Run Behavior\ShowPageTraceBehavior [ RunTime:0.000084s ]
INFO: [ app_end ] --END-- [ RunTime:0.000139s ]

[ 2017-04-12T16:03:51+08:00 ] 222.33.92.246 /
INFO: [ app_init ] --START--
INFO: Run Behavior\BuildLiteBehavior [ RunTime:0.000012s ]
INFO: [ app_init ] --END-- [ RunTime:0.000076s ]
INFO: [ app_begin ] --START--
INFO: Run Behavior\ReadHtmlCacheBehavior [ RunTime:0.000032s ]
INFO: [ app_begin ] --END-- [ RunTime:0.000057s ]
NOTIC: [8] Undefined index: echostr /var/www/html/liweilincm/Weixin/Home/Controller/WechatController.class.php 第 10 行.
NOTIC: [8] Undefined index: signature /var/www/html/liweilincm/Weixin/Home/Controller/WechatController.class.php 第 25 行.
NOTIC: [8] Undefined index: timestamp /var/www/html/liweilincm/Weixin/Home/Controller/WechatController.class.php 第 26 行.
NOTIC: [8] Undefined index: nonce /var/www/html/liweilincm/Weixin/Home/Controller/WechatController.class.php 第 27 行.
NOTIC: [8] Undefined index: HTTP_RAW_POST_DATA /var/www/html/liweilincm/Weixin/Home/Controller/WechatController.class.php 第 47 行.
NOTIC: [8] Trying to get property of non-object /var/www/html/liweilincm/Weixin/Home/Controller/WechatController.class.php 第 57 行.
NOTIC: [8] Trying to get property of non-object /var/www/html/liweilincm/Weixin/Home/Controller/WechatController.class.php 第 59 行.
NOTIC: [8] Trying to get property of non-object /var/www/html/liweilincm/Weixin/Home/Controller/WechatController.class.php 第 62 行.
NOTIC: [8] Trying to get property of non-object /var/www/html/liweilincm/Weixin/Home/Controller/WechatController.class.php 第 124 行.
NOTIC: [8] Trying to get property of non-object /var/www/html/liweilincm/Weixin/Home/Controller/WechatController.class.php 第 167 行.
NOTIC: [8] Undefined variable: content /var/www/html/liweilincm/Weixin/Home/Controller/WechatController.class.php 第 195 行.
NOTIC: [2] curl_errno(): 1 is not a valid cURL handle resource /var/www/html/liweilincm/Weixin/Common/Common/function.php 第 71 行.
INFO: [ app_end ] --START--
INFO: Run Behavior\ShowPageTraceBehavior [ RunTime:0.000083s ]
INFO: [ app_end ] --END-- [ RunTime:0.000126s ]

[ 2017-04-12T16:13:10+08:00 ] 47.52.32.223 /
INFO: [ app_init ] --START--
INFO: Run Behavior\BuildLiteBehavior [ RunTime:0.000017s ]
INFO: [ app_init ] --END-- [ RunTime:0.000121s ]
INFO: [ app_begin ] --START--
INFO: Run Behavior\ReadHtmlCacheBehavior [ RunTime:0.000034s ]
INFO: [ app_begin ] --END-- [ RunTime:0.000062s ]
NOTIC: [8] Undefined index: echostr /var/www/html/liweilincm/Weixin/Home/Controller/WechatController.class.php 第 10 行.
NOTIC: [8] Undefined index: signature /var/www/html/liweilincm/Weixin/Home/Controller/WechatController.class.php 第 25 行.
NOTIC: [8] Undefined index: timestamp /var/www/html/liweilincm/Weixin/Home/Controller/WechatController.class.php 第 26 行.
NOTIC: [8] Undefined index: nonce /var/www/html/liweilincm/Weixin/Home/Controller/WechatController.class.php 第 27 行.
NOTIC: [8] Undefined index: HTTP_RAW_POST_DATA /var/www/html/liweilincm/Weixin/Home/Controller/WechatController.class.php 第 47 行.
NOTIC: [8] Trying to get property of non-object /var/www/html/liweilincm/Weixin/Home/Controller/WechatController.class.php 第 57 行.
NOTIC: [8] Trying to get property of non-object /var/www/html/liweilincm/Weixin/Home/Controller/WechatController.class.php 第 59 行.
NOTIC: [8] Trying to get property of non-object /var/www/html/liweilincm/Weixin/Home/Controller/WechatController.class.php 第 62 行.
NOTIC: [8] Trying to get property of non-object /var/www/html/liweilincm/Weixin/Home/Controller/WechatController.class.php 第 124 行.
NOTIC: [8] Trying to get property of non-object /var/www/html/liweilincm/Weixin/Home/Controller/WechatController.class.php 第 167 行.
NOTIC: [8] Undefined variable: content /var/www/html/liweilincm/Weixin/Home/Controller/WechatController.class.php 第 195 行.
NOTIC: [8] Undefined index: access_token /var/www/html/liweilincm/Weixin/Common/Common/function.php 第 32 行.
NOTIC: [2] curl_errno(): 1 is not a valid cURL handle resource /var/www/html/liweilincm/Weixin/Common/Common/function.php 第 14 行.
NOTIC: [2] curl_errno(): 2 is not a valid cURL handle resource /var/www/html/liweilincm/Weixin/Common/Common/function.php 第 71 行.
INFO: [ app_end ] --START--
INFO: Run Behavior\ShowPageTraceBehavior [ RunTime:0.000077s ]
INFO: [ app_end ] --END-- [ RunTime:0.000126s ]

[ 2017-04-12T17:31:47+08:00 ] 64.79.100.42 /
INFO: [ app_init ] --START--
INFO: Run Behavior\BuildLiteBehavior [ RunTime:0.000012s ]
INFO: [ app_init ] --END-- [ RunTime:0.000087s ]
INFO: [ app_begin ] --START--
INFO: Run Behavior\ReadHtmlCacheBehavior [ RunTime:0.000045s ]
INFO: [ app_begin ] --END-- [ RunTime:0.000082s ]
NOTIC: [8] Undefined index: echostr /var/www/html/liweilincm/Weixin/Home/Controller/WechatController.class.php 第 10 行.
NOTIC: [8] Undefined index: signature /var/www/html/liweilincm/Weixin/Home/Controller/WechatController.class.php 第 25 行.
NOTIC: [8] Undefined index: timestamp /var/www/html/liweilincm/Weixin/Home/Controller/WechatController.class.php 第 26 行.
NOTIC: [8] Undefined index: nonce /var/www/html/liweilincm/Weixin/Home/Controller/WechatController.class.php 第 27 行.
NOTIC: [8] Undefined index: HTTP_RAW_POST_DATA /var/www/html/liweilincm/Weixin/Home/Controller/WechatController.class.php 第 47 行.
NOTIC: [8] Trying to get property of non-object /var/www/html/liweilincm/Weixin/Home/Controller/WechatController.class.php 第 57 行.
NOTIC: [8] Trying to get property of non-object /var/www/html/liweilincm/Weixin/Home/Controller/WechatController.class.php 第 59 行.
NOTIC: [8] Trying to get property of non-object /var/www/html/liweilincm/Weixin/Home/Controller/WechatController.class.php 第 62 行.
NOTIC: [8] Trying to get property of non-object /var/www/html/liweilincm/Weixin/Home/Controller/WechatController.class.php 第 124 行.
NOTIC: [8] Trying to get property of non-object /var/www/html/liweilincm/Weixin/Home/Controller/WechatController.class.php 第 167 行.
NOTIC: [8] Undefined variable: content /var/www/html/liweilincm/Weixin/Home/Controller/WechatController.class.php 第 195 行.
NOTIC: [8] Undefined index: access_token /var/www/html/liweilincm/Weixin/Common/Common/function.php 第 32 行.
NOTIC: [2] curl_errno(): 1 is not a valid cURL handle resource /var/www/html/liweilincm/Weixin/Common/Common/function.php 第 14 行.
NOTIC: [2] curl_errno(): 2 is not a valid cURL handle resource /var/www/html/liweilincm/Weixin/Common/Common/function.php 第 71 行.
INFO: [ app_end ] --START--
INFO: Run Behavior\ShowPageTraceBehavior [ RunTime:0.000088s ]
INFO: [ app_end ] --END-- [ RunTime:0.000143s ]

[ 2017-04-12T17:31:48+08:00 ] 64.79.100.42 /
INFO: [ app_init ] --START--
INFO: Run Behavior\BuildLiteBehavior [ RunTime:0.000012s ]
INFO: [ app_init ] --END-- [ RunTime:0.000081s ]
INFO: [ app_begin ] --START--
INFO: Run Behavior\ReadHtmlCacheBehavior [ RunTime:0.000025s ]
INFO: [ app_begin ] --END-- [ RunTime:0.000048s ]
NOTIC: [8] Undefined index: echostr /var/www/html/liweilincm/Weixin/Home/Controller/WechatController.class.php 第 10 行.
NOTIC: [8] Undefined index: signature /var/www/html/liweilincm/Weixin/Home/Controller/WechatController.class.php 第 25 行.
NOTIC: [8] Undefined index: timestamp /var/www/html/liweilincm/Weixin/Home/Controller/WechatController.class.php 第 26 行.
NOTIC: [8] Undefined index: nonce /var/www/html/liweilincm/Weixin/Home/Controller/WechatController.class.php 第 27 行.
NOTIC: [8] Undefined index: HTTP_RAW_POST_DATA /var/www/html/liweilincm/Weixin/Home/Controller/WechatController.class.php 第 47 行.
NOTIC: [8] Trying to get property of non-object /var/www/html/liweilincm/Weixin/Home/Controller/WechatController.class.php 第 57 行.
NOTIC: [8] Trying to get property of non-object /var/www/html/liweilincm/Weixin/Home/Controller/WechatController.class.php 第 59 行.
NOTIC: [8] Trying to get property of non-object /var/www/html/liweilincm/Weixin/Home/Controller/WechatController.class.php 第 62 行.
NOTIC: [8] Trying to get property of non-object /var/www/html/liweilincm/Weixin/Home/Controller/WechatController.class.php 第 124 行.
NOTIC: [8] Trying to get property of non-object /var/www/html/liweilincm/Weixin/Home/Controller/WechatController.class.php 第 167 行.
NOTIC: [8] Undefined variable: content /var/www/html/liweilincm/Weixin/Home/Controller/WechatController.class.php 第 195 行.
NOTIC: [8] Undefined index: access_token /var/www/html/liweilincm/Weixin/Common/Common/function.php 第 32 行.
NOTIC: [2] curl_errno(): 1 is not a valid cURL handle resource /var/www/html/liweilincm/Weixin/Common/Common/function.php 第 14 行.
NOTIC: [2] curl_errno(): 2 is not a valid cURL handle resource /var/www/html/liweilincm/Weixin/Common/Common/function.php 第 71 行.
INFO: [ app_end ] --START--
INFO: Run Behavior\ShowPageTraceBehavior [ RunTime:0.000065s ]
INFO: [ app_end ] --END-- [ RunTime:0.000107s ]

[ 2017-04-12T18:41:17+08:00 ] 118.178.228.154 /
INFO: [ app_init ] --START--
INFO: Run Behavior\BuildLiteBehavior [ RunTime:0.000011s ]
INFO: [ app_init ] --END-- [ RunTime:0.000077s ]
INFO: [ app_begin ] --START--
INFO: Run Behavior\ReadHtmlCacheBehavior [ RunTime:0.000030s ]
INFO: [ app_begin ] --END-- [ RunTime:0.000055s ]
NOTIC: [8] Undefined index: echostr /var/www/html/liweilincm/Weixin/Home/Controller/WechatController.class.php 第 10 行.
NOTIC: [8] Undefined index: signature /var/www/html/liweilincm/Weixin/Home/Controller/WechatController.class.php 第 25 行.
NOTIC: [8] Undefined index: timestamp /var/www/html/liweilincm/Weixin/Home/Controller/WechatController.class.php 第 26 行.
NOTIC: [8] Undefined index: nonce /var/www/html/liweilincm/Weixin/Home/Controller/WechatController.class.php 第 27 行.
NOTIC: [8] Undefined index: HTTP_RAW_POST_DATA /var/www/html/liweilincm/Weixin/Home/Controller/WechatController.class.php 第 47 行.
NOTIC: [8] Trying to get property of non-object /var/www/html/liweilincm/Weixin/Home/Controller/WechatController.class.php 第 57 行.
NOTIC: [8] Trying to get property of non-object /var/www/html/liweilincm/Weixin/Home/Controller/WechatController.class.php 第 59 行.
NOTIC: [8] Trying to get property of non-object /var/www/html/liweilincm/Weixin/Home/Controller/WechatController.class.php 第 62 行.
NOTIC: [8] Trying to get property of non-object /var/www/html/liweilincm/Weixin/Home/Controller/WechatController.class.php 第 124 行.
NOTIC: [8] Trying to get property of non-object /var/www/html/liweilincm/Weixin/Home/Controller/WechatController.class.php 第 167 行.
NOTIC: [8] Undefined variable: content /var/www/html/liweilincm/Weixin/Home/Controller/WechatController.class.php 第 195 行.
NOTIC: [8] Undefined index: access_token /var/www/html/liweilincm/Weixin/Common/Common/function.php 第 32 行.
NOTIC: [2] curl_errno(): 1 is not a valid cURL handle resource /var/www/html/liweilincm/Weixin/Common/Common/function.php 第 14 行.
NOTIC: [2] curl_errno(): 2 is not a valid cURL handle resource /var/www/html/liweilincm/Weixin/Common/Common/function.php 第 71 行.
INFO: [ app_end ] --START--
INFO: Run Behavior\ShowPageTraceBehavior [ RunTime:0.000074s ]
INFO: [ app_end ] --END-- [ RunTime:0.000119s ]

[ 2017-04-12T23:33:36+08:00 ] 123.56.233.103 /
INFO: [ app_init ] --START--
INFO: Run Behavior\BuildLiteBehavior [ RunTime:0.000011s ]
INFO: [ app_init ] --END-- [ RunTime:0.000085s ]
INFO: [ app_begin ] --START--
INFO: Run Behavior\ReadHtmlCacheBehavior [ RunTime:0.000030s ]
INFO: [ app_begin ] --END-- [ RunTime:0.000054s ]
NOTIC: [8] Undefined index: echostr /var/www/html/liweilincm/Weixin/Home/Controller/WechatController.class.php 第 10 行.
NOTIC: [8] Undefined index: signature /var/www/html/liweilincm/Weixin/Home/Controller/WechatController.class.php 第 25 行.
NOTIC: [8] Undefined index: timestamp /var/www/html/liweilincm/Weixin/Home/Controller/WechatController.class.php 第 26 行.
NOTIC: [8] Undefined index: nonce /var/www/html/liweilincm/Weixin/Home/Controller/WechatController.class.php 第 27 行.
NOTIC: [8] Undefined index: HTTP_RAW_POST_DATA /var/www/html/liweilincm/Weixin/Home/Controller/WechatController.class.php 第 47 行.
NOTIC: [8] Trying to get property of non-object /var/www/html/liweilincm/Weixin/Home/Controller/WechatController.class.php 第 57 行.
NOTIC: [8] Trying to get property of non-object /var/www/html/liweilincm/Weixin/Home/Controller/WechatController.class.php 第 59 行.
NOTIC: [8] Trying to get property of non-object /var/www/html/liweilincm/Weixin/Home/Controller/WechatController.class.php 第 62 行.
NOTIC: [8] Trying to get property of non-object /var/www/html/liweilincm/Weixin/Home/Controller/WechatController.class.php 第 124 行.
NOTIC: [8] Trying to get property of non-object /var/www/html/liweilincm/Weixin/Home/Controller/WechatController.class.php 第 167 行.
NOTIC: [8] Undefined variable: content /var/www/html/liweilincm/Weixin/Home/Controller/WechatController.class.php 第 195 行.
NOTIC: [8] Undefined index: access_token /var/www/html/liweilincm/Weixin/Common/Common/function.php 第 32 行.
NOTIC: [2] curl_errno(): 1 is not a valid cURL handle resource /var/www/html/liweilincm/Weixin/Common/Common/function.php 第 14 行.
NOTIC: [2] curl_errno(): 2 is not a valid cURL handle resource /var/www/html/liweilincm/Weixin/Common/Common/function.php 第 71 行.
INFO: [ app_end ] --START--
INFO: Run Behavior\ShowPageTraceBehavior [ RunTime:0.000098s ]
INFO: [ app_end ] --END-- [ RunTime:0.000161s ]

