[ 2017-03-02T00:45:24+08:00 ] 64.79.100.33 /
INFO: [ app_init ] --START--
INFO: Run Behavior\BuildLiteBehavior [ RunTime:0.000012s ]
INFO: [ app_init ] --END-- [ RunTime:0.000074s ]
INFO: [ app_begin ] --START--
INFO: Run Behavior\ReadHtmlCacheBehavior [ RunTime:0.000040s ]
INFO: [ app_begin ] --END-- [ RunTime:0.000065s ]
NOTIC: [8] Undefined index: echostr /var/www/html/liweilincm/Weixin/Home/Controller/WechatController.class.php 第 10 行.
NOTIC: [8] Undefined index: signature /var/www/html/liweilincm/Weixin/Home/Controller/WechatController.class.php 第 25 行.
NOTIC: [8] Undefined index: timestamp /var/www/html/liweilincm/Weixin/Home/Controller/WechatController.class.php 第 26 行.
NOTIC: [8] Undefined index: nonce /var/www/html/liweilincm/Weixin/Home/Controller/WechatController.class.php 第 27 行.
NOTIC: [8] Undefined index: HTTP_RAW_POST_DATA /var/www/html/liweilincm/Weixin/Home/Controller/WechatController.class.php 第 47 行.
NOTIC: [8] Trying to get property of non-object /var/www/html/liweilincm/Weixin/Home/Controller/WechatController.class.php 第 57 行.
NOTIC: [8] Trying to get property of non-object /var/www/html/liweilincm/Weixin/Home/Controller/WechatController.class.php 第 59 行.
NOTIC: [8] Trying to get property of non-object /var/www/html/liweilincm/Weixin/Home/Controller/WechatController.class.php 第 62 行.
NOTIC: [8] Trying to get property of non-object /var/www/html/liweilincm/Weixin/Home/Controller/WechatController.class.php 第 89 行.
INFO: [ app_end ] --START--
INFO: Run Behavior\ShowPageTraceBehavior [ RunTime:0.000029s ]
INFO: [ app_end ] --END-- [ RunTime:0.000050s ]

[ 2017-03-02T05:16:16+08:00 ] 118.193.222.132 /
INFO: [ app_init ] --START--
INFO: Run Behavior\BuildLiteBehavior [ RunTime:0.000014s ]
INFO: [ app_init ] --END-- [ RunTime:0.000097s ]
INFO: [ app_begin ] --START--
INFO: Run Behavior\ReadHtmlCacheBehavior [ RunTime:0.000030s ]
INFO: [ app_begin ] --END-- [ RunTime:0.000057s ]
NOTIC: [8] Undefined index: echostr /var/www/html/liweilincm/Weixin/Home/Controller/WechatController.class.php 第 10 行.
NOTIC: [8] Undefined index: signature /var/www/html/liweilincm/Weixin/Home/Controller/WechatController.class.php 第 25 行.
NOTIC: [8] Undefined index: timestamp /var/www/html/liweilincm/Weixin/Home/Controller/WechatController.class.php 第 26 行.
NOTIC: [8] Undefined index: nonce /var/www/html/liweilincm/Weixin/Home/Controller/WechatController.class.php 第 27 行.
NOTIC: [8] Undefined index: HTTP_RAW_POST_DATA /var/www/html/liweilincm/Weixin/Home/Controller/WechatController.class.php 第 47 行.
NOTIC: [8] Trying to get property of non-object /var/www/html/liweilincm/Weixin/Home/Controller/WechatController.class.php 第 57 行.
NOTIC: [8] Trying to get property of non-object /var/www/html/liweilincm/Weixin/Home/Controller/WechatController.class.php 第 59 行.
NOTIC: [8] Trying to get property of non-object /var/www/html/liweilincm/Weixin/Home/Controller/WechatController.class.php 第 62 行.
NOTIC: [8] Trying to get property of non-object /var/www/html/liweilincm/Weixin/Home/Controller/WechatController.class.php 第 89 行.
INFO: [ app_end ] --START--
INFO: Run Behavior\ShowPageTraceBehavior [ RunTime:0.000028s ]
INFO: [ app_end ] --END-- [ RunTime:0.000050s ]

[ 2017-03-02T05:16:55+08:00 ] 118.193.222.132 /
INFO: [ app_init ] --START--
INFO: Run Behavior\BuildLiteBehavior [ RunTime:0.000010s ]
INFO: [ app_init ] --END-- [ RunTime:0.000074s ]
INFO: [ app_begin ] --START--
INFO: Run Behavior\ReadHtmlCacheBehavior [ RunTime:0.000030s ]
INFO: [ app_begin ] --END-- [ RunTime:0.000055s ]
NOTIC: [8] Undefined index: echostr /var/www/html/liweilincm/Weixin/Home/Controller/WechatController.class.php 第 10 行.
NOTIC: [8] Undefined index: signature /var/www/html/liweilincm/Weixin/Home/Controller/WechatController.class.php 第 25 行.
NOTIC: [8] Undefined index: timestamp /var/www/html/liweilincm/Weixin/Home/Controller/WechatController.class.php 第 26 行.
NOTIC: [8] Undefined index: nonce /var/www/html/liweilincm/Weixin/Home/Controller/WechatController.class.php 第 27 行.
NOTIC: [8] Undefined index: HTTP_RAW_POST_DATA /var/www/html/liweilincm/Weixin/Home/Controller/WechatController.class.php 第 47 行.
NOTIC: [8] Trying to get property of non-object /var/www/html/liweilincm/Weixin/Home/Controller/WechatController.class.php 第 57 行.
NOTIC: [8] Trying to get property of non-object /var/www/html/liweilincm/Weixin/Home/Controller/WechatController.class.php 第 59 行.
NOTIC: [8] Trying to get property of non-object /var/www/html/liweilincm/Weixin/Home/Controller/WechatController.class.php 第 62 行.
NOTIC: [8] Trying to get property of non-object /var/www/html/liweilincm/Weixin/Home/Controller/WechatController.class.php 第 89 行.
INFO: [ app_end ] --START--
INFO: Run Behavior\ShowPageTraceBehavior [ RunTime:0.000032s ]
INFO: [ app_end ] --END-- [ RunTime:0.000060s ]

[ 2017-03-02T05:17:03+08:00 ] 118.193.222.132 /
INFO: [ app_init ] --START--
INFO: Run Behavior\BuildLiteBehavior [ RunTime:0.000015s ]
INFO: [ app_init ] --END-- [ RunTime:0.000099s ]
INFO: [ app_begin ] --START--
INFO: Run Behavior\ReadHtmlCacheBehavior [ RunTime:0.000031s ]
INFO: [ app_begin ] --END-- [ RunTime:0.000056s ]
NOTIC: [8] Undefined index: echostr /var/www/html/liweilincm/Weixin/Home/Controller/WechatController.class.php 第 10 行.
NOTIC: [8] Undefined index: signature /var/www/html/liweilincm/Weixin/Home/Controller/WechatController.class.php 第 25 行.
NOTIC: [8] Undefined index: timestamp /var/www/html/liweilincm/Weixin/Home/Controller/WechatController.class.php 第 26 行.
NOTIC: [8] Undefined index: nonce /var/www/html/liweilincm/Weixin/Home/Controller/WechatController.class.php 第 27 行.
NOTIC: [8] Undefined index: HTTP_RAW_POST_DATA /var/www/html/liweilincm/Weixin/Home/Controller/WechatController.class.php 第 47 行.
NOTIC: [8] Trying to get property of non-object /var/www/html/liweilincm/Weixin/Home/Controller/WechatController.class.php 第 57 行.
NOTIC: [8] Trying to get property of non-object /var/www/html/liweilincm/Weixin/Home/Controller/WechatController.class.php 第 59 行.
NOTIC: [8] Trying to get property of non-object /var/www/html/liweilincm/Weixin/Home/Controller/WechatController.class.php 第 62 行.
NOTIC: [8] Trying to get property of non-object /var/www/html/liweilincm/Weixin/Home/Controller/WechatController.class.php 第 89 行.
INFO: [ app_end ] --START--
INFO: Run Behavior\ShowPageTraceBehavior [ RunTime:0.000027s ]
INFO: [ app_end ] --END-- [ RunTime:0.000049s ]

[ 2017-03-02T06:49:15+08:00 ] 120.76.28.5 /
INFO: [ app_init ] --START--
INFO: Run Behavior\BuildLiteBehavior [ RunTime:0.000015s ]
INFO: [ app_init ] --END-- [ RunTime:0.000101s ]
INFO: [ app_begin ] --START--
INFO: Run Behavior\ReadHtmlCacheBehavior [ RunTime:0.000032s ]
INFO: [ app_begin ] --END-- [ RunTime:0.000057s ]
NOTIC: [8] Undefined index: echostr /var/www/html/liweilincm/Weixin/Home/Controller/WechatController.class.php 第 10 行.
NOTIC: [8] Undefined index: signature /var/www/html/liweilincm/Weixin/Home/Controller/WechatController.class.php 第 25 行.
NOTIC: [8] Undefined index: timestamp /var/www/html/liweilincm/Weixin/Home/Controller/WechatController.class.php 第 26 行.
NOTIC: [8] Undefined index: nonce /var/www/html/liweilincm/Weixin/Home/Controller/WechatController.class.php 第 27 行.
NOTIC: [8] Undefined index: HTTP_RAW_POST_DATA /var/www/html/liweilincm/Weixin/Home/Controller/WechatController.class.php 第 47 行.
NOTIC: [8] Trying to get property of non-object /var/www/html/liweilincm/Weixin/Home/Controller/WechatController.class.php 第 57 行.
NOTIC: [8] Trying to get property of non-object /var/www/html/liweilincm/Weixin/Home/Controller/WechatController.class.php 第 59 行.
NOTIC: [8] Trying to get property of non-object /var/www/html/liweilincm/Weixin/Home/Controller/WechatController.class.php 第 62 行.
NOTIC: [8] Trying to get property of non-object /var/www/html/liweilincm/Weixin/Home/Controller/WechatController.class.php 第 89 行.
INFO: [ app_end ] --START--
INFO: Run Behavior\ShowPageTraceBehavior [ RunTime:0.000028s ]
INFO: [ app_end ] --END-- [ RunTime:0.000050s ]

[ 2017-03-02T06:49:19+08:00 ] 120.76.28.5 /
INFO: [ app_init ] --START--
INFO: Run Behavior\BuildLiteBehavior [ RunTime:0.000012s ]
INFO: [ app_init ] --END-- [ RunTime:0.000077s ]
INFO: [ app_begin ] --START--
INFO: Run Behavior\ReadHtmlCacheBehavior [ RunTime:0.000042s ]
INFO: [ app_begin ] --END-- [ RunTime:0.000082s ]
NOTIC: [8] Undefined index: echostr /var/www/html/liweilincm/Weixin/Home/Controller/WechatController.class.php 第 10 行.
NOTIC: [8] Undefined index: signature /var/www/html/liweilincm/Weixin/Home/Controller/WechatController.class.php 第 25 行.
NOTIC: [8] Undefined index: timestamp /var/www/html/liweilincm/Weixin/Home/Controller/WechatController.class.php 第 26 行.
NOTIC: [8] Undefined index: nonce /var/www/html/liweilincm/Weixin/Home/Controller/WechatController.class.php 第 27 行.
NOTIC: [8] Undefined index: HTTP_RAW_POST_DATA /var/www/html/liweilincm/Weixin/Home/Controller/WechatController.class.php 第 47 行.
NOTIC: [8] Trying to get property of non-object /var/www/html/liweilincm/Weixin/Home/Controller/WechatController.class.php 第 57 行.
NOTIC: [8] Trying to get property of non-object /var/www/html/liweilincm/Weixin/Home/Controller/WechatController.class.php 第 59 行.
NOTIC: [8] Trying to get property of non-object /var/www/html/liweilincm/Weixin/Home/Controller/WechatController.class.php 第 62 行.
NOTIC: [8] Trying to get property of non-object /var/www/html/liweilincm/Weixin/Home/Controller/WechatController.class.php 第 89 行.
INFO: [ app_end ] --START--
INFO: Run Behavior\ShowPageTraceBehavior [ RunTime:0.000028s ]
INFO: [ app_end ] --END-- [ RunTime:0.000050s ]

[ 2017-03-02T07:32:55+08:00 ] 101.201.208.37 /
INFO: [ app_init ] --START--
INFO: Run Behavior\BuildLiteBehavior [ RunTime:0.000012s ]
INFO: [ app_init ] --END-- [ RunTime:0.000080s ]
INFO: [ app_begin ] --START--
INFO: Run Behavior\ReadHtmlCacheBehavior [ RunTime:0.000031s ]
INFO: [ app_begin ] --END-- [ RunTime:0.000056s ]
NOTIC: [8] Undefined index: echostr /var/www/html/liweilincm/Weixin/Home/Controller/WechatController.class.php 第 10 行.
NOTIC: [8] Undefined index: signature /var/www/html/liweilincm/Weixin/Home/Controller/WechatController.class.php 第 25 行.
NOTIC: [8] Undefined index: timestamp /var/www/html/liweilincm/Weixin/Home/Controller/WechatController.class.php 第 26 行.
NOTIC: [8] Undefined index: nonce /var/www/html/liweilincm/Weixin/Home/Controller/WechatController.class.php 第 27 行.
NOTIC: [8] Undefined index: HTTP_RAW_POST_DATA /var/www/html/liweilincm/Weixin/Home/Controller/WechatController.class.php 第 47 行.
NOTIC: [8] Trying to get property of non-object /var/www/html/liweilincm/Weixin/Home/Controller/WechatController.class.php 第 57 行.
NOTIC: [8] Trying to get property of non-object /var/www/html/liweilincm/Weixin/Home/Controller/WechatController.class.php 第 59 行.
NOTIC: [8] Trying to get property of non-object /var/www/html/liweilincm/Weixin/Home/Controller/WechatController.class.php 第 62 行.
NOTIC: [8] Trying to get property of non-object /var/www/html/liweilincm/Weixin/Home/Controller/WechatController.class.php 第 89 行.
INFO: [ app_end ] --START--
INFO: Run Behavior\ShowPageTraceBehavior [ RunTime:0.000029s ]
INFO: [ app_end ] --END-- [ RunTime:0.000052s ]

[ 2017-03-02T07:32:59+08:00 ] 101.201.208.37 /
INFO: [ app_init ] --START--
INFO: Run Behavior\BuildLiteBehavior [ RunTime:0.000014s ]
INFO: [ app_init ] --END-- [ RunTime:0.000157s ]
INFO: [ app_begin ] --START--
INFO: Run Behavior\ReadHtmlCacheBehavior [ RunTime:0.000040s ]
INFO: [ app_begin ] --END-- [ RunTime:0.000068s ]
NOTIC: [8] Undefined index: echostr /var/www/html/liweilincm/Weixin/Home/Controller/WechatController.class.php 第 10 行.
NOTIC: [8] Undefined index: signature /var/www/html/liweilincm/Weixin/Home/Controller/WechatController.class.php 第 25 行.
NOTIC: [8] Undefined index: timestamp /var/www/html/liweilincm/Weixin/Home/Controller/WechatController.class.php 第 26 行.
NOTIC: [8] Undefined index: nonce /var/www/html/liweilincm/Weixin/Home/Controller/WechatController.class.php 第 27 行.
NOTIC: [8] Undefined index: HTTP_RAW_POST_DATA /var/www/html/liweilincm/Weixin/Home/Controller/WechatController.class.php 第 47 行.
NOTIC: [8] Trying to get property of non-object /var/www/html/liweilincm/Weixin/Home/Controller/WechatController.class.php 第 57 行.
NOTIC: [8] Trying to get property of non-object /var/www/html/liweilincm/Weixin/Home/Controller/WechatController.class.php 第 59 行.
NOTIC: [8] Trying to get property of non-object /var/www/html/liweilincm/Weixin/Home/Controller/WechatController.class.php 第 62 行.
NOTIC: [8] Trying to get property of non-object /var/www/html/liweilincm/Weixin/Home/Controller/WechatController.class.php 第 89 行.
INFO: [ app_end ] --START--
INFO: Run Behavior\ShowPageTraceBehavior [ RunTime:0.000036s ]
INFO: [ app_end ] --END-- [ RunTime:0.000058s ]

[ 2017-03-02T07:44:07+08:00 ] 35.185.67.156 /
INFO: [ app_init ] --START--
INFO: Run Behavior\BuildLiteBehavior [ RunTime:0.000016s ]
INFO: [ app_init ] --END-- [ RunTime:0.000087s ]
INFO: [ app_begin ] --START--
INFO: Run Behavior\ReadHtmlCacheBehavior [ RunTime:0.000032s ]
INFO: [ app_begin ] --END-- [ RunTime:0.000058s ]
NOTIC: [8] Undefined index: echostr /var/www/html/liweilincm/Weixin/Home/Controller/WechatController.class.php 第 10 行.
NOTIC: [8] Undefined index: signature /var/www/html/liweilincm/Weixin/Home/Controller/WechatController.class.php 第 25 行.
NOTIC: [8] Undefined index: timestamp /var/www/html/liweilincm/Weixin/Home/Controller/WechatController.class.php 第 26 行.
NOTIC: [8] Undefined index: nonce /var/www/html/liweilincm/Weixin/Home/Controller/WechatController.class.php 第 27 行.
NOTIC: [8] Undefined index: HTTP_RAW_POST_DATA /var/www/html/liweilincm/Weixin/Home/Controller/WechatController.class.php 第 47 行.
NOTIC: [8] Trying to get property of non-object /var/www/html/liweilincm/Weixin/Home/Controller/WechatController.class.php 第 57 行.
NOTIC: [8] Trying to get property of non-object /var/www/html/liweilincm/Weixin/Home/Controller/WechatController.class.php 第 59 行.
NOTIC: [8] Trying to get property of non-object /var/www/html/liweilincm/Weixin/Home/Controller/WechatController.class.php 第 62 行.
NOTIC: [8] Trying to get property of non-object /var/www/html/liweilincm/Weixin/Home/Controller/WechatController.class.php 第 89 行.
INFO: [ app_end ] --START--
INFO: Run Behavior\ShowPageTraceBehavior [ RunTime:0.000035s ]
INFO: [ app_end ] --END-- [ RunTime:0.000066s ]

[ 2017-03-02T08:09:06+08:00 ] 47.90.92.26 /
INFO: [ app_init ] --START--
INFO: Run Behavior\BuildLiteBehavior [ RunTime:0.000011s ]
INFO: [ app_init ] --END-- [ RunTime:0.000073s ]
INFO: [ app_begin ] --START--
INFO: Run Behavior\ReadHtmlCacheBehavior [ RunTime:0.000030s ]
INFO: [ app_begin ] --END-- [ RunTime:0.000054s ]
NOTIC: [8] Undefined index: echostr /var/www/html/liweilincm/Weixin/Home/Controller/WechatController.class.php 第 10 行.
NOTIC: [8] Undefined index: signature /var/www/html/liweilincm/Weixin/Home/Controller/WechatController.class.php 第 25 行.
NOTIC: [8] Undefined index: timestamp /var/www/html/liweilincm/Weixin/Home/Controller/WechatController.class.php 第 26 行.
NOTIC: [8] Undefined index: nonce /var/www/html/liweilincm/Weixin/Home/Controller/WechatController.class.php 第 27 行.
NOTIC: [8] Undefined index: HTTP_RAW_POST_DATA /var/www/html/liweilincm/Weixin/Home/Controller/WechatController.class.php 第 47 行.
NOTIC: [8] Trying to get property of non-object /var/www/html/liweilincm/Weixin/Home/Controller/WechatController.class.php 第 57 行.
NOTIC: [8] Trying to get property of non-object /var/www/html/liweilincm/Weixin/Home/Controller/WechatController.class.php 第 59 行.
NOTIC: [8] Trying to get property of non-object /var/www/html/liweilincm/Weixin/Home/Controller/WechatController.class.php 第 62 行.
NOTIC: [8] Trying to get property of non-object /var/www/html/liweilincm/Weixin/Home/Controller/WechatController.class.php 第 89 行.
INFO: [ app_end ] --START--
INFO: Run Behavior\ShowPageTraceBehavior [ RunTime:0.000028s ]
INFO: [ app_end ] --END-- [ RunTime:0.000050s ]

[ 2017-03-02T11:03:49+08:00 ] 196.52.43.61 /
INFO: [ app_init ] --START--
INFO: Run Behavior\BuildLiteBehavior [ RunTime:0.000012s ]
INFO: [ app_init ] --END-- [ RunTime:0.000077s ]
INFO: [ app_begin ] --START--
INFO: Run Behavior\ReadHtmlCacheBehavior [ RunTime:0.000030s ]
INFO: [ app_begin ] --END-- [ RunTime:0.000055s ]
NOTIC: [8] Undefined index: echostr /var/www/html/liweilincm/Weixin/Home/Controller/WechatController.class.php 第 10 行.
NOTIC: [8] Undefined index: signature /var/www/html/liweilincm/Weixin/Home/Controller/WechatController.class.php 第 25 行.
NOTIC: [8] Undefined index: timestamp /var/www/html/liweilincm/Weixin/Home/Controller/WechatController.class.php 第 26 行.
NOTIC: [8] Undefined index: nonce /var/www/html/liweilincm/Weixin/Home/Controller/WechatController.class.php 第 27 行.
NOTIC: [8] Undefined index: HTTP_RAW_POST_DATA /var/www/html/liweilincm/Weixin/Home/Controller/WechatController.class.php 第 47 行.
NOTIC: [8] Trying to get property of non-object /var/www/html/liweilincm/Weixin/Home/Controller/WechatController.class.php 第 57 行.
NOTIC: [8] Trying to get property of non-object /var/www/html/liweilincm/Weixin/Home/Controller/WechatController.class.php 第 59 行.
NOTIC: [8] Trying to get property of non-object /var/www/html/liweilincm/Weixin/Home/Controller/WechatController.class.php 第 62 行.
NOTIC: [8] Trying to get property of non-object /var/www/html/liweilincm/Weixin/Home/Controller/WechatController.class.php 第 89 行.
INFO: [ app_end ] --START--
INFO: Run Behavior\ShowPageTraceBehavior [ RunTime:0.000029s ]
INFO: [ app_end ] --END-- [ RunTime:0.000051s ]

[ 2017-03-02T13:52:03+08:00 ] 77.247.181.165 /
INFO: [ app_init ] --START--
INFO: Run Behavior\BuildLiteBehavior [ RunTime:0.000015s ]
INFO: [ app_init ] --END-- [ RunTime:0.000112s ]
INFO: [ app_begin ] --START--
INFO: Run Behavior\ReadHtmlCacheBehavior [ RunTime:0.000033s ]
INFO: [ app_begin ] --END-- [ RunTime:0.000061s ]
NOTIC: [8] Undefined index: echostr /var/www/html/liweilincm/Weixin/Home/Controller/WechatController.class.php 第 10 行.
NOTIC: [8] Undefined index: signature /var/www/html/liweilincm/Weixin/Home/Controller/WechatController.class.php 第 25 行.
NOTIC: [8] Undefined index: timestamp /var/www/html/liweilincm/Weixin/Home/Controller/WechatController.class.php 第 26 行.
NOTIC: [8] Undefined index: nonce /var/www/html/liweilincm/Weixin/Home/Controller/WechatController.class.php 第 27 行.
NOTIC: [8] Undefined index: HTTP_RAW_POST_DATA /var/www/html/liweilincm/Weixin/Home/Controller/WechatController.class.php 第 47 行.
NOTIC: [8] Trying to get property of non-object /var/www/html/liweilincm/Weixin/Home/Controller/WechatController.class.php 第 57 行.
NOTIC: [8] Trying to get property of non-object /var/www/html/liweilincm/Weixin/Home/Controller/WechatController.class.php 第 59 行.
NOTIC: [8] Trying to get property of non-object /var/www/html/liweilincm/Weixin/Home/Controller/WechatController.class.php 第 62 行.
NOTIC: [8] Trying to get property of non-object /var/www/html/liweilincm/Weixin/Home/Controller/WechatController.class.php 第 89 行.
INFO: [ app_end ] --START--
INFO: Run Behavior\ShowPageTraceBehavior [ RunTime:0.000034s ]
INFO: [ app_end ] --END-- [ RunTime:0.000059s ]

[ 2017-03-02T14:57:23+08:00 ] 140.205.201.43 /
INFO: [ app_init ] --START--
INFO: Run Behavior\BuildLiteBehavior [ RunTime:0.000022s ]
INFO: [ app_init ] --END-- [ RunTime:0.000087s ]
INFO: [ app_begin ] --START--
INFO: Run Behavior\ReadHtmlCacheBehavior [ RunTime:0.000030s ]
INFO: [ app_begin ] --END-- [ RunTime:0.000054s ]
NOTIC: [8] Undefined index: echostr /var/www/html/liweilincm/Weixin/Home/Controller/WechatController.class.php 第 10 行.
NOTIC: [8] Undefined index: signature /var/www/html/liweilincm/Weixin/Home/Controller/WechatController.class.php 第 25 行.
NOTIC: [8] Undefined index: timestamp /var/www/html/liweilincm/Weixin/Home/Controller/WechatController.class.php 第 26 行.
NOTIC: [8] Undefined index: nonce /var/www/html/liweilincm/Weixin/Home/Controller/WechatController.class.php 第 27 行.
NOTIC: [8] Undefined index: HTTP_RAW_POST_DATA /var/www/html/liweilincm/Weixin/Home/Controller/WechatController.class.php 第 47 行.
NOTIC: [8] Trying to get property of non-object /var/www/html/liweilincm/Weixin/Home/Controller/WechatController.class.php 第 57 行.
NOTIC: [8] Trying to get property of non-object /var/www/html/liweilincm/Weixin/Home/Controller/WechatController.class.php 第 59 行.
NOTIC: [8] Trying to get property of non-object /var/www/html/liweilincm/Weixin/Home/Controller/WechatController.class.php 第 62 行.
NOTIC: [8] Trying to get property of non-object /var/www/html/liweilincm/Weixin/Home/Controller/WechatController.class.php 第 89 行.
INFO: [ app_end ] --START--
INFO: Run Behavior\ShowPageTraceBehavior [ RunTime:0.000028s ]
INFO: [ app_end ] --END-- [ RunTime:0.000050s ]

[ 2017-03-02T14:57:25+08:00 ] 140.205.201.43 /
INFO: [ app_init ] --START--
INFO: Run Behavior\BuildLiteBehavior [ RunTime:0.000011s ]
INFO: [ app_init ] --END-- [ RunTime:0.000070s ]
INFO: [ app_begin ] --START--
INFO: Run Behavior\ReadHtmlCacheBehavior [ RunTime:0.000028s ]
INFO: [ app_begin ] --END-- [ RunTime:0.000051s ]
NOTIC: [8] Undefined index: echostr /var/www/html/liweilincm/Weixin/Home/Controller/WechatController.class.php 第 10 行.
NOTIC: [8] Undefined index: signature /var/www/html/liweilincm/Weixin/Home/Controller/WechatController.class.php 第 25 行.
NOTIC: [8] Undefined index: timestamp /var/www/html/liweilincm/Weixin/Home/Controller/WechatController.class.php 第 26 行.
NOTIC: [8] Undefined index: nonce /var/www/html/liweilincm/Weixin/Home/Controller/WechatController.class.php 第 27 行.
NOTIC: [8] Undefined index: HTTP_RAW_POST_DATA /var/www/html/liweilincm/Weixin/Home/Controller/WechatController.class.php 第 47 行.
NOTIC: [8] Trying to get property of non-object /var/www/html/liweilincm/Weixin/Home/Controller/WechatController.class.php 第 57 行.
NOTIC: [8] Trying to get property of non-object /var/www/html/liweilincm/Weixin/Home/Controller/WechatController.class.php 第 59 行.
NOTIC: [8] Trying to get property of non-object /var/www/html/liweilincm/Weixin/Home/Controller/WechatController.class.php 第 62 行.
NOTIC: [8] Trying to get property of non-object /var/www/html/liweilincm/Weixin/Home/Controller/WechatController.class.php 第 89 行.
INFO: [ app_end ] --START--
INFO: Run Behavior\ShowPageTraceBehavior [ RunTime:0.000026s ]
INFO: [ app_end ] --END-- [ RunTime:0.000050s ]

[ 2017-03-02T15:00:06+08:00 ] 140.205.201.43 /
INFO: [ app_init ] --START--
INFO: Run Behavior\BuildLiteBehavior [ RunTime:0.000011s ]
INFO: [ app_init ] --END-- [ RunTime:0.000077s ]
INFO: [ app_begin ] --START--
INFO: Run Behavior\ReadHtmlCacheBehavior [ RunTime:0.000030s ]
INFO: [ app_begin ] --END-- [ RunTime:0.000054s ]
NOTIC: [8] Undefined index: echostr /var/www/html/liweilincm/Weixin/Home/Controller/WechatController.class.php 第 10 行.
NOTIC: [8] Undefined index: signature /var/www/html/liweilincm/Weixin/Home/Controller/WechatController.class.php 第 25 行.
NOTIC: [8] Undefined index: timestamp /var/www/html/liweilincm/Weixin/Home/Controller/WechatController.class.php 第 26 行.
NOTIC: [8] Undefined index: nonce /var/www/html/liweilincm/Weixin/Home/Controller/WechatController.class.php 第 27 行.
NOTIC: [8] Undefined index: HTTP_RAW_POST_DATA /var/www/html/liweilincm/Weixin/Home/Controller/WechatController.class.php 第 47 行.
NOTIC: [8] Trying to get property of non-object /var/www/html/liweilincm/Weixin/Home/Controller/WechatController.class.php 第 57 行.
NOTIC: [8] Trying to get property of non-object /var/www/html/liweilincm/Weixin/Home/Controller/WechatController.class.php 第 59 行.
NOTIC: [8] Trying to get property of non-object /var/www/html/liweilincm/Weixin/Home/Controller/WechatController.class.php 第 62 行.
NOTIC: [8] Trying to get property of non-object /var/www/html/liweilincm/Weixin/Home/Controller/WechatController.class.php 第 89 行.
INFO: [ app_end ] --START--
INFO: Run Behavior\ShowPageTraceBehavior [ RunTime:0.000030s ]
INFO: [ app_end ] --END-- [ RunTime:0.000053s ]

[ 2017-03-02T15:00:34+08:00 ] 140.205.201.43 /
INFO: [ app_init ] --START--
INFO: Run Behavior\BuildLiteBehavior [ RunTime:0.000011s ]
INFO: [ app_init ] --END-- [ RunTime:0.000075s ]
INFO: [ app_begin ] --START--
INFO: Run Behavior\ReadHtmlCacheBehavior [ RunTime:0.000031s ]
INFO: [ app_begin ] --END-- [ RunTime:0.000056s ]
NOTIC: [8] Undefined index: echostr /var/www/html/liweilincm/Weixin/Home/Controller/WechatController.class.php 第 10 行.
NOTIC: [8] Undefined index: signature /var/www/html/liweilincm/Weixin/Home/Controller/WechatController.class.php 第 25 行.
NOTIC: [8] Undefined index: timestamp /var/www/html/liweilincm/Weixin/Home/Controller/WechatController.class.php 第 26 行.
NOTIC: [8] Undefined index: nonce /var/www/html/liweilincm/Weixin/Home/Controller/WechatController.class.php 第 27 行.
NOTIC: [8] Undefined index: HTTP_RAW_POST_DATA /var/www/html/liweilincm/Weixin/Home/Controller/WechatController.class.php 第 47 行.
NOTIC: [8] Trying to get property of non-object /var/www/html/liweilincm/Weixin/Home/Controller/WechatController.class.php 第 57 行.
NOTIC: [8] Trying to get property of non-object /var/www/html/liweilincm/Weixin/Home/Controller/WechatController.class.php 第 59 行.
NOTIC: [8] Trying to get property of non-object /var/www/html/liweilincm/Weixin/Home/Controller/WechatController.class.php 第 62 行.
NOTIC: [8] Trying to get property of non-object /var/www/html/liweilincm/Weixin/Home/Controller/WechatController.class.php 第 89 行.
INFO: [ app_end ] --START--
INFO: Run Behavior\ShowPageTraceBehavior [ RunTime:0.000036s ]
INFO: [ app_end ] --END-- [ RunTime:0.000065s ]

[ 2017-03-02T15:00:39+08:00 ] 140.205.201.43 /
INFO: [ app_init ] --START--
INFO: Run Behavior\BuildLiteBehavior [ RunTime:0.000010s ]
INFO: [ app_init ] --END-- [ RunTime:0.000072s ]
INFO: [ app_begin ] --START--
INFO: Run Behavior\ReadHtmlCacheBehavior [ RunTime:0.000029s ]
INFO: [ app_begin ] --END-- [ RunTime:0.000054s ]
NOTIC: [8] Undefined index: echostr /var/www/html/liweilincm/Weixin/Home/Controller/WechatController.class.php 第 10 行.
NOTIC: [8] Undefined index: signature /var/www/html/liweilincm/Weixin/Home/Controller/WechatController.class.php 第 25 行.
NOTIC: [8] Undefined index: timestamp /var/www/html/liweilincm/Weixin/Home/Controller/WechatController.class.php 第 26 行.
NOTIC: [8] Undefined index: nonce /var/www/html/liweilincm/Weixin/Home/Controller/WechatController.class.php 第 27 行.
NOTIC: [8] Undefined index: HTTP_RAW_POST_DATA /var/www/html/liweilincm/Weixin/Home/Controller/WechatController.class.php 第 47 行.
NOTIC: [8] Trying to get property of non-object /var/www/html/liweilincm/Weixin/Home/Controller/WechatController.class.php 第 57 行.
NOTIC: [8] Trying to get property of non-object /var/www/html/liweilincm/Weixin/Home/Controller/WechatController.class.php 第 59 行.
NOTIC: [8] Trying to get property of non-object /var/www/html/liweilincm/Weixin/Home/Controller/WechatController.class.php 第 62 行.
NOTIC: [8] Trying to get property of non-object /var/www/html/liweilincm/Weixin/Home/Controller/WechatController.class.php 第 89 行.
INFO: [ app_end ] --START--
INFO: Run Behavior\ShowPageTraceBehavior [ RunTime:0.000030s ]
INFO: [ app_end ] --END-- [ RunTime:0.000053s ]

[ 2017-03-02T15:00:45+08:00 ] 140.205.201.43 /index.php
INFO: [ app_init ] --START--
INFO: Run Behavior\BuildLiteBehavior [ RunTime:0.000017s ]
INFO: [ app_init ] --END-- [ RunTime:0.000105s ]
INFO: [ app_begin ] --START--
INFO: Run Behavior\ReadHtmlCacheBehavior [ RunTime:0.000033s ]
INFO: [ app_begin ] --END-- [ RunTime:0.000058s ]
NOTIC: [8] Undefined index: echostr /var/www/html/liweilincm/Weixin/Home/Controller/WechatController.class.php 第 10 行.
NOTIC: [8] Undefined index: signature /var/www/html/liweilincm/Weixin/Home/Controller/WechatController.class.php 第 25 行.
NOTIC: [8] Undefined index: timestamp /var/www/html/liweilincm/Weixin/Home/Controller/WechatController.class.php 第 26 行.
NOTIC: [8] Undefined index: nonce /var/www/html/liweilincm/Weixin/Home/Controller/WechatController.class.php 第 27 行.
NOTIC: [8] Undefined index: HTTP_RAW_POST_DATA /var/www/html/liweilincm/Weixin/Home/Controller/WechatController.class.php 第 47 行.
NOTIC: [8] Trying to get property of non-object /var/www/html/liweilincm/Weixin/Home/Controller/WechatController.class.php 第 57 行.
NOTIC: [8] Trying to get property of non-object /var/www/html/liweilincm/Weixin/Home/Controller/WechatController.class.php 第 59 行.
NOTIC: [8] Trying to get property of non-object /var/www/html/liweilincm/Weixin/Home/Controller/WechatController.class.php 第 62 行.
NOTIC: [8] Trying to get property of non-object /var/www/html/liweilincm/Weixin/Home/Controller/WechatController.class.php 第 89 行.
INFO: [ app_end ] --START--
INFO: Run Behavior\ShowPageTraceBehavior [ RunTime:0.000042s ]
INFO: [ app_end ] --END-- [ RunTime:0.000079s ]

[ 2017-03-02T15:01:00+08:00 ] 140.205.201.43 /
INFO: [ app_init ] --START--
INFO: Run Behavior\BuildLiteBehavior [ RunTime:0.000015s ]
INFO: [ app_init ] --END-- [ RunTime:0.000103s ]
INFO: [ app_begin ] --START--
INFO: Run Behavior\ReadHtmlCacheBehavior [ RunTime:0.000031s ]
INFO: [ app_begin ] --END-- [ RunTime:0.000064s ]
NOTIC: [8] Undefined index: echostr /var/www/html/liweilincm/Weixin/Home/Controller/WechatController.class.php 第 10 行.
NOTIC: [8] Undefined index: signature /var/www/html/liweilincm/Weixin/Home/Controller/WechatController.class.php 第 25 行.
NOTIC: [8] Undefined index: timestamp /var/www/html/liweilincm/Weixin/Home/Controller/WechatController.class.php 第 26 行.
NOTIC: [8] Undefined index: nonce /var/www/html/liweilincm/Weixin/Home/Controller/WechatController.class.php 第 27 行.
NOTIC: [8] Undefined index: HTTP_RAW_POST_DATA /var/www/html/liweilincm/Weixin/Home/Controller/WechatController.class.php 第 47 行.
NOTIC: [8] Trying to get property of non-object /var/www/html/liweilincm/Weixin/Home/Controller/WechatController.class.php 第 57 行.
NOTIC: [8] Trying to get property of non-object /var/www/html/liweilincm/Weixin/Home/Controller/WechatController.class.php 第 59 行.
NOTIC: [8] Trying to get property of non-object /var/www/html/liweilincm/Weixin/Home/Controller/WechatController.class.php 第 62 行.
NOTIC: [8] Trying to get property of non-object /var/www/html/liweilincm/Weixin/Home/Controller/WechatController.class.php 第 89 行.
INFO: [ app_end ] --START--
INFO: Run Behavior\ShowPageTraceBehavior [ RunTime:0.000032s ]
INFO: [ app_end ] --END-- [ RunTime:0.000055s ]

[ 2017-03-02T15:01:29+08:00 ] 140.205.201.43 /
INFO: [ app_init ] --START--
INFO: Run Behavior\BuildLiteBehavior [ RunTime:0.000011s ]
INFO: [ app_init ] --END-- [ RunTime:0.000072s ]
INFO: [ app_begin ] --START--
INFO: Run Behavior\ReadHtmlCacheBehavior [ RunTime:0.000029s ]
INFO: [ app_begin ] --END-- [ RunTime:0.000053s ]
NOTIC: [8] Undefined index: echostr /var/www/html/liweilincm/Weixin/Home/Controller/WechatController.class.php 第 10 行.
NOTIC: [8] Undefined index: signature /var/www/html/liweilincm/Weixin/Home/Controller/WechatController.class.php 第 25 行.
NOTIC: [8] Undefined index: timestamp /var/www/html/liweilincm/Weixin/Home/Controller/WechatController.class.php 第 26 行.
NOTIC: [8] Undefined index: nonce /var/www/html/liweilincm/Weixin/Home/Controller/WechatController.class.php 第 27 行.
NOTIC: [8] Undefined index: HTTP_RAW_POST_DATA /var/www/html/liweilincm/Weixin/Home/Controller/WechatController.class.php 第 47 行.
NOTIC: [8] Trying to get property of non-object /var/www/html/liweilincm/Weixin/Home/Controller/WechatController.class.php 第 57 行.
NOTIC: [8] Trying to get property of non-object /var/www/html/liweilincm/Weixin/Home/Controller/WechatController.class.php 第 59 行.
NOTIC: [8] Trying to get property of non-object /var/www/html/liweilincm/Weixin/Home/Controller/WechatController.class.php 第 62 行.
NOTIC: [8] Trying to get property of non-object /var/www/html/liweilincm/Weixin/Home/Controller/WechatController.class.php 第 89 行.
INFO: [ app_end ] --START--
INFO: Run Behavior\ShowPageTraceBehavior [ RunTime:0.000028s ]
INFO: [ app_end ] --END-- [ RunTime:0.000051s ]

[ 2017-03-02T15:22:57+08:00 ] 123.56.233.113 /
INFO: [ app_init ] --START--
INFO: Run Behavior\BuildLiteBehavior [ RunTime:0.000028s ]
INFO: [ app_init ] --END-- [ RunTime:0.000116s ]
INFO: [ app_begin ] --START--
INFO: Run Behavior\ReadHtmlCacheBehavior [ RunTime:0.000051s ]
INFO: [ app_begin ] --END-- [ RunTime:0.000079s ]
NOTIC: [8] Undefined index: echostr /var/www/html/liweilincm/Weixin/Home/Controller/WechatController.class.php 第 10 行.
NOTIC: [8] Undefined index: signature /var/www/html/liweilincm/Weixin/Home/Controller/WechatController.class.php 第 25 行.
NOTIC: [8] Undefined index: timestamp /var/www/html/liweilincm/Weixin/Home/Controller/WechatController.class.php 第 26 行.
NOTIC: [8] Undefined index: nonce /var/www/html/liweilincm/Weixin/Home/Controller/WechatController.class.php 第 27 行.
NOTIC: [8] Undefined index: HTTP_RAW_POST_DATA /var/www/html/liweilincm/Weixin/Home/Controller/WechatController.class.php 第 47 行.
NOTIC: [8] Trying to get property of non-object /var/www/html/liweilincm/Weixin/Home/Controller/WechatController.class.php 第 57 行.
NOTIC: [8] Trying to get property of non-object /var/www/html/liweilincm/Weixin/Home/Controller/WechatController.class.php 第 59 行.
NOTIC: [8] Trying to get property of non-object /var/www/html/liweilincm/Weixin/Home/Controller/WechatController.class.php 第 62 行.
NOTIC: [8] Trying to get property of non-object /var/www/html/liweilincm/Weixin/Home/Controller/WechatController.class.php 第 89 行.
INFO: [ app_end ] --START--
INFO: Run Behavior\ShowPageTraceBehavior [ RunTime:0.000028s ]
INFO: [ app_end ] --END-- [ RunTime:0.000049s ]

[ 2017-03-02T18:05:33+08:00 ] 71.6.165.200 /
INFO: [ app_init ] --START--
INFO: Run Behavior\BuildLiteBehavior [ RunTime:0.000012s ]
INFO: [ app_init ] --END-- [ RunTime:0.000071s ]
INFO: [ app_begin ] --START--
INFO: Run Behavior\ReadHtmlCacheBehavior [ RunTime:0.000029s ]
INFO: [ app_begin ] --END-- [ RunTime:0.000053s ]
NOTIC: [8] Undefined index: echostr /var/www/html/liweilincm/Weixin/Home/Controller/WechatController.class.php 第 10 行.
NOTIC: [8] Undefined index: signature /var/www/html/liweilincm/Weixin/Home/Controller/WechatController.class.php 第 25 行.
NOTIC: [8] Undefined index: timestamp /var/www/html/liweilincm/Weixin/Home/Controller/WechatController.class.php 第 26 行.
NOTIC: [8] Undefined index: nonce /var/www/html/liweilincm/Weixin/Home/Controller/WechatController.class.php 第 27 行.
NOTIC: [8] Undefined index: HTTP_RAW_POST_DATA /var/www/html/liweilincm/Weixin/Home/Controller/WechatController.class.php 第 47 行.
NOTIC: [8] Trying to get property of non-object /var/www/html/liweilincm/Weixin/Home/Controller/WechatController.class.php 第 57 行.
NOTIC: [8] Trying to get property of non-object /var/www/html/liweilincm/Weixin/Home/Controller/WechatController.class.php 第 59 行.
NOTIC: [8] Trying to get property of non-object /var/www/html/liweilincm/Weixin/Home/Controller/WechatController.class.php 第 62 行.
NOTIC: [8] Trying to get property of non-object /var/www/html/liweilincm/Weixin/Home/Controller/WechatController.class.php 第 89 行.
INFO: [ app_end ] --START--
INFO: Run Behavior\ShowPageTraceBehavior [ RunTime:0.000029s ]
INFO: [ app_end ] --END-- [ RunTime:0.000051s ]

[ 2017-03-02T21:56:42+08:00 ] 103.40.102.19 /
INFO: [ app_init ] --START--
INFO: Run Behavior\BuildLiteBehavior [ RunTime:0.000011s ]
INFO: [ app_init ] --END-- [ RunTime:0.000074s ]
INFO: [ app_begin ] --START--
INFO: Run Behavior\ReadHtmlCacheBehavior [ RunTime:0.000028s ]
INFO: [ app_begin ] --END-- [ RunTime:0.000052s ]
NOTIC: [8] Undefined index: echostr /var/www/html/liweilincm/Weixin/Home/Controller/WechatController.class.php 第 10 行.
NOTIC: [8] Undefined index: signature /var/www/html/liweilincm/Weixin/Home/Controller/WechatController.class.php 第 25 行.
NOTIC: [8] Undefined index: timestamp /var/www/html/liweilincm/Weixin/Home/Controller/WechatController.class.php 第 26 行.
NOTIC: [8] Undefined index: nonce /var/www/html/liweilincm/Weixin/Home/Controller/WechatController.class.php 第 27 行.
NOTIC: [8] Undefined index: HTTP_RAW_POST_DATA /var/www/html/liweilincm/Weixin/Home/Controller/WechatController.class.php 第 47 行.
NOTIC: [8] Trying to get property of non-object /var/www/html/liweilincm/Weixin/Home/Controller/WechatController.class.php 第 57 行.
NOTIC: [8] Trying to get property of non-object /var/www/html/liweilincm/Weixin/Home/Controller/WechatController.class.php 第 59 行.
NOTIC: [8] Trying to get property of non-object /var/www/html/liweilincm/Weixin/Home/Controller/WechatController.class.php 第 62 行.
NOTIC: [8] Trying to get property of non-object /var/www/html/liweilincm/Weixin/Home/Controller/WechatController.class.php 第 89 行.
INFO: [ app_end ] --START--
INFO: Run Behavior\ShowPageTraceBehavior [ RunTime:0.000028s ]
INFO: [ app_end ] --END-- [ RunTime:0.000048s ]

