[ 2017-03-23T00:59:15+08:00 ] 58.9.98.234 /
INFO: [ app_init ] --START--
INFO: Run Behavior\BuildLiteBehavior [ RunTime:0.000016s ]
INFO: [ app_init ] --END-- [ RunTime:0.000117s ]
INFO: [ app_begin ] --START--
INFO: Run Behavior\ReadHtmlCacheBehavior [ RunTime:0.000034s ]
INFO: [ app_begin ] --END-- [ RunTime:0.000062s ]
NOTIC: [8] Undefined index: echostr /var/www/html/liweilincm/Weixin/Home/Controller/WechatController.class.php 第 10 行.
NOTIC: [8] Undefined index: signature /var/www/html/liweilincm/Weixin/Home/Controller/WechatController.class.php 第 25 行.
NOTIC: [8] Undefined index: timestamp /var/www/html/liweilincm/Weixin/Home/Controller/WechatController.class.php 第 26 行.
NOTIC: [8] Undefined index: nonce /var/www/html/liweilincm/Weixin/Home/Controller/WechatController.class.php 第 27 行.
NOTIC: [8] Undefined index: HTTP_RAW_POST_DATA /var/www/html/liweilincm/Weixin/Home/Controller/WechatController.class.php 第 47 行.
NOTIC: [8] Trying to get property of non-object /var/www/html/liweilincm/Weixin/Home/Controller/WechatController.class.php 第 57 行.
NOTIC: [8] Trying to get property of non-object /var/www/html/liweilincm/Weixin/Home/Controller/WechatController.class.php 第 59 行.
NOTIC: [8] Trying to get property of non-object /var/www/html/liweilincm/Weixin/Home/Controller/WechatController.class.php 第 62 行.
NOTIC: [8] Trying to get property of non-object /var/www/html/liweilincm/Weixin/Home/Controller/WechatController.class.php 第 89 行.
INFO: [ app_end ] --START--
INFO: Run Behavior\ShowPageTraceBehavior [ RunTime:0.000027s ]
INFO: [ app_end ] --END-- [ RunTime:0.000049s ]

[ 2017-03-23T03:28:16+08:00 ] 180.180.150.147 /
INFO: [ app_init ] --START--
INFO: Run Behavior\BuildLiteBehavior [ RunTime:0.000012s ]
INFO: [ app_init ] --END-- [ RunTime:0.000074s ]
INFO: [ app_begin ] --START--
INFO: Run Behavior\ReadHtmlCacheBehavior [ RunTime:0.000034s ]
INFO: [ app_begin ] --END-- [ RunTime:0.000061s ]
NOTIC: [8] Undefined index: echostr /var/www/html/liweilincm/Weixin/Home/Controller/WechatController.class.php 第 10 行.
NOTIC: [8] Undefined index: signature /var/www/html/liweilincm/Weixin/Home/Controller/WechatController.class.php 第 25 行.
NOTIC: [8] Undefined index: timestamp /var/www/html/liweilincm/Weixin/Home/Controller/WechatController.class.php 第 26 行.
NOTIC: [8] Undefined index: nonce /var/www/html/liweilincm/Weixin/Home/Controller/WechatController.class.php 第 27 行.
NOTIC: [8] Undefined index: HTTP_RAW_POST_DATA /var/www/html/liweilincm/Weixin/Home/Controller/WechatController.class.php 第 47 行.
NOTIC: [8] Trying to get property of non-object /var/www/html/liweilincm/Weixin/Home/Controller/WechatController.class.php 第 57 行.
NOTIC: [8] Trying to get property of non-object /var/www/html/liweilincm/Weixin/Home/Controller/WechatController.class.php 第 59 行.
NOTIC: [8] Trying to get property of non-object /var/www/html/liweilincm/Weixin/Home/Controller/WechatController.class.php 第 62 行.
NOTIC: [8] Trying to get property of non-object /var/www/html/liweilincm/Weixin/Home/Controller/WechatController.class.php 第 89 行.
INFO: [ app_end ] --START--
INFO: Run Behavior\ShowPageTraceBehavior [ RunTime:0.000033s ]
INFO: [ app_end ] --END-- [ RunTime:0.000055s ]

[ 2017-03-23T04:21:17+08:00 ] 120.76.28.5 /
INFO: [ app_init ] --START--
INFO: Run Behavior\BuildLiteBehavior [ RunTime:0.000012s ]
INFO: [ app_init ] --END-- [ RunTime:0.000075s ]
INFO: [ app_begin ] --START--
INFO: Run Behavior\ReadHtmlCacheBehavior [ RunTime:0.000031s ]
INFO: [ app_begin ] --END-- [ RunTime:0.000056s ]
NOTIC: [8] Undefined index: echostr /var/www/html/liweilincm/Weixin/Home/Controller/WechatController.class.php 第 10 行.
NOTIC: [8] Undefined index: signature /var/www/html/liweilincm/Weixin/Home/Controller/WechatController.class.php 第 25 行.
NOTIC: [8] Undefined index: timestamp /var/www/html/liweilincm/Weixin/Home/Controller/WechatController.class.php 第 26 行.
NOTIC: [8] Undefined index: nonce /var/www/html/liweilincm/Weixin/Home/Controller/WechatController.class.php 第 27 行.
NOTIC: [8] Undefined index: HTTP_RAW_POST_DATA /var/www/html/liweilincm/Weixin/Home/Controller/WechatController.class.php 第 47 行.
NOTIC: [8] Trying to get property of non-object /var/www/html/liweilincm/Weixin/Home/Controller/WechatController.class.php 第 57 行.
NOTIC: [8] Trying to get property of non-object /var/www/html/liweilincm/Weixin/Home/Controller/WechatController.class.php 第 59 行.
NOTIC: [8] Trying to get property of non-object /var/www/html/liweilincm/Weixin/Home/Controller/WechatController.class.php 第 62 行.
NOTIC: [8] Trying to get property of non-object /var/www/html/liweilincm/Weixin/Home/Controller/WechatController.class.php 第 89 行.
INFO: [ app_end ] --START--
INFO: Run Behavior\ShowPageTraceBehavior [ RunTime:0.000028s ]
INFO: [ app_end ] --END-- [ RunTime:0.000049s ]

[ 2017-03-23T04:21:20+08:00 ] 120.76.28.5 /
INFO: [ app_init ] --START--
INFO: Run Behavior\BuildLiteBehavior [ RunTime:0.000011s ]
INFO: [ app_init ] --END-- [ RunTime:0.000072s ]
INFO: [ app_begin ] --START--
INFO: Run Behavior\ReadHtmlCacheBehavior [ RunTime:0.000028s ]
INFO: [ app_begin ] --END-- [ RunTime:0.000051s ]
NOTIC: [8] Undefined index: echostr /var/www/html/liweilincm/Weixin/Home/Controller/WechatController.class.php 第 10 行.
NOTIC: [8] Undefined index: signature /var/www/html/liweilincm/Weixin/Home/Controller/WechatController.class.php 第 25 行.
NOTIC: [8] Undefined index: timestamp /var/www/html/liweilincm/Weixin/Home/Controller/WechatController.class.php 第 26 行.
NOTIC: [8] Undefined index: nonce /var/www/html/liweilincm/Weixin/Home/Controller/WechatController.class.php 第 27 行.
NOTIC: [8] Undefined index: HTTP_RAW_POST_DATA /var/www/html/liweilincm/Weixin/Home/Controller/WechatController.class.php 第 47 行.
NOTIC: [8] Trying to get property of non-object /var/www/html/liweilincm/Weixin/Home/Controller/WechatController.class.php 第 57 行.
NOTIC: [8] Trying to get property of non-object /var/www/html/liweilincm/Weixin/Home/Controller/WechatController.class.php 第 59 行.
NOTIC: [8] Trying to get property of non-object /var/www/html/liweilincm/Weixin/Home/Controller/WechatController.class.php 第 62 行.
NOTIC: [8] Trying to get property of non-object /var/www/html/liweilincm/Weixin/Home/Controller/WechatController.class.php 第 89 行.
INFO: [ app_end ] --START--
INFO: Run Behavior\ShowPageTraceBehavior [ RunTime:0.000030s ]
INFO: [ app_end ] --END-- [ RunTime:0.000052s ]

[ 2017-03-23T07:03:15+08:00 ] 120.24.251.13 /
INFO: [ app_init ] --START--
INFO: Run Behavior\BuildLiteBehavior [ RunTime:0.000020s ]
INFO: [ app_init ] --END-- [ RunTime:0.000083s ]
INFO: [ app_begin ] --START--
INFO: Run Behavior\ReadHtmlCacheBehavior [ RunTime:0.000030s ]
INFO: [ app_begin ] --END-- [ RunTime:0.000054s ]
NOTIC: [8] Undefined index: echostr /var/www/html/liweilincm/Weixin/Home/Controller/WechatController.class.php 第 10 行.
NOTIC: [8] Undefined index: signature /var/www/html/liweilincm/Weixin/Home/Controller/WechatController.class.php 第 25 行.
NOTIC: [8] Undefined index: timestamp /var/www/html/liweilincm/Weixin/Home/Controller/WechatController.class.php 第 26 行.
NOTIC: [8] Undefined index: nonce /var/www/html/liweilincm/Weixin/Home/Controller/WechatController.class.php 第 27 行.
NOTIC: [8] Undefined index: HTTP_RAW_POST_DATA /var/www/html/liweilincm/Weixin/Home/Controller/WechatController.class.php 第 47 行.
NOTIC: [8] Trying to get property of non-object /var/www/html/liweilincm/Weixin/Home/Controller/WechatController.class.php 第 57 行.
NOTIC: [8] Trying to get property of non-object /var/www/html/liweilincm/Weixin/Home/Controller/WechatController.class.php 第 59 行.
NOTIC: [8] Trying to get property of non-object /var/www/html/liweilincm/Weixin/Home/Controller/WechatController.class.php 第 62 行.
NOTIC: [8] Trying to get property of non-object /var/www/html/liweilincm/Weixin/Home/Controller/WechatController.class.php 第 89 行.
INFO: [ app_end ] --START--
INFO: Run Behavior\ShowPageTraceBehavior [ RunTime:0.000034s ]
INFO: [ app_end ] --END-- [ RunTime:0.000057s ]

[ 2017-03-23T07:14:53+08:00 ] 123.151.42.61 http://www.baidu.com/
INFO: [ app_init ] --START--
INFO: Run Behavior\BuildLiteBehavior [ RunTime:0.000011s ]
INFO: [ app_init ] --END-- [ RunTime:0.000072s ]
INFO: [ app_begin ] --START--
INFO: Run Behavior\ReadHtmlCacheBehavior [ RunTime:0.000042s ]
INFO: [ app_begin ] --END-- [ RunTime:0.000069s ]
NOTIC: [8] Undefined index: echostr /var/www/html/liweilincm/Weixin/Home/Controller/WechatController.class.php 第 10 行.
NOTIC: [8] Undefined index: signature /var/www/html/liweilincm/Weixin/Home/Controller/WechatController.class.php 第 25 行.
NOTIC: [8] Undefined index: timestamp /var/www/html/liweilincm/Weixin/Home/Controller/WechatController.class.php 第 26 行.
NOTIC: [8] Undefined index: nonce /var/www/html/liweilincm/Weixin/Home/Controller/WechatController.class.php 第 27 行.
NOTIC: [8] Undefined index: HTTP_RAW_POST_DATA /var/www/html/liweilincm/Weixin/Home/Controller/WechatController.class.php 第 47 行.
NOTIC: [8] Trying to get property of non-object /var/www/html/liweilincm/Weixin/Home/Controller/WechatController.class.php 第 57 行.
NOTIC: [8] Trying to get property of non-object /var/www/html/liweilincm/Weixin/Home/Controller/WechatController.class.php 第 59 行.
NOTIC: [8] Trying to get property of non-object /var/www/html/liweilincm/Weixin/Home/Controller/WechatController.class.php 第 62 行.
NOTIC: [8] Trying to get property of non-object /var/www/html/liweilincm/Weixin/Home/Controller/WechatController.class.php 第 89 行.
INFO: [ app_end ] --START--
INFO: Run Behavior\ShowPageTraceBehavior [ RunTime:0.000030s ]
INFO: [ app_end ] --END-- [ RunTime:0.000054s ]

[ 2017-03-23T07:32:53+08:00 ] 185.110.132.231 /
INFO: [ app_init ] --START--
INFO: Run Behavior\BuildLiteBehavior [ RunTime:0.000011s ]
INFO: [ app_init ] --END-- [ RunTime:0.000071s ]
INFO: [ app_begin ] --START--
INFO: Run Behavior\ReadHtmlCacheBehavior [ RunTime:0.000029s ]
INFO: [ app_begin ] --END-- [ RunTime:0.000052s ]
NOTIC: [8] Undefined index: echostr /var/www/html/liweilincm/Weixin/Home/Controller/WechatController.class.php 第 10 行.
NOTIC: [8] Undefined index: signature /var/www/html/liweilincm/Weixin/Home/Controller/WechatController.class.php 第 25 行.
NOTIC: [8] Undefined index: timestamp /var/www/html/liweilincm/Weixin/Home/Controller/WechatController.class.php 第 26 行.
NOTIC: [8] Undefined index: nonce /var/www/html/liweilincm/Weixin/Home/Controller/WechatController.class.php 第 27 行.
NOTIC: [8] Undefined index: HTTP_RAW_POST_DATA /var/www/html/liweilincm/Weixin/Home/Controller/WechatController.class.php 第 47 行.
NOTIC: [8] Trying to get property of non-object /var/www/html/liweilincm/Weixin/Home/Controller/WechatController.class.php 第 57 行.
NOTIC: [8] Trying to get property of non-object /var/www/html/liweilincm/Weixin/Home/Controller/WechatController.class.php 第 59 行.
NOTIC: [8] Trying to get property of non-object /var/www/html/liweilincm/Weixin/Home/Controller/WechatController.class.php 第 62 行.
NOTIC: [8] Trying to get property of non-object /var/www/html/liweilincm/Weixin/Home/Controller/WechatController.class.php 第 89 行.
INFO: [ app_end ] --START--
INFO: Run Behavior\ShowPageTraceBehavior [ RunTime:0.000028s ]
INFO: [ app_end ] --END-- [ RunTime:0.000049s ]

[ 2017-03-23T08:13:29+08:00 ] 47.90.92.26 /
INFO: [ app_init ] --START--
INFO: Run Behavior\BuildLiteBehavior [ RunTime:0.000015s ]
INFO: [ app_init ] --END-- [ RunTime:0.000087s ]
INFO: [ app_begin ] --START--
INFO: Run Behavior\ReadHtmlCacheBehavior [ RunTime:0.000055s ]
INFO: [ app_begin ] --END-- [ RunTime:0.000091s ]
NOTIC: [8] Undefined index: echostr /var/www/html/liweilincm/Weixin/Home/Controller/WechatController.class.php 第 10 行.
NOTIC: [8] Undefined index: signature /var/www/html/liweilincm/Weixin/Home/Controller/WechatController.class.php 第 25 行.
NOTIC: [8] Undefined index: timestamp /var/www/html/liweilincm/Weixin/Home/Controller/WechatController.class.php 第 26 行.
NOTIC: [8] Undefined index: nonce /var/www/html/liweilincm/Weixin/Home/Controller/WechatController.class.php 第 27 行.
NOTIC: [8] Undefined index: HTTP_RAW_POST_DATA /var/www/html/liweilincm/Weixin/Home/Controller/WechatController.class.php 第 47 行.
NOTIC: [8] Trying to get property of non-object /var/www/html/liweilincm/Weixin/Home/Controller/WechatController.class.php 第 57 行.
NOTIC: [8] Trying to get property of non-object /var/www/html/liweilincm/Weixin/Home/Controller/WechatController.class.php 第 59 行.
NOTIC: [8] Trying to get property of non-object /var/www/html/liweilincm/Weixin/Home/Controller/WechatController.class.php 第 62 行.
NOTIC: [8] Trying to get property of non-object /var/www/html/liweilincm/Weixin/Home/Controller/WechatController.class.php 第 89 行.
INFO: [ app_end ] --START--
INFO: Run Behavior\ShowPageTraceBehavior [ RunTime:0.000027s ]
INFO: [ app_end ] --END-- [ RunTime:0.000049s ]

[ 2017-03-23T08:38:30+08:00 ] 219.147.157.128 /
INFO: [ app_init ] --START--
INFO: Run Behavior\BuildLiteBehavior [ RunTime:0.000013s ]
INFO: [ app_init ] --END-- [ RunTime:0.000076s ]
INFO: [ app_begin ] --START--
INFO: Run Behavior\ReadHtmlCacheBehavior [ RunTime:0.000050s ]
INFO: [ app_begin ] --END-- [ RunTime:0.000091s ]
NOTIC: [8] Undefined index: echostr /var/www/html/liweilincm/Weixin/Home/Controller/WechatController.class.php 第 10 行.
NOTIC: [8] Undefined index: signature /var/www/html/liweilincm/Weixin/Home/Controller/WechatController.class.php 第 25 行.
NOTIC: [8] Undefined index: timestamp /var/www/html/liweilincm/Weixin/Home/Controller/WechatController.class.php 第 26 行.
NOTIC: [8] Undefined index: nonce /var/www/html/liweilincm/Weixin/Home/Controller/WechatController.class.php 第 27 行.
NOTIC: [8] Undefined index: HTTP_RAW_POST_DATA /var/www/html/liweilincm/Weixin/Home/Controller/WechatController.class.php 第 47 行.
NOTIC: [8] Trying to get property of non-object /var/www/html/liweilincm/Weixin/Home/Controller/WechatController.class.php 第 57 行.
NOTIC: [8] Trying to get property of non-object /var/www/html/liweilincm/Weixin/Home/Controller/WechatController.class.php 第 59 行.
NOTIC: [8] Trying to get property of non-object /var/www/html/liweilincm/Weixin/Home/Controller/WechatController.class.php 第 62 行.
NOTIC: [8] Trying to get property of non-object /var/www/html/liweilincm/Weixin/Home/Controller/WechatController.class.php 第 89 行.
INFO: [ app_end ] --START--
INFO: Run Behavior\ShowPageTraceBehavior [ RunTime:0.000028s ]
INFO: [ app_end ] --END-- [ RunTime:0.000050s ]

[ 2017-03-23T09:07:17+08:00 ] 196.52.43.52 /
INFO: [ app_init ] --START--
INFO: Run Behavior\BuildLiteBehavior [ RunTime:0.000011s ]
INFO: [ app_init ] --END-- [ RunTime:0.000075s ]
INFO: [ app_begin ] --START--
INFO: Run Behavior\ReadHtmlCacheBehavior [ RunTime:0.000030s ]
INFO: [ app_begin ] --END-- [ RunTime:0.000054s ]
NOTIC: [8] Undefined index: echostr /var/www/html/liweilincm/Weixin/Home/Controller/WechatController.class.php 第 10 行.
NOTIC: [8] Undefined index: signature /var/www/html/liweilincm/Weixin/Home/Controller/WechatController.class.php 第 25 行.
NOTIC: [8] Undefined index: timestamp /var/www/html/liweilincm/Weixin/Home/Controller/WechatController.class.php 第 26 行.
NOTIC: [8] Undefined index: nonce /var/www/html/liweilincm/Weixin/Home/Controller/WechatController.class.php 第 27 行.
NOTIC: [8] Undefined index: HTTP_RAW_POST_DATA /var/www/html/liweilincm/Weixin/Home/Controller/WechatController.class.php 第 47 行.
NOTIC: [8] Trying to get property of non-object /var/www/html/liweilincm/Weixin/Home/Controller/WechatController.class.php 第 57 行.
NOTIC: [8] Trying to get property of non-object /var/www/html/liweilincm/Weixin/Home/Controller/WechatController.class.php 第 59 行.
NOTIC: [8] Trying to get property of non-object /var/www/html/liweilincm/Weixin/Home/Controller/WechatController.class.php 第 62 行.
NOTIC: [8] Trying to get property of non-object /var/www/html/liweilincm/Weixin/Home/Controller/WechatController.class.php 第 89 行.
INFO: [ app_end ] --START--
INFO: Run Behavior\ShowPageTraceBehavior [ RunTime:0.000030s ]
INFO: [ app_end ] --END-- [ RunTime:0.000053s ]

[ 2017-03-23T09:20:25+08:00 ] 202.148.28.226 /
INFO: [ app_init ] --START--
INFO: Run Behavior\BuildLiteBehavior [ RunTime:0.000011s ]
INFO: [ app_init ] --END-- [ RunTime:0.000075s ]
INFO: [ app_begin ] --START--
INFO: Run Behavior\ReadHtmlCacheBehavior [ RunTime:0.000030s ]
INFO: [ app_begin ] --END-- [ RunTime:0.000054s ]
NOTIC: [8] Undefined index: echostr /var/www/html/liweilincm/Weixin/Home/Controller/WechatController.class.php 第 10 行.
NOTIC: [8] Undefined index: signature /var/www/html/liweilincm/Weixin/Home/Controller/WechatController.class.php 第 25 行.
NOTIC: [8] Undefined index: timestamp /var/www/html/liweilincm/Weixin/Home/Controller/WechatController.class.php 第 26 行.
NOTIC: [8] Undefined index: nonce /var/www/html/liweilincm/Weixin/Home/Controller/WechatController.class.php 第 27 行.
NOTIC: [8] Undefined index: HTTP_RAW_POST_DATA /var/www/html/liweilincm/Weixin/Home/Controller/WechatController.class.php 第 47 行.
NOTIC: [8] Trying to get property of non-object /var/www/html/liweilincm/Weixin/Home/Controller/WechatController.class.php 第 57 行.
NOTIC: [8] Trying to get property of non-object /var/www/html/liweilincm/Weixin/Home/Controller/WechatController.class.php 第 59 行.
NOTIC: [8] Trying to get property of non-object /var/www/html/liweilincm/Weixin/Home/Controller/WechatController.class.php 第 62 行.
NOTIC: [8] Trying to get property of non-object /var/www/html/liweilincm/Weixin/Home/Controller/WechatController.class.php 第 89 行.
INFO: [ app_end ] --START--
INFO: Run Behavior\ShowPageTraceBehavior [ RunTime:0.000031s ]
INFO: [ app_end ] --END-- [ RunTime:0.000055s ]

[ 2017-03-23T09:24:07+08:00 ] 179.223.236.183 /
INFO: [ app_init ] --START--
INFO: Run Behavior\BuildLiteBehavior [ RunTime:0.000015s ]
INFO: [ app_init ] --END-- [ RunTime:0.000103s ]
INFO: [ app_begin ] --START--
INFO: Run Behavior\ReadHtmlCacheBehavior [ RunTime:0.000045s ]
INFO: [ app_begin ] --END-- [ RunTime:0.000083s ]
NOTIC: [8] Undefined index: echostr /var/www/html/liweilincm/Weixin/Home/Controller/WechatController.class.php 第 10 行.
NOTIC: [8] Undefined index: signature /var/www/html/liweilincm/Weixin/Home/Controller/WechatController.class.php 第 25 行.
NOTIC: [8] Undefined index: timestamp /var/www/html/liweilincm/Weixin/Home/Controller/WechatController.class.php 第 26 行.
NOTIC: [8] Undefined index: nonce /var/www/html/liweilincm/Weixin/Home/Controller/WechatController.class.php 第 27 行.
NOTIC: [8] Undefined index: HTTP_RAW_POST_DATA /var/www/html/liweilincm/Weixin/Home/Controller/WechatController.class.php 第 47 行.
NOTIC: [8] Trying to get property of non-object /var/www/html/liweilincm/Weixin/Home/Controller/WechatController.class.php 第 57 行.
NOTIC: [8] Trying to get property of non-object /var/www/html/liweilincm/Weixin/Home/Controller/WechatController.class.php 第 59 行.
NOTIC: [8] Trying to get property of non-object /var/www/html/liweilincm/Weixin/Home/Controller/WechatController.class.php 第 62 行.
NOTIC: [8] Trying to get property of non-object /var/www/html/liweilincm/Weixin/Home/Controller/WechatController.class.php 第 89 行.
INFO: [ app_end ] --START--
INFO: Run Behavior\ShowPageTraceBehavior [ RunTime:0.000040s ]
INFO: [ app_end ] --END-- [ RunTime:0.000072s ]

[ 2017-03-23T11:10:33+08:00 ] 110.168.22.30 /
INFO: [ app_init ] --START--
INFO: Run Behavior\BuildLiteBehavior [ RunTime:0.000011s ]
INFO: [ app_init ] --END-- [ RunTime:0.000074s ]
INFO: [ app_begin ] --START--
INFO: Run Behavior\ReadHtmlCacheBehavior [ RunTime:0.000054s ]
INFO: [ app_begin ] --END-- [ RunTime:0.000087s ]
NOTIC: [8] Undefined index: echostr /var/www/html/liweilincm/Weixin/Home/Controller/WechatController.class.php 第 10 行.
NOTIC: [8] Undefined index: signature /var/www/html/liweilincm/Weixin/Home/Controller/WechatController.class.php 第 25 行.
NOTIC: [8] Undefined index: timestamp /var/www/html/liweilincm/Weixin/Home/Controller/WechatController.class.php 第 26 行.
NOTIC: [8] Undefined index: nonce /var/www/html/liweilincm/Weixin/Home/Controller/WechatController.class.php 第 27 行.
NOTIC: [8] Undefined index: HTTP_RAW_POST_DATA /var/www/html/liweilincm/Weixin/Home/Controller/WechatController.class.php 第 47 行.
NOTIC: [8] Trying to get property of non-object /var/www/html/liweilincm/Weixin/Home/Controller/WechatController.class.php 第 57 行.
NOTIC: [8] Trying to get property of non-object /var/www/html/liweilincm/Weixin/Home/Controller/WechatController.class.php 第 59 行.
NOTIC: [8] Trying to get property of non-object /var/www/html/liweilincm/Weixin/Home/Controller/WechatController.class.php 第 62 行.
NOTIC: [8] Trying to get property of non-object /var/www/html/liweilincm/Weixin/Home/Controller/WechatController.class.php 第 89 行.
INFO: [ app_end ] --START--
INFO: Run Behavior\ShowPageTraceBehavior [ RunTime:0.000033s ]
INFO: [ app_end ] --END-- [ RunTime:0.000057s ]

[ 2017-03-23T12:50:23+08:00 ] 113.189.57.214 /
INFO: [ app_init ] --START--
INFO: Run Behavior\BuildLiteBehavior [ RunTime:0.000011s ]
INFO: [ app_init ] --END-- [ RunTime:0.000079s ]
INFO: [ app_begin ] --START--
INFO: Run Behavior\ReadHtmlCacheBehavior [ RunTime:0.000040s ]
INFO: [ app_begin ] --END-- [ RunTime:0.000065s ]
NOTIC: [8] Undefined index: echostr /var/www/html/liweilincm/Weixin/Home/Controller/WechatController.class.php 第 10 行.
NOTIC: [8] Undefined index: signature /var/www/html/liweilincm/Weixin/Home/Controller/WechatController.class.php 第 25 行.
NOTIC: [8] Undefined index: timestamp /var/www/html/liweilincm/Weixin/Home/Controller/WechatController.class.php 第 26 行.
NOTIC: [8] Undefined index: nonce /var/www/html/liweilincm/Weixin/Home/Controller/WechatController.class.php 第 27 行.
NOTIC: [8] Undefined index: HTTP_RAW_POST_DATA /var/www/html/liweilincm/Weixin/Home/Controller/WechatController.class.php 第 47 行.
NOTIC: [8] Trying to get property of non-object /var/www/html/liweilincm/Weixin/Home/Controller/WechatController.class.php 第 57 行.
NOTIC: [8] Trying to get property of non-object /var/www/html/liweilincm/Weixin/Home/Controller/WechatController.class.php 第 59 行.
NOTIC: [8] Trying to get property of non-object /var/www/html/liweilincm/Weixin/Home/Controller/WechatController.class.php 第 62 行.
NOTIC: [8] Trying to get property of non-object /var/www/html/liweilincm/Weixin/Home/Controller/WechatController.class.php 第 89 行.
INFO: [ app_end ] --START--
INFO: Run Behavior\ShowPageTraceBehavior [ RunTime:0.000028s ]
INFO: [ app_end ] --END-- [ RunTime:0.000049s ]

[ 2017-03-23T16:48:15+08:00 ] 31.151.102.118 /
INFO: [ app_init ] --START--
INFO: Run Behavior\BuildLiteBehavior [ RunTime:0.000014s ]
INFO: [ app_init ] --END-- [ RunTime:0.000097s ]
INFO: [ app_begin ] --START--
INFO: Run Behavior\ReadHtmlCacheBehavior [ RunTime:0.000035s ]
INFO: [ app_begin ] --END-- [ RunTime:0.000071s ]
NOTIC: [8] Undefined index: echostr /var/www/html/liweilincm/Weixin/Home/Controller/WechatController.class.php 第 10 行.
NOTIC: [8] Undefined index: signature /var/www/html/liweilincm/Weixin/Home/Controller/WechatController.class.php 第 25 行.
NOTIC: [8] Undefined index: timestamp /var/www/html/liweilincm/Weixin/Home/Controller/WechatController.class.php 第 26 行.
NOTIC: [8] Undefined index: nonce /var/www/html/liweilincm/Weixin/Home/Controller/WechatController.class.php 第 27 行.
NOTIC: [8] Undefined index: HTTP_RAW_POST_DATA /var/www/html/liweilincm/Weixin/Home/Controller/WechatController.class.php 第 47 行.
NOTIC: [8] Trying to get property of non-object /var/www/html/liweilincm/Weixin/Home/Controller/WechatController.class.php 第 57 行.
NOTIC: [8] Trying to get property of non-object /var/www/html/liweilincm/Weixin/Home/Controller/WechatController.class.php 第 59 行.
NOTIC: [8] Trying to get property of non-object /var/www/html/liweilincm/Weixin/Home/Controller/WechatController.class.php 第 62 行.
NOTIC: [8] Trying to get property of non-object /var/www/html/liweilincm/Weixin/Home/Controller/WechatController.class.php 第 89 行.
INFO: [ app_end ] --START--
INFO: Run Behavior\ShowPageTraceBehavior [ RunTime:0.000039s ]
INFO: [ app_end ] --END-- [ RunTime:0.000073s ]

[ 2017-03-23T16:48:22+08:00 ] 31.151.102.118 /
INFO: [ app_init ] --START--
INFO: Run Behavior\BuildLiteBehavior [ RunTime:0.000011s ]
INFO: [ app_init ] --END-- [ RunTime:0.000075s ]
INFO: [ app_begin ] --START--
INFO: Run Behavior\ReadHtmlCacheBehavior [ RunTime:0.000030s ]
INFO: [ app_begin ] --END-- [ RunTime:0.000053s ]
NOTIC: [8] Undefined index: echostr /var/www/html/liweilincm/Weixin/Home/Controller/WechatController.class.php 第 10 行.
NOTIC: [8] Undefined index: signature /var/www/html/liweilincm/Weixin/Home/Controller/WechatController.class.php 第 25 行.
NOTIC: [8] Undefined index: timestamp /var/www/html/liweilincm/Weixin/Home/Controller/WechatController.class.php 第 26 行.
NOTIC: [8] Undefined index: nonce /var/www/html/liweilincm/Weixin/Home/Controller/WechatController.class.php 第 27 行.
NOTIC: [8] Undefined index: HTTP_RAW_POST_DATA /var/www/html/liweilincm/Weixin/Home/Controller/WechatController.class.php 第 47 行.
NOTIC: [8] Trying to get property of non-object /var/www/html/liweilincm/Weixin/Home/Controller/WechatController.class.php 第 57 行.
NOTIC: [8] Trying to get property of non-object /var/www/html/liweilincm/Weixin/Home/Controller/WechatController.class.php 第 59 行.
NOTIC: [8] Trying to get property of non-object /var/www/html/liweilincm/Weixin/Home/Controller/WechatController.class.php 第 62 行.
NOTIC: [8] Trying to get property of non-object /var/www/html/liweilincm/Weixin/Home/Controller/WechatController.class.php 第 89 行.
INFO: [ app_end ] --START--
INFO: Run Behavior\ShowPageTraceBehavior [ RunTime:0.000029s ]
INFO: [ app_end ] --END-- [ RunTime:0.000051s ]

[ 2017-03-23T16:48:34+08:00 ] 31.151.102.118 /
INFO: [ app_init ] --START--
INFO: Run Behavior\BuildLiteBehavior [ RunTime:0.000012s ]
INFO: [ app_init ] --END-- [ RunTime:0.000074s ]
INFO: [ app_begin ] --START--
INFO: Run Behavior\ReadHtmlCacheBehavior [ RunTime:0.000031s ]
INFO: [ app_begin ] --END-- [ RunTime:0.000054s ]
NOTIC: [8] Undefined index: echostr /var/www/html/liweilincm/Weixin/Home/Controller/WechatController.class.php 第 10 行.
NOTIC: [8] Undefined index: signature /var/www/html/liweilincm/Weixin/Home/Controller/WechatController.class.php 第 25 行.
NOTIC: [8] Undefined index: timestamp /var/www/html/liweilincm/Weixin/Home/Controller/WechatController.class.php 第 26 行.
NOTIC: [8] Undefined index: nonce /var/www/html/liweilincm/Weixin/Home/Controller/WechatController.class.php 第 27 行.
NOTIC: [8] Undefined index: HTTP_RAW_POST_DATA /var/www/html/liweilincm/Weixin/Home/Controller/WechatController.class.php 第 47 行.
NOTIC: [8] Trying to get property of non-object /var/www/html/liweilincm/Weixin/Home/Controller/WechatController.class.php 第 57 行.
NOTIC: [8] Trying to get property of non-object /var/www/html/liweilincm/Weixin/Home/Controller/WechatController.class.php 第 59 行.
NOTIC: [8] Trying to get property of non-object /var/www/html/liweilincm/Weixin/Home/Controller/WechatController.class.php 第 62 行.
NOTIC: [8] Trying to get property of non-object /var/www/html/liweilincm/Weixin/Home/Controller/WechatController.class.php 第 89 行.
INFO: [ app_end ] --START--
INFO: Run Behavior\ShowPageTraceBehavior [ RunTime:0.000027s ]
INFO: [ app_end ] --END-- [ RunTime:0.000050s ]

[ 2017-03-23T17:09:57+08:00 ] 140.205.201.42 /
INFO: [ app_init ] --START--
INFO: Run Behavior\BuildLiteBehavior [ RunTime:0.000011s ]
INFO: [ app_init ] --END-- [ RunTime:0.000077s ]
INFO: [ app_begin ] --START--
INFO: Run Behavior\ReadHtmlCacheBehavior [ RunTime:0.000030s ]
INFO: [ app_begin ] --END-- [ RunTime:0.000053s ]
NOTIC: [8] Undefined index: echostr /var/www/html/liweilincm/Weixin/Home/Controller/WechatController.class.php 第 10 行.
NOTIC: [8] Undefined index: signature /var/www/html/liweilincm/Weixin/Home/Controller/WechatController.class.php 第 25 行.
NOTIC: [8] Undefined index: timestamp /var/www/html/liweilincm/Weixin/Home/Controller/WechatController.class.php 第 26 行.
NOTIC: [8] Undefined index: nonce /var/www/html/liweilincm/Weixin/Home/Controller/WechatController.class.php 第 27 行.
NOTIC: [8] Undefined index: HTTP_RAW_POST_DATA /var/www/html/liweilincm/Weixin/Home/Controller/WechatController.class.php 第 47 行.
NOTIC: [8] Trying to get property of non-object /var/www/html/liweilincm/Weixin/Home/Controller/WechatController.class.php 第 57 行.
NOTIC: [8] Trying to get property of non-object /var/www/html/liweilincm/Weixin/Home/Controller/WechatController.class.php 第 59 行.
NOTIC: [8] Trying to get property of non-object /var/www/html/liweilincm/Weixin/Home/Controller/WechatController.class.php 第 62 行.
NOTIC: [8] Trying to get property of non-object /var/www/html/liweilincm/Weixin/Home/Controller/WechatController.class.php 第 89 行.
INFO: [ app_end ] --START--
INFO: Run Behavior\ShowPageTraceBehavior [ RunTime:0.000038s ]
INFO: [ app_end ] --END-- [ RunTime:0.000069s ]

[ 2017-03-23T17:16:48+08:00 ] 140.205.201.42 /
INFO: [ app_init ] --START--
INFO: Run Behavior\BuildLiteBehavior [ RunTime:0.000011s ]
INFO: [ app_init ] --END-- [ RunTime:0.000103s ]
INFO: [ app_begin ] --START--
INFO: Run Behavior\ReadHtmlCacheBehavior [ RunTime:0.000045s ]
INFO: [ app_begin ] --END-- [ RunTime:0.000083s ]
NOTIC: [8] Undefined index: echostr /var/www/html/liweilincm/Weixin/Home/Controller/WechatController.class.php 第 10 行.
NOTIC: [8] Undefined index: signature /var/www/html/liweilincm/Weixin/Home/Controller/WechatController.class.php 第 25 行.
NOTIC: [8] Undefined index: timestamp /var/www/html/liweilincm/Weixin/Home/Controller/WechatController.class.php 第 26 行.
NOTIC: [8] Undefined index: nonce /var/www/html/liweilincm/Weixin/Home/Controller/WechatController.class.php 第 27 行.
NOTIC: [8] Undefined index: HTTP_RAW_POST_DATA /var/www/html/liweilincm/Weixin/Home/Controller/WechatController.class.php 第 47 行.
NOTIC: [8] Trying to get property of non-object /var/www/html/liweilincm/Weixin/Home/Controller/WechatController.class.php 第 57 行.
NOTIC: [8] Trying to get property of non-object /var/www/html/liweilincm/Weixin/Home/Controller/WechatController.class.php 第 59 行.
NOTIC: [8] Trying to get property of non-object /var/www/html/liweilincm/Weixin/Home/Controller/WechatController.class.php 第 62 行.
NOTIC: [8] Trying to get property of non-object /var/www/html/liweilincm/Weixin/Home/Controller/WechatController.class.php 第 89 行.
INFO: [ app_end ] --START--
INFO: Run Behavior\ShowPageTraceBehavior [ RunTime:0.000034s ]
INFO: [ app_end ] --END-- [ RunTime:0.000065s ]

[ 2017-03-23T17:23:40+08:00 ] 23.251.55.159 www.alipay.com:443
INFO: [ app_init ] --START--
INFO: Run Behavior\BuildLiteBehavior [ RunTime:0.000015s ]
INFO: [ app_init ] --END-- [ RunTime:0.000119s ]
INFO: [ app_begin ] --START--
INFO: Run Behavior\ReadHtmlCacheBehavior [ RunTime:0.000029s ]
INFO: [ app_begin ] --END-- [ RunTime:0.000056s ]
NOTIC: [8] Undefined index: echostr /var/www/html/liweilincm/Weixin/Home/Controller/WechatController.class.php 第 10 行.
NOTIC: [8] Undefined index: signature /var/www/html/liweilincm/Weixin/Home/Controller/WechatController.class.php 第 25 行.
NOTIC: [8] Undefined index: timestamp /var/www/html/liweilincm/Weixin/Home/Controller/WechatController.class.php 第 26 行.
NOTIC: [8] Undefined index: nonce /var/www/html/liweilincm/Weixin/Home/Controller/WechatController.class.php 第 27 行.
NOTIC: [8] Undefined index: HTTP_RAW_POST_DATA /var/www/html/liweilincm/Weixin/Home/Controller/WechatController.class.php 第 47 行.
NOTIC: [8] Trying to get property of non-object /var/www/html/liweilincm/Weixin/Home/Controller/WechatController.class.php 第 57 行.
NOTIC: [8] Trying to get property of non-object /var/www/html/liweilincm/Weixin/Home/Controller/WechatController.class.php 第 59 行.
NOTIC: [8] Trying to get property of non-object /var/www/html/liweilincm/Weixin/Home/Controller/WechatController.class.php 第 62 行.
NOTIC: [8] Trying to get property of non-object /var/www/html/liweilincm/Weixin/Home/Controller/WechatController.class.php 第 89 行.
INFO: [ app_end ] --START--
INFO: Run Behavior\ShowPageTraceBehavior [ RunTime:0.000028s ]
INFO: [ app_end ] --END-- [ RunTime:0.000051s ]

[ 2017-03-23T17:30:44+08:00 ] 140.205.201.42 /
INFO: [ app_init ] --START--
INFO: Run Behavior\BuildLiteBehavior [ RunTime:0.000011s ]
INFO: [ app_init ] --END-- [ RunTime:0.000073s ]
INFO: [ app_begin ] --START--
INFO: Run Behavior\ReadHtmlCacheBehavior [ RunTime:0.000035s ]
INFO: [ app_begin ] --END-- [ RunTime:0.000066s ]
NOTIC: [8] Undefined index: echostr /var/www/html/liweilincm/Weixin/Home/Controller/WechatController.class.php 第 10 行.
NOTIC: [8] Undefined index: signature /var/www/html/liweilincm/Weixin/Home/Controller/WechatController.class.php 第 25 行.
NOTIC: [8] Undefined index: timestamp /var/www/html/liweilincm/Weixin/Home/Controller/WechatController.class.php 第 26 行.
NOTIC: [8] Undefined index: nonce /var/www/html/liweilincm/Weixin/Home/Controller/WechatController.class.php 第 27 行.
NOTIC: [8] Undefined index: HTTP_RAW_POST_DATA /var/www/html/liweilincm/Weixin/Home/Controller/WechatController.class.php 第 47 行.
NOTIC: [8] Trying to get property of non-object /var/www/html/liweilincm/Weixin/Home/Controller/WechatController.class.php 第 57 行.
NOTIC: [8] Trying to get property of non-object /var/www/html/liweilincm/Weixin/Home/Controller/WechatController.class.php 第 59 行.
NOTIC: [8] Trying to get property of non-object /var/www/html/liweilincm/Weixin/Home/Controller/WechatController.class.php 第 62 行.
NOTIC: [8] Trying to get property of non-object /var/www/html/liweilincm/Weixin/Home/Controller/WechatController.class.php 第 89 行.
INFO: [ app_end ] --START--
INFO: Run Behavior\ShowPageTraceBehavior [ RunTime:0.000029s ]
INFO: [ app_end ] --END-- [ RunTime:0.000052s ]

[ 2017-03-23T17:34:34+08:00 ] 140.205.201.42 /
INFO: [ app_init ] --START--
INFO: Run Behavior\BuildLiteBehavior [ RunTime:0.000011s ]
INFO: [ app_init ] --END-- [ RunTime:0.000074s ]
INFO: [ app_begin ] --START--
INFO: Run Behavior\ReadHtmlCacheBehavior [ RunTime:0.000029s ]
INFO: [ app_begin ] --END-- [ RunTime:0.000054s ]
NOTIC: [8] Undefined index: echostr /var/www/html/liweilincm/Weixin/Home/Controller/WechatController.class.php 第 10 行.
NOTIC: [8] Undefined index: signature /var/www/html/liweilincm/Weixin/Home/Controller/WechatController.class.php 第 25 行.
NOTIC: [8] Undefined index: timestamp /var/www/html/liweilincm/Weixin/Home/Controller/WechatController.class.php 第 26 行.
NOTIC: [8] Undefined index: nonce /var/www/html/liweilincm/Weixin/Home/Controller/WechatController.class.php 第 27 行.
NOTIC: [8] Undefined index: HTTP_RAW_POST_DATA /var/www/html/liweilincm/Weixin/Home/Controller/WechatController.class.php 第 47 行.
NOTIC: [8] Trying to get property of non-object /var/www/html/liweilincm/Weixin/Home/Controller/WechatController.class.php 第 57 行.
NOTIC: [8] Trying to get property of non-object /var/www/html/liweilincm/Weixin/Home/Controller/WechatController.class.php 第 59 行.
NOTIC: [8] Trying to get property of non-object /var/www/html/liweilincm/Weixin/Home/Controller/WechatController.class.php 第 62 行.
NOTIC: [8] Trying to get property of non-object /var/www/html/liweilincm/Weixin/Home/Controller/WechatController.class.php 第 89 行.
INFO: [ app_end ] --START--
INFO: Run Behavior\ShowPageTraceBehavior [ RunTime:0.000030s ]
INFO: [ app_end ] --END-- [ RunTime:0.000053s ]

[ 2017-03-23T17:40:20+08:00 ] 140.205.201.42 /index.php
INFO: [ app_init ] --START--
INFO: Run Behavior\BuildLiteBehavior [ RunTime:0.000011s ]
INFO: [ app_init ] --END-- [ RunTime:0.000075s ]
INFO: [ app_begin ] --START--
INFO: Run Behavior\ReadHtmlCacheBehavior [ RunTime:0.000029s ]
INFO: [ app_begin ] --END-- [ RunTime:0.000052s ]
NOTIC: [8] Undefined index: echostr /var/www/html/liweilincm/Weixin/Home/Controller/WechatController.class.php 第 10 行.
NOTIC: [8] Undefined index: signature /var/www/html/liweilincm/Weixin/Home/Controller/WechatController.class.php 第 25 行.
NOTIC: [8] Undefined index: timestamp /var/www/html/liweilincm/Weixin/Home/Controller/WechatController.class.php 第 26 行.
NOTIC: [8] Undefined index: nonce /var/www/html/liweilincm/Weixin/Home/Controller/WechatController.class.php 第 27 行.
NOTIC: [8] Undefined index: HTTP_RAW_POST_DATA /var/www/html/liweilincm/Weixin/Home/Controller/WechatController.class.php 第 47 行.
NOTIC: [8] Trying to get property of non-object /var/www/html/liweilincm/Weixin/Home/Controller/WechatController.class.php 第 57 行.
NOTIC: [8] Trying to get property of non-object /var/www/html/liweilincm/Weixin/Home/Controller/WechatController.class.php 第 59 行.
NOTIC: [8] Trying to get property of non-object /var/www/html/liweilincm/Weixin/Home/Controller/WechatController.class.php 第 62 行.
NOTIC: [8] Trying to get property of non-object /var/www/html/liweilincm/Weixin/Home/Controller/WechatController.class.php 第 89 行.
INFO: [ app_end ] --START--
INFO: Run Behavior\ShowPageTraceBehavior [ RunTime:0.000031s ]
INFO: [ app_end ] --END-- [ RunTime:0.000053s ]

[ 2017-03-23T18:00:12+08:00 ] 140.205.201.42 /
INFO: [ app_init ] --START--
INFO: Run Behavior\BuildLiteBehavior [ RunTime:0.000012s ]
INFO: [ app_init ] --END-- [ RunTime:0.000074s ]
INFO: [ app_begin ] --START--
INFO: Run Behavior\ReadHtmlCacheBehavior [ RunTime:0.000045s ]
INFO: [ app_begin ] --END-- [ RunTime:0.000071s ]
NOTIC: [8] Undefined index: echostr /var/www/html/liweilincm/Weixin/Home/Controller/WechatController.class.php 第 10 行.
NOTIC: [8] Undefined index: signature /var/www/html/liweilincm/Weixin/Home/Controller/WechatController.class.php 第 25 行.
NOTIC: [8] Undefined index: timestamp /var/www/html/liweilincm/Weixin/Home/Controller/WechatController.class.php 第 26 行.
NOTIC: [8] Undefined index: nonce /var/www/html/liweilincm/Weixin/Home/Controller/WechatController.class.php 第 27 行.
NOTIC: [8] Undefined index: HTTP_RAW_POST_DATA /var/www/html/liweilincm/Weixin/Home/Controller/WechatController.class.php 第 47 行.
NOTIC: [8] Trying to get property of non-object /var/www/html/liweilincm/Weixin/Home/Controller/WechatController.class.php 第 57 行.
NOTIC: [8] Trying to get property of non-object /var/www/html/liweilincm/Weixin/Home/Controller/WechatController.class.php 第 59 行.
NOTIC: [8] Trying to get property of non-object /var/www/html/liweilincm/Weixin/Home/Controller/WechatController.class.php 第 62 行.
NOTIC: [8] Trying to get property of non-object /var/www/html/liweilincm/Weixin/Home/Controller/WechatController.class.php 第 89 行.
INFO: [ app_end ] --START--
INFO: Run Behavior\ShowPageTraceBehavior [ RunTime:0.000029s ]
INFO: [ app_end ] --END-- [ RunTime:0.000051s ]

[ 2017-03-23T19:47:32+08:00 ] 140.205.201.42 /
INFO: [ app_init ] --START--
INFO: Run Behavior\BuildLiteBehavior [ RunTime:0.000011s ]
INFO: [ app_init ] --END-- [ RunTime:0.000073s ]
INFO: [ app_begin ] --START--
INFO: Run Behavior\ReadHtmlCacheBehavior [ RunTime:0.000046s ]
INFO: [ app_begin ] --END-- [ RunTime:0.000082s ]
NOTIC: [8] Undefined index: echostr /var/www/html/liweilincm/Weixin/Home/Controller/WechatController.class.php 第 10 行.
NOTIC: [8] Undefined index: signature /var/www/html/liweilincm/Weixin/Home/Controller/WechatController.class.php 第 25 行.
NOTIC: [8] Undefined index: timestamp /var/www/html/liweilincm/Weixin/Home/Controller/WechatController.class.php 第 26 行.
NOTIC: [8] Undefined index: nonce /var/www/html/liweilincm/Weixin/Home/Controller/WechatController.class.php 第 27 行.
NOTIC: [8] Undefined index: HTTP_RAW_POST_DATA /var/www/html/liweilincm/Weixin/Home/Controller/WechatController.class.php 第 47 行.
NOTIC: [8] Trying to get property of non-object /var/www/html/liweilincm/Weixin/Home/Controller/WechatController.class.php 第 57 行.
NOTIC: [8] Trying to get property of non-object /var/www/html/liweilincm/Weixin/Home/Controller/WechatController.class.php 第 59 行.
NOTIC: [8] Trying to get property of non-object /var/www/html/liweilincm/Weixin/Home/Controller/WechatController.class.php 第 62 行.
NOTIC: [8] Trying to get property of non-object /var/www/html/liweilincm/Weixin/Home/Controller/WechatController.class.php 第 89 行.
INFO: [ app_end ] --START--
INFO: Run Behavior\ShowPageTraceBehavior [ RunTime:0.000028s ]
INFO: [ app_end ] --END-- [ RunTime:0.000051s ]

[ 2017-03-23T21:10:59+08:00 ] 184.72.201.17 /
INFO: [ app_init ] --START--
INFO: Run Behavior\BuildLiteBehavior [ RunTime:0.000011s ]
INFO: [ app_init ] --END-- [ RunTime:0.000077s ]
INFO: [ app_begin ] --START--
INFO: Run Behavior\ReadHtmlCacheBehavior [ RunTime:0.000030s ]
INFO: [ app_begin ] --END-- [ RunTime:0.000056s ]
NOTIC: [8] Undefined index: echostr /var/www/html/liweilincm/Weixin/Home/Controller/WechatController.class.php 第 10 行.
NOTIC: [8] Undefined index: signature /var/www/html/liweilincm/Weixin/Home/Controller/WechatController.class.php 第 25 行.
NOTIC: [8] Undefined index: timestamp /var/www/html/liweilincm/Weixin/Home/Controller/WechatController.class.php 第 26 行.
NOTIC: [8] Undefined index: nonce /var/www/html/liweilincm/Weixin/Home/Controller/WechatController.class.php 第 27 行.
NOTIC: [8] Undefined index: HTTP_RAW_POST_DATA /var/www/html/liweilincm/Weixin/Home/Controller/WechatController.class.php 第 47 行.
NOTIC: [8] Trying to get property of non-object /var/www/html/liweilincm/Weixin/Home/Controller/WechatController.class.php 第 57 行.
NOTIC: [8] Trying to get property of non-object /var/www/html/liweilincm/Weixin/Home/Controller/WechatController.class.php 第 59 行.
NOTIC: [8] Trying to get property of non-object /var/www/html/liweilincm/Weixin/Home/Controller/WechatController.class.php 第 62 行.
NOTIC: [8] Trying to get property of non-object /var/www/html/liweilincm/Weixin/Home/Controller/WechatController.class.php 第 89 行.
INFO: [ app_end ] --START--
INFO: Run Behavior\ShowPageTraceBehavior [ RunTime:0.000033s ]
INFO: [ app_end ] --END-- [ RunTime:0.000056s ]

[ 2017-03-23T23:48:06+08:00 ] 64.79.100.34 /
INFO: [ app_init ] --START--
INFO: Run Behavior\BuildLiteBehavior [ RunTime:0.000011s ]
INFO: [ app_init ] --END-- [ RunTime:0.000075s ]
INFO: [ app_begin ] --START--
INFO: Run Behavior\ReadHtmlCacheBehavior [ RunTime:0.000029s ]
INFO: [ app_begin ] --END-- [ RunTime:0.000053s ]
NOTIC: [8] Undefined index: echostr /var/www/html/liweilincm/Weixin/Home/Controller/WechatController.class.php 第 10 行.
NOTIC: [8] Undefined index: signature /var/www/html/liweilincm/Weixin/Home/Controller/WechatController.class.php 第 25 行.
NOTIC: [8] Undefined index: timestamp /var/www/html/liweilincm/Weixin/Home/Controller/WechatController.class.php 第 26 行.
NOTIC: [8] Undefined index: nonce /var/www/html/liweilincm/Weixin/Home/Controller/WechatController.class.php 第 27 行.
NOTIC: [8] Undefined index: HTTP_RAW_POST_DATA /var/www/html/liweilincm/Weixin/Home/Controller/WechatController.class.php 第 47 行.
NOTIC: [8] Trying to get property of non-object /var/www/html/liweilincm/Weixin/Home/Controller/WechatController.class.php 第 57 行.
NOTIC: [8] Trying to get property of non-object /var/www/html/liweilincm/Weixin/Home/Controller/WechatController.class.php 第 59 行.
NOTIC: [8] Trying to get property of non-object /var/www/html/liweilincm/Weixin/Home/Controller/WechatController.class.php 第 62 行.
NOTIC: [8] Trying to get property of non-object /var/www/html/liweilincm/Weixin/Home/Controller/WechatController.class.php 第 89 行.
INFO: [ app_end ] --START--
INFO: Run Behavior\ShowPageTraceBehavior [ RunTime:0.000030s ]
INFO: [ app_end ] --END-- [ RunTime:0.000052s ]

